[2026-05-11T01:06:33+09:00] artifact coverage analysis start
[16:06:37:177612]:[Error]:[Scene] SemanticScene.cpp(139)::loadSemanticSceneDescriptor : SSD Load Failure! File with SemanticAttributes-provided name `/data/scene_datasets/hm3d/train/00006-HkseAnWCgqk/HkseAnWCgqk.basis.scn` exists but failed to load.
[16:06:37:252176]:[Error]:[Scene] SemanticScene.cpp(139)::loadSemanticSceneDescriptor : SSD Load Failure! File with SemanticAttributes-provided name `/data/scene_datasets/hm3d/train/00009-vLpv2VX547B/vLpv2VX547B.basis.scn` exists but failed to load.
[16:06:37:439028]:[Error]:[Scene] SemanticScene.cpp(139)::loadSemanticSceneDescriptor : SSD Load Failure! File with SemanticAttributes-provided name `/data/scene_datasets/hm3d/train/00016-qk9eeNeR4vw/qk9eeNeR4vw.basis.scn` exists but failed to load.
[16:06:37:614227]:[Error]:[Scene] SemanticScene.cpp(139)::loadSemanticSceneDescriptor : SSD Load Failure! File with SemanticAttributes-provided name `/data/scene_datasets/hm3d/train/00017-oEPjPNSPmzL/oEPjPNSPmzL.basis.scn` exists but failed to load.
[16:06:37:664816]:[Error]:[Scene] SemanticScene.cpp(139)::loadSemanticSceneDescriptor : SSD Load Failure! File with SemanticAttributes-provided name `/data/scene_datasets/hm3d/train/00020-XYyR54sxe6b/XYyR54sxe6b.basis.scn` exists but failed to load.
{
  "by_scene": {
    "HkseAnWCgqk": {
      "candidate_count_mean": 10.0,
      "episodes": 10,
      "reachable_correct_and_wrong_rate": 0.0,
      "top_candidate_reachable_rate": 0.4
    },
    "XYyR54sxe6b": {
      "candidate_count_mean": 10.0,
      "episodes": 10,
      "reachable_correct_and_wrong_rate": 0.6,
      "top_candidate_reachable_rate": 1.0
    },
    "oEPjPNSPmzL": {
      "candidate_count_mean": 10.0,
      "episodes": 10,
      "reachable_correct_and_wrong_rate": 0.8,
      "top_candidate_reachable_rate": 0.8
    },
    "qk9eeNeR4vw": {
      "candidate_count_mean": 10.0,
      "episodes": 10,
      "reachable_correct_and_wrong_rate": 0.2,
      "top_candidate_reachable_rate": 0.4
    },
    "vLpv2VX547B": {
      "candidate_count_mean": 10.0,
      "episodes": 10,
      "reachable_correct_and_wrong_rate": 0.8,
      "top_candidate_reachable_rate": 0.7
    }
  },
  "candidate_artifact": "/runs/h001_calibration_artifacts_random256_k10_v1/all_scenes_aligned.jsonl",
  "candidate_backend": "artifact_jsonl",
  "candidate_backend_uses_gt_for_action": false,
  "candidate_count_per_episode": {
    "max": 10,
    "mean": 10.0,
    "min": 10
  },
  "candidate_label_coverage": 1.0,
  "candidate_reachable_rate": 0.638,
  "candidate_rows": 500,
  "checks": {
    "all_episodes_have_candidates": true,
    "backend_uses_gt_for_action": false,
    "candidate_label_coverage_pass": true,
    "no_reobserve_wrong_goal_pass": true,
    "overall_pass": false,
    "reachable_correct_and_wrong_pass": false
  },
  "episodes": 50,
  "episodes_with_correct_candidate_rate": 0.76,
  "episodes_with_reachable_correct_and_wrong_rate": 0.48,
  "episodes_with_reachable_correct_rate": 0.54,
  "episodes_with_reachable_wrong_rate": 0.86,
  "episodes_with_wrong_candidate_rate": 0.96,
  "manifest": "/workspace/hypothesis/CAND-01/H001_uncertainty-reobservation/manifests/h001_splits_v1.json",
  "manifest_split": "calibration",
  "no_reobserve_summary": {
    "episodes": 50,
    "mean_num_reobservations": 0.0,
    "mean_spl": 0.1652920710748411,
    "mean_wasted_path_reobserve": 0.0,
    "mean_wasted_path_total": 7.530101290572196,
    "mean_wasted_path_wrong_goal": 3.8337332916259768,
    "success_rate": 0.28,
    "wrong_goal_visit_rate": 0.36
  },
  "query_counts": {
    "bed": 8,
    "chair": 9,
    "plant": 8,
    "sofa": 11,
    "toilet": 7,
    "tv_monitor": 7
  },
  "schema_version": "h001.artifact_coverage.v1",
  "summary": "/runs/h001_calibration_policy_random256_k10_v1/coverage_sanity/summary.json",
  "top_candidate_correct_rate": 0.42,
  "top_candidate_reachable_rate": 0.66
}
[2026-05-11T01:06:39+09:00] artifact coverage exit status: 1
