[2026-05-11T01:07:04+09:00] diagnostic policy comparison start
decision=borderline diagnostic; not paper-facing evidence
[16:07:07:917744]:[Error]:[Scene] SemanticScene.cpp(139)::loadSemanticSceneDescriptor : SSD Load Failure! File with SemanticAttributes-provided name `/data/scene_datasets/hm3d/train/00006-HkseAnWCgqk/HkseAnWCgqk.basis.scn` exists but failed to load.
[16:07:08:008427]:[Error]:[Scene] SemanticScene.cpp(139)::loadSemanticSceneDescriptor : SSD Load Failure! File with SemanticAttributes-provided name `/data/scene_datasets/hm3d/train/00009-vLpv2VX547B/vLpv2VX547B.basis.scn` exists but failed to load.
[16:07:08:156598]:[Error]:[Scene] SemanticScene.cpp(139)::loadSemanticSceneDescriptor : SSD Load Failure! File with SemanticAttributes-provided name `/data/scene_datasets/hm3d/train/00016-qk9eeNeR4vw/qk9eeNeR4vw.basis.scn` exists but failed to load.
[16:07:08:251670]:[Error]:[Scene] SemanticScene.cpp(139)::loadSemanticSceneDescriptor : SSD Load Failure! File with SemanticAttributes-provided name `/data/scene_datasets/hm3d/train/00017-oEPjPNSPmzL/oEPjPNSPmzL.basis.scn` exists but failed to load.
[16:07:08:289790]:[Error]:[Scene] SemanticScene.cpp(139)::loadSemanticSceneDescriptor : SSD Load Failure! File with SemanticAttributes-provided name `/data/scene_datasets/hm3d/train/00020-XYyR54sxe6b/XYyR54sxe6b.basis.scn` exists but failed to load.
{
  "aggregate": {
    "GTTargetOracle": {
      "episodes": 50,
      "mean_num_reobservations": 0.0,
      "mean_spl": 1.0,
      "mean_wasted_path_reobserve": 0.0,
      "mean_wasted_path_total": 0.0,
      "mean_wasted_path_wrong_goal": 0.0,
      "success_rate": 1.0,
      "wrong_goal_visit_rate": 0.0
    },
    "NoReobserve": {
      "episodes": 50,
      "mean_num_reobservations": 0.0,
      "mean_spl": 0.1652920710748411,
      "mean_wasted_path_reobserve": 0.0,
      "mean_wasted_path_total": 7.530101290572196,
      "mean_wasted_path_wrong_goal": 3.8337332916259768,
      "success_rate": 0.28,
      "wrong_goal_visit_rate": 0.36
    },
    "RandomReobserve": {
      "episodes": 50,
      "mean_num_reobservations": 1.0,
      "mean_spl": 0.0799313497956227,
      "mean_wasted_path_reobserve": 6.4150178074836735,
      "mean_wasted_path_total": 15.279967241503808,
      "mean_wasted_path_wrong_goal": 3.259637134075165,
      "success_rate": 0.26,
      "wrong_goal_visit_rate": 0.36
    },
    "SemanticOnly": {
      "episodes": 50,
      "mean_num_reobservations": 0.8,
      "mean_spl": 0.18169653324818813,
      "mean_wasted_path_reobserve": 0.0,
      "mean_wasted_path_total": 6.68771009904589,
      "mean_wasted_path_wrong_goal": 4.444751715660095,
      "success_rate": 0.3,
      "wrong_goal_visit_rate": 0.5
    }
  },
  "candidate_artifact": "/runs/h001_calibration_artifacts_random256_k10_v1/all_scenes_aligned.jsonl",
  "candidate_backend": "artifact_jsonl",
  "candidate_backend_uses_gt_for_action": false,
  "candidate_decision_rows": 1600,
  "dataset": "hm3d_objectnav_v2",
  "episode_rows": 200,
  "episodes_loaded": 50,
  "episodes_requested": 50,
  "loaded_datasets": [
    "hm3d_objectnav_v2"
  ],
  "loaded_manifest_splits": [
    "calibration"
  ],
  "loaded_source_splits": [
    "train"
  ],
  "manifest": "/workspace/hypothesis/CAND-01/H001_uncertainty-reobservation/manifests/h001_splits_v1.json",
  "manifest_split": "calibration",
  "notes": [
    "diagnostic GT-assisted backend is for smoke only; artifact_jsonl is the non-GT adapter boundary",
    "not a paper result",
    "used to validate log schema, GT references, and baseline comparability"
  ],
  "policies": [
    "GTTargetOracle",
    "NoReobserve",
    "RandomReobserve",
    "SemanticOnly"
  ],
  "requested_dataset": "hm3d_objectnav_v2",
  "requested_split": "val",
  "run_id": "h001_calibration_random256_k10_policy_comparison_diagnostic_20260511",
  "schema_version": "h001.navlog.v1",
  "semantic_reobs_view_bonus": 1,
  "semantic_tie_band": 0.01,
  "semantic_uncertainty_trigger": 0.6,
  "split": "train",
  "viewpoint_decision_rows": 90
}
[2026-05-11T01:07:08+09:00] diagnostic policy comparison exit status: 0
