[2026-05-10T14:30:58+09:00] artifact coverage analysis start
workdir=/home/yoohyun/research3
log=hypothesis/CAND-01/H001_uncertainty-reobservation/runtime/logs/calibration-random256-artifact-coverage-20260510-143058.log
[05:31:02:280449]:[Error]:[Scene] SemanticScene.cpp(139)::loadSemanticSceneDescriptor : SSD Load Failure! File with SemanticAttributes-provided name `/data/scene_datasets/hm3d/train/00006-HkseAnWCgqk/HkseAnWCgqk.basis.scn` exists but failed to load.
[05:31:02:397988]:[Error]:[Scene] SemanticScene.cpp(139)::loadSemanticSceneDescriptor : SSD Load Failure! File with SemanticAttributes-provided name `/data/scene_datasets/hm3d/train/00009-vLpv2VX547B/vLpv2VX547B.basis.scn` exists but failed to load.
[05:31:02:704194]:[Error]:[Scene] SemanticScene.cpp(139)::loadSemanticSceneDescriptor : SSD Load Failure! File with SemanticAttributes-provided name `/data/scene_datasets/hm3d/train/00016-qk9eeNeR4vw/qk9eeNeR4vw.basis.scn` exists but failed to load.
[05:31:02:850588]:[Error]:[Scene] SemanticScene.cpp(139)::loadSemanticSceneDescriptor : SSD Load Failure! File with SemanticAttributes-provided name `/data/scene_datasets/hm3d/train/00017-oEPjPNSPmzL/oEPjPNSPmzL.basis.scn` exists but failed to load.
[05:31:02:887857]:[Error]:[Scene] SemanticScene.cpp(139)::loadSemanticSceneDescriptor : SSD Load Failure! File with SemanticAttributes-provided name `/data/scene_datasets/hm3d/train/00020-XYyR54sxe6b/XYyR54sxe6b.basis.scn` exists but failed to load.
{
  "by_scene": {
    "HkseAnWCgqk": {
      "candidate_count_mean": 5.0,
      "episodes": 10,
      "reachable_correct_and_wrong_rate": 0.0,
      "top_candidate_reachable_rate": 0.3
    },
    "XYyR54sxe6b": {
      "candidate_count_mean": 5.0,
      "episodes": 10,
      "reachable_correct_and_wrong_rate": 0.5,
      "top_candidate_reachable_rate": 1.0
    },
    "oEPjPNSPmzL": {
      "candidate_count_mean": 5.0,
      "episodes": 10,
      "reachable_correct_and_wrong_rate": 0.6,
      "top_candidate_reachable_rate": 0.6
    },
    "qk9eeNeR4vw": {
      "candidate_count_mean": 5.0,
      "episodes": 10,
      "reachable_correct_and_wrong_rate": 0.0,
      "top_candidate_reachable_rate": 0.6
    },
    "vLpv2VX547B": {
      "candidate_count_mean": 5.0,
      "episodes": 10,
      "reachable_correct_and_wrong_rate": 0.2,
      "top_candidate_reachable_rate": 0.7
    }
  },
  "candidate_artifact": "/runs/h001_calibration_artifacts_random256_v1/all_scenes_aligned.jsonl",
  "candidate_backend": "artifact_jsonl",
  "candidate_backend_uses_gt_for_action": false,
  "candidate_count_per_episode": {
    "max": 5,
    "mean": 5.0,
    "min": 5
  },
  "candidate_label_coverage": 1.0,
  "candidate_reachable_rate": 0.656,
  "candidate_rows": 250,
  "checks": {
    "all_episodes_have_candidates": true,
    "backend_uses_gt_for_action": false,
    "candidate_label_coverage_pass": true,
    "no_reobserve_wrong_goal_pass": true,
    "overall_pass": false,
    "reachable_correct_and_wrong_pass": false
  },
  "episodes": 50,
  "episodes_with_correct_candidate_rate": 0.7,
  "episodes_with_reachable_correct_and_wrong_rate": 0.26,
  "episodes_with_reachable_correct_rate": 0.44,
  "episodes_with_reachable_wrong_rate": 0.7,
  "episodes_with_wrong_candidate_rate": 0.82,
  "manifest": "/workspace/hypothesis/CAND-01/H001_uncertainty-reobservation/manifests/h001_splits_v1.json",
  "manifest_split": "calibration",
  "no_reobserve_summary": {
    "episodes": 50,
    "mean_num_reobservations": 0.0,
    "mean_spl": 0.20689296047013936,
    "mean_wasted_path_reobserve": 0.0,
    "mean_wasted_path_total": 6.594844357705116,
    "mean_wasted_path_wrong_goal": 2.739610204696655,
    "success_rate": 0.34,
    "wrong_goal_visit_rate": 0.28
  },
  "query_counts": {
    "bed": 8,
    "chair": 9,
    "plant": 8,
    "sofa": 11,
    "toilet": 7,
    "tv_monitor": 7
  },
  "schema_version": "h001.artifact_coverage.v1",
  "summary": "/runs/h001_calibration_policy_random256_v1/coverage_sanity/summary.json",
  "top_candidate_correct_rate": 0.44,
  "top_candidate_reachable_rate": 0.64
}
[2026-05-10T14:31:03+09:00] artifact coverage analysis exit status: 1
