[05:33:12:310200]:[Error]:[Scene] SemanticScene.cpp(139)::loadSemanticSceneDescriptor : SSD Load Failure! File with SemanticAttributes-provided name `/data/scene_datasets/hm3d/minival/00800-TEEsavR23oF/TEEsavR23oF.basis.scn` exists but failed to load.
{
  "alignment": "/runs/hm3d_vlmaps_export_anchor_smoke_v1/alignment.json",
  "counts": {
    "depth": 32,
    "pose": 32,
    "rgb": 32,
    "semantic": 32
  },
  "manifest": "/runs/hm3d_vlmaps_export_anchor_smoke_v1/trajectory_manifest.json",
  "next_expected_files": [
    "map/grid_lseg_1.npy",
    "map/weight_lseg_1.npy",
    "map/obstacles.npy"
  ],
  "ok": true,
  "out_dir": "/runs/hm3d_vlmaps_export_anchor_smoke_v1",
  "scene_id": "hm3d_v0.2/minival/00800-TEEsavR23oF/TEEsavR23oF.basis.glb",
  "trajectory_id": "TEEsavR23oF_smoke_lowfloor_anchor32",
  "uses_gt_for_action": false
}
