RUN trigger=0.55 band=0.005 out=/runs/h001_semanticpolicy_sensitivity/t0p55_b0p005
[06:32:16:731493]:[Error]:[Scene] SemanticScene.cpp(139)::loadSemanticSceneDescriptor : SSD Load Failure! File with SemanticAttributes-provided name `/data/scene_datasets/hm3d/minival/00800-TEEsavR23oF/TEEsavR23oF.basis.scn` exists but failed to load.
{
  "aggregate": {
    "GTTargetOracle": {
      "episodes": 4,
      "mean_num_reobservations": 0.0,
      "mean_spl": 1.0,
      "mean_wasted_path_reobserve": 0.0,
      "mean_wasted_path_total": 0.0,
      "mean_wasted_path_wrong_goal": 0.0,
      "success_rate": 1.0,
      "wrong_goal_visit_rate": 0.0
    },
    "NoReobserve": {
      "episodes": 4,
      "mean_num_reobservations": 0.0,
      "mean_spl": 0.121159636638759,
      "mean_wasted_path_reobserve": 0.0,
      "mean_wasted_path_total": 11.777769453277589,
      "mean_wasted_path_wrong_goal": 10.791660785675049,
      "success_rate": 0.25,
      "wrong_goal_visit_rate": 0.75
    },
    "RandomReobserve": {
      "episodes": 4,
      "mean_num_reobservations": 1.0,
      "mean_spl": 0.0,
      "mean_wasted_path_reobserve": 5.019574522972107,
      "mean_wasted_path_total": 21.689039707183838,
      "mean_wasted_path_wrong_goal": 11.247205257415771,
      "success_rate": 0.0,
      "wrong_goal_visit_rate": 0.75
    },
    "SemanticOnly": {
      "episodes": 4,
      "mean_num_reobservations": 1.0,
      "mean_spl": 0.16993780305943623,
      "mean_wasted_path_reobserve": 0.0,
      "mean_wasted_path_total": 6.967497972965241,
      "mean_wasted_path_wrong_goal": 4.894428789615631,
      "success_rate": 0.5,
      "wrong_goal_visit_rate": 0.5
    }
  },
  "candidate_artifact": "/runs/h001_anchor_non_gt_smoke/hm3d_vlmaps_aligned.jsonl",
  "candidate_backend": "artifact_jsonl",
  "candidate_backend_uses_gt_for_action": false,
  "candidate_decision_rows": 68,
  "dataset": "hm3d_objectnav_v2",
  "episode_rows": 16,
  "episodes_loaded": 4,
  "episodes_requested": 4,
  "loaded_datasets": [
    "hm3d_objectnav_v2"
  ],
  "loaded_manifest_splits": [
    "smoke"
  ],
  "loaded_source_splits": [
    "val_mini"
  ],
  "manifest": "/workspace/hypothesis/CAND-01/H001_uncertainty-reobservation/manifests/h001_splits_v1.json",
  "manifest_split": "smoke",
  "notes": [
    "diagnostic GT-assisted backend is for smoke only; artifact_jsonl is the non-GT adapter boundary",
    "not a paper result",
    "used to validate log schema, GT references, and baseline comparability"
  ],
  "policies": [
    "GTTargetOracle",
    "NoReobserve",
    "RandomReobserve",
    "SemanticOnly"
  ],
  "requested_dataset": "hm3d_objectnav_v2",
  "requested_split": "val",
  "run_id": "h001_semanticpolicy_t0p55_b0p005_20260508",
  "schema_version": "h001.navlog.v1",
  "semantic_reobs_view_bonus": 1,
  "semantic_tie_band": 0.005,
  "semantic_uncertainty_trigger": 0.55,
  "split": "val_mini",
  "viewpoint_decision_rows": 8
}
RUN trigger=0.55 band=0.01 out=/runs/h001_semanticpolicy_sensitivity/t0p55_b0p01
[06:32:18:508856]:[Error]:[Scene] SemanticScene.cpp(139)::loadSemanticSceneDescriptor : SSD Load Failure! File with SemanticAttributes-provided name `/data/scene_datasets/hm3d/minival/00800-TEEsavR23oF/TEEsavR23oF.basis.scn` exists but failed to load.
{
  "aggregate": {
    "GTTargetOracle": {
      "episodes": 4,
      "mean_num_reobservations": 0.0,
      "mean_spl": 1.0,
      "mean_wasted_path_reobserve": 0.0,
      "mean_wasted_path_total": 0.0,
      "mean_wasted_path_wrong_goal": 0.0,
      "success_rate": 1.0,
      "wrong_goal_visit_rate": 0.0
    },
    "NoReobserve": {
      "episodes": 4,
      "mean_num_reobservations": 0.0,
      "mean_spl": 0.121159636638759,
      "mean_wasted_path_reobserve": 0.0,
      "mean_wasted_path_total": 11.777769453277589,
      "mean_wasted_path_wrong_goal": 10.791660785675049,
      "success_rate": 0.25,
      "wrong_goal_visit_rate": 0.75
    },
    "RandomReobserve": {
      "episodes": 4,
      "mean_num_reobservations": 1.0,
      "mean_spl": 0.0,
      "mean_wasted_path_reobserve": 5.019574522972107,
      "mean_wasted_path_total": 21.689039707183838,
      "mean_wasted_path_wrong_goal": 11.247205257415771,
      "success_rate": 0.0,
      "wrong_goal_visit_rate": 0.75
    },
    "SemanticOnly": {
      "episodes": 4,
      "mean_num_reobservations": 1.0,
      "mean_spl": 0.22998387582031227,
      "mean_wasted_path_reobserve": 0.0,
      "mean_wasted_path_total": 6.222358374118805,
      "mean_wasted_path_wrong_goal": 4.894428789615631,
      "success_rate": 0.5,
      "wrong_goal_visit_rate": 0.5
    }
  },
  "candidate_artifact": "/runs/h001_anchor_non_gt_smoke/hm3d_vlmaps_aligned.jsonl",
  "candidate_backend": "artifact_jsonl",
  "candidate_backend_uses_gt_for_action": false,
  "candidate_decision_rows": 68,
  "dataset": "hm3d_objectnav_v2",
  "episode_rows": 16,
  "episodes_loaded": 4,
  "episodes_requested": 4,
  "loaded_datasets": [
    "hm3d_objectnav_v2"
  ],
  "loaded_manifest_splits": [
    "smoke"
  ],
  "loaded_source_splits": [
    "val_mini"
  ],
  "manifest": "/workspace/hypothesis/CAND-01/H001_uncertainty-reobservation/manifests/h001_splits_v1.json",
  "manifest_split": "smoke",
  "notes": [
    "diagnostic GT-assisted backend is for smoke only; artifact_jsonl is the non-GT adapter boundary",
    "not a paper result",
    "used to validate log schema, GT references, and baseline comparability"
  ],
  "policies": [
    "GTTargetOracle",
    "NoReobserve",
    "RandomReobserve",
    "SemanticOnly"
  ],
  "requested_dataset": "hm3d_objectnav_v2",
  "requested_split": "val",
  "run_id": "h001_semanticpolicy_t0p55_b0p01_20260508",
  "schema_version": "h001.navlog.v1",
  "semantic_reobs_view_bonus": 1,
  "semantic_tie_band": 0.01,
  "semantic_uncertainty_trigger": 0.55,
  "split": "val_mini",
  "viewpoint_decision_rows": 8
}
RUN trigger=0.55 band=0.02 out=/runs/h001_semanticpolicy_sensitivity/t0p55_b0p02
[06:32:20:341918]:[Error]:[Scene] SemanticScene.cpp(139)::loadSemanticSceneDescriptor : SSD Load Failure! File with SemanticAttributes-provided name `/data/scene_datasets/hm3d/minival/00800-TEEsavR23oF/TEEsavR23oF.basis.scn` exists but failed to load.
{
  "aggregate": {
    "GTTargetOracle": {
      "episodes": 4,
      "mean_num_reobservations": 0.0,
      "mean_spl": 1.0,
      "mean_wasted_path_reobserve": 0.0,
      "mean_wasted_path_total": 0.0,
      "mean_wasted_path_wrong_goal": 0.0,
      "success_rate": 1.0,
      "wrong_goal_visit_rate": 0.0
    },
    "NoReobserve": {
      "episodes": 4,
      "mean_num_reobservations": 0.0,
      "mean_spl": 0.121159636638759,
      "mean_wasted_path_reobserve": 0.0,
      "mean_wasted_path_total": 11.777769453277589,
      "mean_wasted_path_wrong_goal": 10.791660785675049,
      "success_rate": 0.25,
      "wrong_goal_visit_rate": 0.75
    },
    "RandomReobserve": {
      "episodes": 4,
      "mean_num_reobservations": 1.0,
      "mean_spl": 0.0,
      "mean_wasted_path_reobserve": 5.019574522972107,
      "mean_wasted_path_total": 21.689039707183838,
      "mean_wasted_path_wrong_goal": 11.247205257415771,
      "success_rate": 0.0,
      "wrong_goal_visit_rate": 0.75
    },
    "SemanticOnly": {
      "episodes": 4,
      "mean_num_reobservations": 1.0,
      "mean_spl": 0.10882423918155328,
      "mean_wasted_path_reobserve": 0.0,
      "mean_wasted_path_total": 5.429635337362289,
      "mean_wasted_path_wrong_goal": 5.087814420461655,
      "success_rate": 0.25,
      "wrong_goal_visit_rate": 0.75
    }
  },
  "candidate_artifact": "/runs/h001_anchor_non_gt_smoke/hm3d_vlmaps_aligned.jsonl",
  "candidate_backend": "artifact_jsonl",
  "candidate_backend_uses_gt_for_action": false,
  "candidate_decision_rows": 68,
  "dataset": "hm3d_objectnav_v2",
  "episode_rows": 16,
  "episodes_loaded": 4,
  "episodes_requested": 4,
  "loaded_datasets": [
    "hm3d_objectnav_v2"
  ],
  "loaded_manifest_splits": [
    "smoke"
  ],
  "loaded_source_splits": [
    "val_mini"
  ],
  "manifest": "/workspace/hypothesis/CAND-01/H001_uncertainty-reobservation/manifests/h001_splits_v1.json",
  "manifest_split": "smoke",
  "notes": [
    "diagnostic GT-assisted backend is for smoke only; artifact_jsonl is the non-GT adapter boundary",
    "not a paper result",
    "used to validate log schema, GT references, and baseline comparability"
  ],
  "policies": [
    "GTTargetOracle",
    "NoReobserve",
    "RandomReobserve",
    "SemanticOnly"
  ],
  "requested_dataset": "hm3d_objectnav_v2",
  "requested_split": "val",
  "run_id": "h001_semanticpolicy_t0p55_b0p02_20260508",
  "schema_version": "h001.navlog.v1",
  "semantic_reobs_view_bonus": 1,
  "semantic_tie_band": 0.02,
  "semantic_uncertainty_trigger": 0.55,
  "split": "val_mini",
  "viewpoint_decision_rows": 8
}
RUN trigger=0.60 band=0.005 out=/runs/h001_semanticpolicy_sensitivity/t0p60_b0p005
[06:32:22:519383]:[Error]:[Scene] SemanticScene.cpp(139)::loadSemanticSceneDescriptor : SSD Load Failure! File with SemanticAttributes-provided name `/data/scene_datasets/hm3d/minival/00800-TEEsavR23oF/TEEsavR23oF.basis.scn` exists but failed to load.
{
  "aggregate": {
    "GTTargetOracle": {
      "episodes": 4,
      "mean_num_reobservations": 0.0,
      "mean_spl": 1.0,
      "mean_wasted_path_reobserve": 0.0,
      "mean_wasted_path_total": 0.0,
      "mean_wasted_path_wrong_goal": 0.0,
      "success_rate": 1.0,
      "wrong_goal_visit_rate": 0.0
    },
    "NoReobserve": {
      "episodes": 4,
      "mean_num_reobservations": 0.0,
      "mean_spl": 0.121159636638759,
      "mean_wasted_path_reobserve": 0.0,
      "mean_wasted_path_total": 11.777769453277589,
      "mean_wasted_path_wrong_goal": 10.791660785675049,
      "success_rate": 0.25,
      "wrong_goal_visit_rate": 0.75
    },
    "RandomReobserve": {
      "episodes": 4,
      "mean_num_reobservations": 1.0,
      "mean_spl": 0.0,
      "mean_wasted_path_reobserve": 5.019574522972107,
      "mean_wasted_path_total": 21.689039707183838,
      "mean_wasted_path_wrong_goal": 11.247205257415771,
      "success_rate": 0.0,
      "wrong_goal_visit_rate": 0.75
    },
    "SemanticOnly": {
      "episodes": 4,
      "mean_num_reobservations": 1.0,
      "mean_spl": 0.16993780305943623,
      "mean_wasted_path_reobserve": 0.0,
      "mean_wasted_path_total": 6.967497972965241,
      "mean_wasted_path_wrong_goal": 4.894428789615631,
      "success_rate": 0.5,
      "wrong_goal_visit_rate": 0.5
    }
  },
  "candidate_artifact": "/runs/h001_anchor_non_gt_smoke/hm3d_vlmaps_aligned.jsonl",
  "candidate_backend": "artifact_jsonl",
  "candidate_backend_uses_gt_for_action": false,
  "candidate_decision_rows": 68,
  "dataset": "hm3d_objectnav_v2",
  "episode_rows": 16,
  "episodes_loaded": 4,
  "episodes_requested": 4,
  "loaded_datasets": [
    "hm3d_objectnav_v2"
  ],
  "loaded_manifest_splits": [
    "smoke"
  ],
  "loaded_source_splits": [
    "val_mini"
  ],
  "manifest": "/workspace/hypothesis/CAND-01/H001_uncertainty-reobservation/manifests/h001_splits_v1.json",
  "manifest_split": "smoke",
  "notes": [
    "diagnostic GT-assisted backend is for smoke only; artifact_jsonl is the non-GT adapter boundary",
    "not a paper result",
    "used to validate log schema, GT references, and baseline comparability"
  ],
  "policies": [
    "GTTargetOracle",
    "NoReobserve",
    "RandomReobserve",
    "SemanticOnly"
  ],
  "requested_dataset": "hm3d_objectnav_v2",
  "requested_split": "val",
  "run_id": "h001_semanticpolicy_t0p60_b0p005_20260508",
  "schema_version": "h001.navlog.v1",
  "semantic_reobs_view_bonus": 1,
  "semantic_tie_band": 0.005,
  "semantic_uncertainty_trigger": 0.6,
  "split": "val_mini",
  "viewpoint_decision_rows": 8
}
RUN trigger=0.60 band=0.01 out=/runs/h001_semanticpolicy_sensitivity/t0p60_b0p01
[06:32:24:207061]:[Error]:[Scene] SemanticScene.cpp(139)::loadSemanticSceneDescriptor : SSD Load Failure! File with SemanticAttributes-provided name `/data/scene_datasets/hm3d/minival/00800-TEEsavR23oF/TEEsavR23oF.basis.scn` exists but failed to load.
{
  "aggregate": {
    "GTTargetOracle": {
      "episodes": 4,
      "mean_num_reobservations": 0.0,
      "mean_spl": 1.0,
      "mean_wasted_path_reobserve": 0.0,
      "mean_wasted_path_total": 0.0,
      "mean_wasted_path_wrong_goal": 0.0,
      "success_rate": 1.0,
      "wrong_goal_visit_rate": 0.0
    },
    "NoReobserve": {
      "episodes": 4,
      "mean_num_reobservations": 0.0,
      "mean_spl": 0.121159636638759,
      "mean_wasted_path_reobserve": 0.0,
      "mean_wasted_path_total": 11.777769453277589,
      "mean_wasted_path_wrong_goal": 10.791660785675049,
      "success_rate": 0.25,
      "wrong_goal_visit_rate": 0.75
    },
    "RandomReobserve": {
      "episodes": 4,
      "mean_num_reobservations": 1.0,
      "mean_spl": 0.0,
      "mean_wasted_path_reobserve": 5.019574522972107,
      "mean_wasted_path_total": 21.689039707183838,
      "mean_wasted_path_wrong_goal": 11.247205257415771,
      "success_rate": 0.0,
      "wrong_goal_visit_rate": 0.75
    },
    "SemanticOnly": {
      "episodes": 4,
      "mean_num_reobservations": 1.0,
      "mean_spl": 0.22998387582031227,
      "mean_wasted_path_reobserve": 0.0,
      "mean_wasted_path_total": 6.222358374118805,
      "mean_wasted_path_wrong_goal": 4.894428789615631,
      "success_rate": 0.5,
      "wrong_goal_visit_rate": 0.5
    }
  },
  "candidate_artifact": "/runs/h001_anchor_non_gt_smoke/hm3d_vlmaps_aligned.jsonl",
  "candidate_backend": "artifact_jsonl",
  "candidate_backend_uses_gt_for_action": false,
  "candidate_decision_rows": 68,
  "dataset": "hm3d_objectnav_v2",
  "episode_rows": 16,
  "episodes_loaded": 4,
  "episodes_requested": 4,
  "loaded_datasets": [
    "hm3d_objectnav_v2"
  ],
  "loaded_manifest_splits": [
    "smoke"
  ],
  "loaded_source_splits": [
    "val_mini"
  ],
  "manifest": "/workspace/hypothesis/CAND-01/H001_uncertainty-reobservation/manifests/h001_splits_v1.json",
  "manifest_split": "smoke",
  "notes": [
    "diagnostic GT-assisted backend is for smoke only; artifact_jsonl is the non-GT adapter boundary",
    "not a paper result",
    "used to validate log schema, GT references, and baseline comparability"
  ],
  "policies": [
    "GTTargetOracle",
    "NoReobserve",
    "RandomReobserve",
    "SemanticOnly"
  ],
  "requested_dataset": "hm3d_objectnav_v2",
  "requested_split": "val",
  "run_id": "h001_semanticpolicy_t0p60_b0p01_20260508",
  "schema_version": "h001.navlog.v1",
  "semantic_reobs_view_bonus": 1,
  "semantic_tie_band": 0.01,
  "semantic_uncertainty_trigger": 0.6,
  "split": "val_mini",
  "viewpoint_decision_rows": 8
}
RUN trigger=0.60 band=0.02 out=/runs/h001_semanticpolicy_sensitivity/t0p60_b0p02
[06:32:26:238345]:[Error]:[Scene] SemanticScene.cpp(139)::loadSemanticSceneDescriptor : SSD Load Failure! File with SemanticAttributes-provided name `/data/scene_datasets/hm3d/minival/00800-TEEsavR23oF/TEEsavR23oF.basis.scn` exists but failed to load.
{
  "aggregate": {
    "GTTargetOracle": {
      "episodes": 4,
      "mean_num_reobservations": 0.0,
      "mean_spl": 1.0,
      "mean_wasted_path_reobserve": 0.0,
      "mean_wasted_path_total": 0.0,
      "mean_wasted_path_wrong_goal": 0.0,
      "success_rate": 1.0,
      "wrong_goal_visit_rate": 0.0
    },
    "NoReobserve": {
      "episodes": 4,
      "mean_num_reobservations": 0.0,
      "mean_spl": 0.121159636638759,
      "mean_wasted_path_reobserve": 0.0,
      "mean_wasted_path_total": 11.777769453277589,
      "mean_wasted_path_wrong_goal": 10.791660785675049,
      "success_rate": 0.25,
      "wrong_goal_visit_rate": 0.75
    },
    "RandomReobserve": {
      "episodes": 4,
      "mean_num_reobservations": 1.0,
      "mean_spl": 0.0,
      "mean_wasted_path_reobserve": 5.019574522972107,
      "mean_wasted_path_total": 21.689039707183838,
      "mean_wasted_path_wrong_goal": 11.247205257415771,
      "success_rate": 0.0,
      "wrong_goal_visit_rate": 0.75
    },
    "SemanticOnly": {
      "episodes": 4,
      "mean_num_reobservations": 1.0,
      "mean_spl": 0.10882423918155328,
      "mean_wasted_path_reobserve": 0.0,
      "mean_wasted_path_total": 5.429635337362289,
      "mean_wasted_path_wrong_goal": 5.087814420461655,
      "success_rate": 0.25,
      "wrong_goal_visit_rate": 0.75
    }
  },
  "candidate_artifact": "/runs/h001_anchor_non_gt_smoke/hm3d_vlmaps_aligned.jsonl",
  "candidate_backend": "artifact_jsonl",
  "candidate_backend_uses_gt_for_action": false,
  "candidate_decision_rows": 68,
  "dataset": "hm3d_objectnav_v2",
  "episode_rows": 16,
  "episodes_loaded": 4,
  "episodes_requested": 4,
  "loaded_datasets": [
    "hm3d_objectnav_v2"
  ],
  "loaded_manifest_splits": [
    "smoke"
  ],
  "loaded_source_splits": [
    "val_mini"
  ],
  "manifest": "/workspace/hypothesis/CAND-01/H001_uncertainty-reobservation/manifests/h001_splits_v1.json",
  "manifest_split": "smoke",
  "notes": [
    "diagnostic GT-assisted backend is for smoke only; artifact_jsonl is the non-GT adapter boundary",
    "not a paper result",
    "used to validate log schema, GT references, and baseline comparability"
  ],
  "policies": [
    "GTTargetOracle",
    "NoReobserve",
    "RandomReobserve",
    "SemanticOnly"
  ],
  "requested_dataset": "hm3d_objectnav_v2",
  "requested_split": "val",
  "run_id": "h001_semanticpolicy_t0p60_b0p02_20260508",
  "schema_version": "h001.navlog.v1",
  "semantic_reobs_view_bonus": 1,
  "semantic_tie_band": 0.02,
  "semantic_uncertainty_trigger": 0.6,
  "split": "val_mini",
  "viewpoint_decision_rows": 8
}
RUN trigger=0.65 band=0.005 out=/runs/h001_semanticpolicy_sensitivity/t0p65_b0p005
[06:32:28:369250]:[Error]:[Scene] SemanticScene.cpp(139)::loadSemanticSceneDescriptor : SSD Load Failure! File with SemanticAttributes-provided name `/data/scene_datasets/hm3d/minival/00800-TEEsavR23oF/TEEsavR23oF.basis.scn` exists but failed to load.
{
  "aggregate": {
    "GTTargetOracle": {
      "episodes": 4,
      "mean_num_reobservations": 0.0,
      "mean_spl": 1.0,
      "mean_wasted_path_reobserve": 0.0,
      "mean_wasted_path_total": 0.0,
      "mean_wasted_path_wrong_goal": 0.0,
      "success_rate": 1.0,
      "wrong_goal_visit_rate": 0.0
    },
    "NoReobserve": {
      "episodes": 4,
      "mean_num_reobservations": 0.0,
      "mean_spl": 0.121159636638759,
      "mean_wasted_path_reobserve": 0.0,
      "mean_wasted_path_total": 11.777769453277589,
      "mean_wasted_path_wrong_goal": 10.791660785675049,
      "success_rate": 0.25,
      "wrong_goal_visit_rate": 0.75
    },
    "RandomReobserve": {
      "episodes": 4,
      "mean_num_reobservations": 1.0,
      "mean_spl": 0.0,
      "mean_wasted_path_reobserve": 5.019574522972107,
      "mean_wasted_path_total": 21.689039707183838,
      "mean_wasted_path_wrong_goal": 11.247205257415771,
      "success_rate": 0.0,
      "wrong_goal_visit_rate": 0.75
    },
    "SemanticOnly": {
      "episodes": 4,
      "mean_num_reobservations": 1.0,
      "mean_spl": 0.16993780305943623,
      "mean_wasted_path_reobserve": 0.0,
      "mean_wasted_path_total": 6.967497972965241,
      "mean_wasted_path_wrong_goal": 4.894428789615631,
      "success_rate": 0.5,
      "wrong_goal_visit_rate": 0.5
    }
  },
  "candidate_artifact": "/runs/h001_anchor_non_gt_smoke/hm3d_vlmaps_aligned.jsonl",
  "candidate_backend": "artifact_jsonl",
  "candidate_backend_uses_gt_for_action": false,
  "candidate_decision_rows": 68,
  "dataset": "hm3d_objectnav_v2",
  "episode_rows": 16,
  "episodes_loaded": 4,
  "episodes_requested": 4,
  "loaded_datasets": [
    "hm3d_objectnav_v2"
  ],
  "loaded_manifest_splits": [
    "smoke"
  ],
  "loaded_source_splits": [
    "val_mini"
  ],
  "manifest": "/workspace/hypothesis/CAND-01/H001_uncertainty-reobservation/manifests/h001_splits_v1.json",
  "manifest_split": "smoke",
  "notes": [
    "diagnostic GT-assisted backend is for smoke only; artifact_jsonl is the non-GT adapter boundary",
    "not a paper result",
    "used to validate log schema, GT references, and baseline comparability"
  ],
  "policies": [
    "GTTargetOracle",
    "NoReobserve",
    "RandomReobserve",
    "SemanticOnly"
  ],
  "requested_dataset": "hm3d_objectnav_v2",
  "requested_split": "val",
  "run_id": "h001_semanticpolicy_t0p65_b0p005_20260508",
  "schema_version": "h001.navlog.v1",
  "semantic_reobs_view_bonus": 1,
  "semantic_tie_band": 0.005,
  "semantic_uncertainty_trigger": 0.65,
  "split": "val_mini",
  "viewpoint_decision_rows": 8
}
RUN trigger=0.65 band=0.01 out=/runs/h001_semanticpolicy_sensitivity/t0p65_b0p01
[06:32:30:030638]:[Error]:[Scene] SemanticScene.cpp(139)::loadSemanticSceneDescriptor : SSD Load Failure! File with SemanticAttributes-provided name `/data/scene_datasets/hm3d/minival/00800-TEEsavR23oF/TEEsavR23oF.basis.scn` exists but failed to load.
{
  "aggregate": {
    "GTTargetOracle": {
      "episodes": 4,
      "mean_num_reobservations": 0.0,
      "mean_spl": 1.0,
      "mean_wasted_path_reobserve": 0.0,
      "mean_wasted_path_total": 0.0,
      "mean_wasted_path_wrong_goal": 0.0,
      "success_rate": 1.0,
      "wrong_goal_visit_rate": 0.0
    },
    "NoReobserve": {
      "episodes": 4,
      "mean_num_reobservations": 0.0,
      "mean_spl": 0.121159636638759,
      "mean_wasted_path_reobserve": 0.0,
      "mean_wasted_path_total": 11.777769453277589,
      "mean_wasted_path_wrong_goal": 10.791660785675049,
      "success_rate": 0.25,
      "wrong_goal_visit_rate": 0.75
    },
    "RandomReobserve": {
      "episodes": 4,
      "mean_num_reobservations": 1.0,
      "mean_spl": 0.0,
      "mean_wasted_path_reobserve": 5.019574522972107,
      "mean_wasted_path_total": 21.689039707183838,
      "mean_wasted_path_wrong_goal": 11.247205257415771,
      "success_rate": 0.0,
      "wrong_goal_visit_rate": 0.75
    },
    "SemanticOnly": {
      "episodes": 4,
      "mean_num_reobservations": 1.0,
      "mean_spl": 0.22998387582031227,
      "mean_wasted_path_reobserve": 0.0,
      "mean_wasted_path_total": 6.222358374118805,
      "mean_wasted_path_wrong_goal": 4.894428789615631,
      "success_rate": 0.5,
      "wrong_goal_visit_rate": 0.5
    }
  },
  "candidate_artifact": "/runs/h001_anchor_non_gt_smoke/hm3d_vlmaps_aligned.jsonl",
  "candidate_backend": "artifact_jsonl",
  "candidate_backend_uses_gt_for_action": false,
  "candidate_decision_rows": 68,
  "dataset": "hm3d_objectnav_v2",
  "episode_rows": 16,
  "episodes_loaded": 4,
  "episodes_requested": 4,
  "loaded_datasets": [
    "hm3d_objectnav_v2"
  ],
  "loaded_manifest_splits": [
    "smoke"
  ],
  "loaded_source_splits": [
    "val_mini"
  ],
  "manifest": "/workspace/hypothesis/CAND-01/H001_uncertainty-reobservation/manifests/h001_splits_v1.json",
  "manifest_split": "smoke",
  "notes": [
    "diagnostic GT-assisted backend is for smoke only; artifact_jsonl is the non-GT adapter boundary",
    "not a paper result",
    "used to validate log schema, GT references, and baseline comparability"
  ],
  "policies": [
    "GTTargetOracle",
    "NoReobserve",
    "RandomReobserve",
    "SemanticOnly"
  ],
  "requested_dataset": "hm3d_objectnav_v2",
  "requested_split": "val",
  "run_id": "h001_semanticpolicy_t0p65_b0p01_20260508",
  "schema_version": "h001.navlog.v1",
  "semantic_reobs_view_bonus": 1,
  "semantic_tie_band": 0.01,
  "semantic_uncertainty_trigger": 0.65,
  "split": "val_mini",
  "viewpoint_decision_rows": 8
}
RUN trigger=0.65 band=0.02 out=/runs/h001_semanticpolicy_sensitivity/t0p65_b0p02
[06:32:32:177330]:[Error]:[Scene] SemanticScene.cpp(139)::loadSemanticSceneDescriptor : SSD Load Failure! File with SemanticAttributes-provided name `/data/scene_datasets/hm3d/minival/00800-TEEsavR23oF/TEEsavR23oF.basis.scn` exists but failed to load.
{
  "aggregate": {
    "GTTargetOracle": {
      "episodes": 4,
      "mean_num_reobservations": 0.0,
      "mean_spl": 1.0,
      "mean_wasted_path_reobserve": 0.0,
      "mean_wasted_path_total": 0.0,
      "mean_wasted_path_wrong_goal": 0.0,
      "success_rate": 1.0,
      "wrong_goal_visit_rate": 0.0
    },
    "NoReobserve": {
      "episodes": 4,
      "mean_num_reobservations": 0.0,
      "mean_spl": 0.121159636638759,
      "mean_wasted_path_reobserve": 0.0,
      "mean_wasted_path_total": 11.777769453277589,
      "mean_wasted_path_wrong_goal": 10.791660785675049,
      "success_rate": 0.25,
      "wrong_goal_visit_rate": 0.75
    },
    "RandomReobserve": {
      "episodes": 4,
      "mean_num_reobservations": 1.0,
      "mean_spl": 0.0,
      "mean_wasted_path_reobserve": 5.019574522972107,
      "mean_wasted_path_total": 21.689039707183838,
      "mean_wasted_path_wrong_goal": 11.247205257415771,
      "success_rate": 0.0,
      "wrong_goal_visit_rate": 0.75
    },
    "SemanticOnly": {
      "episodes": 4,
      "mean_num_reobservations": 1.0,
      "mean_spl": 0.10882423918155328,
      "mean_wasted_path_reobserve": 0.0,
      "mean_wasted_path_total": 5.429635337362289,
      "mean_wasted_path_wrong_goal": 5.087814420461655,
      "success_rate": 0.25,
      "wrong_goal_visit_rate": 0.75
    }
  },
  "candidate_artifact": "/runs/h001_anchor_non_gt_smoke/hm3d_vlmaps_aligned.jsonl",
  "candidate_backend": "artifact_jsonl",
  "candidate_backend_uses_gt_for_action": false,
  "candidate_decision_rows": 68,
  "dataset": "hm3d_objectnav_v2",
  "episode_rows": 16,
  "episodes_loaded": 4,
  "episodes_requested": 4,
  "loaded_datasets": [
    "hm3d_objectnav_v2"
  ],
  "loaded_manifest_splits": [
    "smoke"
  ],
  "loaded_source_splits": [
    "val_mini"
  ],
  "manifest": "/workspace/hypothesis/CAND-01/H001_uncertainty-reobservation/manifests/h001_splits_v1.json",
  "manifest_split": "smoke",
  "notes": [
    "diagnostic GT-assisted backend is for smoke only; artifact_jsonl is the non-GT adapter boundary",
    "not a paper result",
    "used to validate log schema, GT references, and baseline comparability"
  ],
  "policies": [
    "GTTargetOracle",
    "NoReobserve",
    "RandomReobserve",
    "SemanticOnly"
  ],
  "requested_dataset": "hm3d_objectnav_v2",
  "requested_split": "val",
  "run_id": "h001_semanticpolicy_t0p65_b0p02_20260508",
  "schema_version": "h001.navlog.v1",
  "semantic_reobs_view_bonus": 1,
  "semantic_tie_band": 0.02,
  "semantic_uncertainty_trigger": 0.65,
  "split": "val_mini",
  "viewpoint_decision_rows": 8
}
RUN trigger=0.70 band=0.005 out=/runs/h001_semanticpolicy_sensitivity/t0p70_b0p005
[06:32:34:418713]:[Error]:[Scene] SemanticScene.cpp(139)::loadSemanticSceneDescriptor : SSD Load Failure! File with SemanticAttributes-provided name `/data/scene_datasets/hm3d/minival/00800-TEEsavR23oF/TEEsavR23oF.basis.scn` exists but failed to load.
{
  "aggregate": {
    "GTTargetOracle": {
      "episodes": 4,
      "mean_num_reobservations": 0.0,
      "mean_spl": 1.0,
      "mean_wasted_path_reobserve": 0.0,
      "mean_wasted_path_total": 0.0,
      "mean_wasted_path_wrong_goal": 0.0,
      "success_rate": 1.0,
      "wrong_goal_visit_rate": 0.0
    },
    "NoReobserve": {
      "episodes": 4,
      "mean_num_reobservations": 0.0,
      "mean_spl": 0.121159636638759,
      "mean_wasted_path_reobserve": 0.0,
      "mean_wasted_path_total": 11.777769453277589,
      "mean_wasted_path_wrong_goal": 10.791660785675049,
      "success_rate": 0.25,
      "wrong_goal_visit_rate": 0.75
    },
    "RandomReobserve": {
      "episodes": 4,
      "mean_num_reobservations": 1.0,
      "mean_spl": 0.0,
      "mean_wasted_path_reobserve": 5.019574522972107,
      "mean_wasted_path_total": 21.689039707183838,
      "mean_wasted_path_wrong_goal": 11.247205257415771,
      "success_rate": 0.0,
      "wrong_goal_visit_rate": 0.75
    },
    "SemanticOnly": {
      "episodes": 4,
      "mean_num_reobservations": 0.25,
      "mean_spl": 0.121159636638759,
      "mean_wasted_path_reobserve": 0.0,
      "mean_wasted_path_total": 9.81297726129532,
      "mean_wasted_path_wrong_goal": 8.82686859369278,
      "success_rate": 0.25,
      "wrong_goal_visit_rate": 0.75
    }
  },
  "candidate_artifact": "/runs/h001_anchor_non_gt_smoke/hm3d_vlmaps_aligned.jsonl",
  "candidate_backend": "artifact_jsonl",
  "candidate_backend_uses_gt_for_action": false,
  "candidate_decision_rows": 68,
  "dataset": "hm3d_objectnav_v2",
  "episode_rows": 16,
  "episodes_loaded": 4,
  "episodes_requested": 4,
  "loaded_datasets": [
    "hm3d_objectnav_v2"
  ],
  "loaded_manifest_splits": [
    "smoke"
  ],
  "loaded_source_splits": [
    "val_mini"
  ],
  "manifest": "/workspace/hypothesis/CAND-01/H001_uncertainty-reobservation/manifests/h001_splits_v1.json",
  "manifest_split": "smoke",
  "notes": [
    "diagnostic GT-assisted backend is for smoke only; artifact_jsonl is the non-GT adapter boundary",
    "not a paper result",
    "used to validate log schema, GT references, and baseline comparability"
  ],
  "policies": [
    "GTTargetOracle",
    "NoReobserve",
    "RandomReobserve",
    "SemanticOnly"
  ],
  "requested_dataset": "hm3d_objectnav_v2",
  "requested_split": "val",
  "run_id": "h001_semanticpolicy_t0p70_b0p005_20260508",
  "schema_version": "h001.navlog.v1",
  "semantic_reobs_view_bonus": 1,
  "semantic_tie_band": 0.005,
  "semantic_uncertainty_trigger": 0.7,
  "split": "val_mini",
  "viewpoint_decision_rows": 5
}
RUN trigger=0.70 band=0.01 out=/runs/h001_semanticpolicy_sensitivity/t0p70_b0p01
[06:32:35:995303]:[Error]:[Scene] SemanticScene.cpp(139)::loadSemanticSceneDescriptor : SSD Load Failure! File with SemanticAttributes-provided name `/data/scene_datasets/hm3d/minival/00800-TEEsavR23oF/TEEsavR23oF.basis.scn` exists but failed to load.
{
  "aggregate": {
    "GTTargetOracle": {
      "episodes": 4,
      "mean_num_reobservations": 0.0,
      "mean_spl": 1.0,
      "mean_wasted_path_reobserve": 0.0,
      "mean_wasted_path_total": 0.0,
      "mean_wasted_path_wrong_goal": 0.0,
      "success_rate": 1.0,
      "wrong_goal_visit_rate": 0.0
    },
    "NoReobserve": {
      "episodes": 4,
      "mean_num_reobservations": 0.0,
      "mean_spl": 0.121159636638759,
      "mean_wasted_path_reobserve": 0.0,
      "mean_wasted_path_total": 11.777769453277589,
      "mean_wasted_path_wrong_goal": 10.791660785675049,
      "success_rate": 0.25,
      "wrong_goal_visit_rate": 0.75
    },
    "RandomReobserve": {
      "episodes": 4,
      "mean_num_reobservations": 1.0,
      "mean_spl": 0.0,
      "mean_wasted_path_reobserve": 5.019574522972107,
      "mean_wasted_path_total": 21.689039707183838,
      "mean_wasted_path_wrong_goal": 11.247205257415771,
      "success_rate": 0.0,
      "wrong_goal_visit_rate": 0.75
    },
    "SemanticOnly": {
      "episodes": 4,
      "mean_num_reobservations": 0.25,
      "mean_spl": 0.121159636638759,
      "mean_wasted_path_reobserve": 0.0,
      "mean_wasted_path_total": 9.81297726129532,
      "mean_wasted_path_wrong_goal": 8.82686859369278,
      "success_rate": 0.25,
      "wrong_goal_visit_rate": 0.75
    }
  },
  "candidate_artifact": "/runs/h001_anchor_non_gt_smoke/hm3d_vlmaps_aligned.jsonl",
  "candidate_backend": "artifact_jsonl",
  "candidate_backend_uses_gt_for_action": false,
  "candidate_decision_rows": 68,
  "dataset": "hm3d_objectnav_v2",
  "episode_rows": 16,
  "episodes_loaded": 4,
  "episodes_requested": 4,
  "loaded_datasets": [
    "hm3d_objectnav_v2"
  ],
  "loaded_manifest_splits": [
    "smoke"
  ],
  "loaded_source_splits": [
    "val_mini"
  ],
  "manifest": "/workspace/hypothesis/CAND-01/H001_uncertainty-reobservation/manifests/h001_splits_v1.json",
  "manifest_split": "smoke",
  "notes": [
    "diagnostic GT-assisted backend is for smoke only; artifact_jsonl is the non-GT adapter boundary",
    "not a paper result",
    "used to validate log schema, GT references, and baseline comparability"
  ],
  "policies": [
    "GTTargetOracle",
    "NoReobserve",
    "RandomReobserve",
    "SemanticOnly"
  ],
  "requested_dataset": "hm3d_objectnav_v2",
  "requested_split": "val",
  "run_id": "h001_semanticpolicy_t0p70_b0p01_20260508",
  "schema_version": "h001.navlog.v1",
  "semantic_reobs_view_bonus": 1,
  "semantic_tie_band": 0.01,
  "semantic_uncertainty_trigger": 0.7,
  "split": "val_mini",
  "viewpoint_decision_rows": 5
}
RUN trigger=0.70 band=0.02 out=/runs/h001_semanticpolicy_sensitivity/t0p70_b0p02
[06:32:38:193878]:[Error]:[Scene] SemanticScene.cpp(139)::loadSemanticSceneDescriptor : SSD Load Failure! File with SemanticAttributes-provided name `/data/scene_datasets/hm3d/minival/00800-TEEsavR23oF/TEEsavR23oF.basis.scn` exists but failed to load.
{
  "aggregate": {
    "GTTargetOracle": {
      "episodes": 4,
      "mean_num_reobservations": 0.0,
      "mean_spl": 1.0,
      "mean_wasted_path_reobserve": 0.0,
      "mean_wasted_path_total": 0.0,
      "mean_wasted_path_wrong_goal": 0.0,
      "success_rate": 1.0,
      "wrong_goal_visit_rate": 0.0
    },
    "NoReobserve": {
      "episodes": 4,
      "mean_num_reobservations": 0.0,
      "mean_spl": 0.121159636638759,
      "mean_wasted_path_reobserve": 0.0,
      "mean_wasted_path_total": 11.777769453277589,
      "mean_wasted_path_wrong_goal": 10.791660785675049,
      "success_rate": 0.25,
      "wrong_goal_visit_rate": 0.75
    },
    "RandomReobserve": {
      "episodes": 4,
      "mean_num_reobservations": 1.0,
      "mean_spl": 0.0,
      "mean_wasted_path_reobserve": 5.019574522972107,
      "mean_wasted_path_total": 21.689039707183838,
      "mean_wasted_path_wrong_goal": 11.247205257415771,
      "success_rate": 0.0,
      "wrong_goal_visit_rate": 0.75
    },
    "SemanticOnly": {
      "episodes": 4,
      "mean_num_reobservations": 0.25,
      "mean_spl": 0.121159636638759,
      "mean_wasted_path_reobserve": 0.0,
      "mean_wasted_path_total": 9.81297726129532,
      "mean_wasted_path_wrong_goal": 8.82686859369278,
      "success_rate": 0.25,
      "wrong_goal_visit_rate": 0.75
    }
  },
  "candidate_artifact": "/runs/h001_anchor_non_gt_smoke/hm3d_vlmaps_aligned.jsonl",
  "candidate_backend": "artifact_jsonl",
  "candidate_backend_uses_gt_for_action": false,
  "candidate_decision_rows": 68,
  "dataset": "hm3d_objectnav_v2",
  "episode_rows": 16,
  "episodes_loaded": 4,
  "episodes_requested": 4,
  "loaded_datasets": [
    "hm3d_objectnav_v2"
  ],
  "loaded_manifest_splits": [
    "smoke"
  ],
  "loaded_source_splits": [
    "val_mini"
  ],
  "manifest": "/workspace/hypothesis/CAND-01/H001_uncertainty-reobservation/manifests/h001_splits_v1.json",
  "manifest_split": "smoke",
  "notes": [
    "diagnostic GT-assisted backend is for smoke only; artifact_jsonl is the non-GT adapter boundary",
    "not a paper result",
    "used to validate log schema, GT references, and baseline comparability"
  ],
  "policies": [
    "GTTargetOracle",
    "NoReobserve",
    "RandomReobserve",
    "SemanticOnly"
  ],
  "requested_dataset": "hm3d_objectnav_v2",
  "requested_split": "val",
  "run_id": "h001_semanticpolicy_t0p70_b0p02_20260508",
  "schema_version": "h001.navlog.v1",
  "semantic_reobs_view_bonus": 1,
  "semantic_tie_band": 0.02,
  "semantic_uncertainty_trigger": 0.7,
  "split": "val_mini",
  "viewpoint_decision_rows": 5
}
