started_at=2026-05-20T23:56:18+09:00
working_directory=/home/yoohyun/research3
exact_command=TS=20260520-235618 bash /home/yoohyun/research3/hypothesis/CAND-01/H001_uncertainty-reobservation/runtime/jobs/v4_semantic_neighbor_stage2_validation.sh
followup_evidence_out=/tmp/research3-runs/h001_v3_fresh_validation_pair_objective_v4b_external_candidate_detector_v1/external_candidate_followup_evidence_v4_selected_local_cluster_margin
stage2_plan_out=/tmp/research3-runs/h001_v3_fresh_validation_pair_objective_v4b_external_candidate_detector_v1/external_candidate_followup_identity_stage2_semantic_neighbor_multiview_selected_wrong_v1_plan
stage2_frames_out=/tmp/research3-runs/h001_v3_fresh_validation_pair_objective_v4b_external_candidate_detector_v1/external_candidate_followup_identity_stage2_semantic_neighbor_multiview_selected_wrong_v1_frames
stage2_detector_out=/tmp/research3-runs/h001_v3_fresh_validation_pair_objective_v4b_external_candidate_detector_v1/external_candidate_followup_identity_stage2_semantic_neighbor_multiview_selected_wrong_v1_detector
stage2_evidence_out=/tmp/research3-runs/h001_v3_fresh_validation_pair_objective_v4b_external_candidate_detector_v1/external_candidate_followup_identity_stage2_semantic_neighbor_multiview_selected_wrong_v1_evidence_objective_v2
integrated_out=/tmp/research3-runs/h001_v3_fresh_validation_pair_objective_v4b_external_candidate_detector_v1/external_candidate_followup_v4_stage2_semantic_neighbor_multiview_selected_wrong_v1
log=/home/yoohyun/research3/hypothesis/CAND-01/H001_uncertainty-reobservation/runtime/logs/v4-semantic-neighbor-multiview-selected-wrong-20260520-235618.log
verification_command=cat /tmp/research3-runs/h001_v3_fresh_validation_pair_objective_v4b_external_candidate_detector_v1/v4_semantic_neighbor_multiview_selected_wrong_v1_job_status.json && cat /tmp/research3-runs/h001_v3_fresh_validation_pair_objective_v4b_external_candidate_detector_v1/external_candidate_followup_v4_stage2_semantic_neighbor_multiview_selected_wrong_v1/external_candidate_followup_v4_stage2_semantic_neighbor_summary.json
{'stage': 'prerequisite_check_passed', 'paths': {'data_root': '/tmp/research3-data', 'hm3d': '/tmp/research3-data/scene_datasets/hm3d', 'candidate_artifact': '/tmp/research3-runs/h001_v3_fresh_validation_artifacts_spatial_nms_p97_k20_v1/all_scenes_aligned.jsonl', 'followup_rows': '/tmp/research3-runs/h001_v3_fresh_validation_pair_objective_v4b_external_candidate_detector_v1/external_candidate_followup_evidence_v4_selected_local_cluster_margin/external_candidate_followup_evidence_rows.jsonl', 'followup_summary': '/tmp/research3-runs/h001_v3_fresh_validation_pair_objective_v4b_external_candidate_detector_v1/external_candidate_followup_evidence_v4_selected_local_cluster_margin/external_candidate_followup_evidence_summary.json', 'groundingdino_config': '/tmp/research3-models/openvocab/groundingdino/IDEA-Research_grounding-dino-tiny/config.json', 'groundingdino_weights': '/tmp/research3-models/openvocab/groundingdino/IDEA-Research_grounding-dino-tiny/model.safetensors', 'sam2_checkpoint': '/tmp/research3-models/openvocab/sam2/sam2.1_hiera_tiny/sam2.1_hiera_tiny.pt'}}
[14:56:19:487566]:[Error]:[Scene] SemanticScene.cpp(139)::loadSemanticSceneDescriptor : SSD Load Failure! File with SemanticAttributes-provided name `/data/scene_datasets/hm3d/val/00823-7MXmsvcQjpJ/7MXmsvcQjpJ.basis.scn` exists but failed to load.
{
  "candidate_artifact": "/runs/h001_v3_fresh_validation_artifacts_spatial_nms_p97_k20_v1/all_scenes_aligned.jsonl",
  "external_branch_ids_filter": [
    "external_candidate:14",
    "external_candidate:17",
    "external_candidate:21"
  ],
  "followup_evidence_rows": "/runs/h001_v3_fresh_validation_pair_objective_v4b_external_candidate_detector_v1/external_candidate_followup_evidence_v4_selected_local_cluster_margin/external_candidate_followup_evidence_rows.jsonl",
  "max_candidate_ids": 6,
  "max_rivals": 1,
  "max_semantic_neighbors": 1,
  "max_targets_per_request": 3,
  "max_viewpoints_per_target": 1,
  "out_root": "/runs/h001_v3_fresh_validation_pair_objective_v4b_external_candidate_detector_v1/external_candidate_followup_identity_stage2_semantic_neighbor_multiview_selected_wrong_v1_plan",
  "output_files": {
    "plan_rows": "external_candidate_second_stage_identity_plan.jsonl",
    "skipped_rows": "external_candidate_second_stage_identity_skipped.jsonl",
    "summary": "external_candidate_second_stage_identity_summary.json"
  },
  "plan_rows": 24,
  "policy": "ExternalCandidateSecondStageIdentityConfirmation",
  "request_query_counts": {
    "plant": 3
  },
  "request_rows": 3,
  "role_counts": {
    "rival_1_standoff": 3,
    "selected_standoff": 3,
    "semantic_neighbor_1_standoff": 18
  },
  "rows_by_external_branch_id": {
    "external_candidate:14": 8,
    "external_candidate:17": 8,
    "external_candidate:21": 8
  },
  "schema_version": "h001.external_candidate_second_stage_identity_plan.v1",
  "semantic_neighbor_viewpoints_per_target": 6,
  "skipped_rows": 0,
  "source_rows": 7,
  "target_selection_mode": "semantic_neighbor",
  "uses_gt_for_action": false,
  "uses_gt_for_analysis": false,
  "viewpoint_source_counts": {
    "standoff_navmesh": 24
  }
}
[14:56:20:647171]:[Error]:[Scene] SemanticScene.cpp(139)::loadSemanticSceneDescriptor : SSD Load Failure! File with SemanticAttributes-provided name `/data/scene_datasets/hm3d/val/00823-7MXmsvcQjpJ/7MXmsvcQjpJ.basis.scn` exists but failed to load.
{
  "camera_height": 1.5,
  "candidate_artifact": "/runs/h001_v3_fresh_validation_artifacts_spatial_nms_p97_k20_v1/all_scenes_aligned.jsonl",
  "errors": [],
  "height": 120,
  "hfov": 90.0,
  "max_headings_per_row": 15,
  "min_headings_per_row": 10,
  "next_expected_file": "postview_scores.jsonl",
  "ok": true,
  "out_root": "/runs/h001_v3_fresh_validation_pair_objective_v4b_external_candidate_detector_v1/external_candidate_followup_identity_stage2_semantic_neighbor_multiview_selected_wrong_v1_frames",
  "policy": "ExternalCandidateSecondStageIdentityConfirmation",
  "rendered_heading_count": 312,
  "rows_exported": 24,
  "rows_requested": 24,
  "schema_version": "h001.postview.v2",
  "unique_scenes": [
    "hm3d_v0.2/val/00823-7MXmsvcQjpJ/7MXmsvcQjpJ.basis.glb"
  ],
  "uses_gt_for_action": false,
  "viewpoint_decisions": "/runs/h001_v3_fresh_validation_pair_objective_v4b_external_candidate_detector_v1/external_candidate_followup_identity_stage2_semantic_neighbor_multiview_selected_wrong_v1_plan/external_candidate_second_stage_identity_plan.jsonl",
  "width": 160,
  "yaw_offsets_deg": [
    -30.0,
    0.0,
    30.0
  ]
}
/opt/conda/lib/python3.11/site-packages/transformers/utils/hub.py:105: FutureWarning: Using `TRANSFORMERS_CACHE` is deprecated and will be removed in v5 of Transformers. Use `HF_HOME` instead.
  warnings.warn(
/opt/conda/lib/python3.11/site-packages/torchvision/transforms/functional.py:154: UserWarning: The given NumPy array is not writable, and PyTorch does not support non-writable tensors. This means writing to this tensor will result in undefined behavior. You may want to copy the array to protect its data or make it writable before converting it to a tensor. This type of warning will be suppressed for the rest of this program. (Triggered internally at /pytorch/torch/csrc/utils/tensor_numpy.cpp:203.)
  img = torch.from_numpy(pic.transpose((2, 0, 1))).contiguous()
{
  "associated_candidate_heading_count": 96,
  "association_rows": 1872,
  "box_threshold": 0.1,
  "candidate_artifact": "/runs/h001_v3_fresh_validation_artifacts_spatial_nms_p97_k20_v1/all_scenes_aligned.jsonl",
  "candidate_selection_counts": {
    "explicit_candidate_ids": 24
  },
  "debug_images_written": 160,
  "detector_box_count_per_heading": {
    "max": 2,
    "mean": 0.8653846153846154,
    "min": 0
  },
  "detector_box_rows": 270,
  "detector_mask_rows": 270,
  "device": "cuda",
  "frames": "/runs/h001_v3_fresh_validation_pair_objective_v4b_external_candidate_detector_v1/external_candidate_followup_identity_stage2_semantic_neighbor_multiview_selected_wrong_v1_frames/postview_frames_v2.jsonl",
  "groundingdino_dir": "/models/openvocab/groundingdino/IDEA-Research_grounding-dino-tiny",
  "max_detector_boxes_per_heading": 3,
  "max_headings_per_frame": 0,
  "max_masks_per_heading": 3,
  "out_root": "/runs/h001_v3_fresh_validation_pair_objective_v4b_external_candidate_detector_v1/external_candidate_followup_identity_stage2_semantic_neighbor_multiview_selected_wrong_v1_detector",
  "output_files": {
    "detector_boxes": "detector_boxes.jsonl",
    "detector_candidate_associations": "detector_candidate_associations.jsonl",
    "detector_masks": "detector_masks.jsonl",
    "frame_summary": "frame_summary.jsonl",
    "summary": "summary.json"
  },
  "projected_pixel_inside_mask_count": 474,
  "projection_status_counts": {
    "behind_camera": 696,
    "out_of_fov": 453,
    "visible": 723
  },
  "query_template": "{query}",
  "rows": 24,
  "rows_with_candidate_association": 21,
  "rows_with_candidate_association_rate": 0.875,
  "rows_with_detector_box": 24,
  "rows_with_detector_box_rate": 1.0,
  "rows_with_sam2_mask": 24,
  "rows_with_sam2_mask_rate": 1.0,
  "sam2_checkpoint": "/models/openvocab/sam2/sam2.1_hiera_tiny/sam2.1_hiera_tiny.pt",
  "schema_version": "h001.postview_detector.v3c_groundingdino_sam2",
  "text_threshold": 0.1,
  "uses_gt_for_action": false
}
{
  "action_by_label_case": {
    "alt_only_correct": {
      "second_stage_identity_v1_request_further_identity_confirmation": 3
    }
  },
  "action_by_property_group": {
    "small_or_cluttered": {
      "second_stage_identity_v1_request_further_identity_confirmation": 3
    }
  },
  "action_counts": {
    "second_stage_identity_v1_request_further_identity_confirmation": 3
  },
  "association_rows": 1872,
  "detector_root": "/runs/h001_v3_fresh_validation_pair_objective_v4b_external_candidate_detector_v1/external_candidate_followup_identity_stage2_semantic_neighbor_multiview_selected_wrong_v1_detector",
  "followup_evidence_rows": "/runs/h001_v3_fresh_validation_pair_objective_v4b_external_candidate_detector_v1/external_candidate_followup_evidence_v4_selected_local_cluster_margin/external_candidate_followup_evidence_rows.jsonl",
  "frame_rows": 24,
  "gate": {
    "candidate_association_rate_diagnostic": 0.875,
    "commit_rate": 0.0,
    "detector_box_rate": 1.0,
    "max_no_valid_commit_rate": 0.0,
    "max_visit_position_only_commit_rate": 0.0,
    "max_wrong_goal_commit_rate": 0.0,
    "min_commit_rate": 0.15,
    "min_detector_box_rate": 0.8,
    "min_sam2_mask_rate": 0.8,
    "min_second_stage_evidence_available_rate": 0.5,
    "min_second_stage_positive_evidence_rate": 0.3,
    "min_second_stage_strong_depth_evidence_rate": 0.2,
    "min_success_commit_rate": 0.15,
    "no_valid_commit_rate": 0.0,
    "passes_second_stage_identity_detector_substrate_gate_v1": true,
    "passes_second_stage_identity_full_gate_v1": false,
    "passes_second_stage_identity_safety_gate_v1": true,
    "passes_second_stage_identity_schema_gate_v1": true,
    "request_further_identity_confirmation_rate": 1.0,
    "sam2_mask_rate": 1.0,
    "second_stage_evidence_available_rate": 1.0,
    "second_stage_positive_evidence_rate": 1.0,
    "second_stage_strong_depth_evidence_rate": 1.0,
    "success_commit_rate": 0.0,
    "visit_position_only_commit_rate": 0.0,
    "wrong_goal_commit_rate": 0.0,
    "wrong_goal_commit_rate_on_commits": null
  },
  "objective_design": {
    "default_safety_contract": [
      "v1 direct commit is disabled unless --allow-direct-commit is explicitly set",
      "candidate_visit_position_fallback evidence cannot authorize commit",
      "rival positive or strong evidence keeps the branch in identity-confirmation state"
    ],
    "failure_modes_addressed": [
      "large repeated furniture false commit from detector-supported but identity-invalid instance",
      "selected-vs-rival ambiguity after expanded retrieval",
      "visit-position-only evidence being treated as instance identity proof"
    ],
    "role": "convert V2 identity-confirmation requests into detector-backed selected-vs-rival identity decisions",
    "v2_recovery_contract": [
      "selected candidate can commit when it is positive and strong in its own view",
      "high score margin can override weak rival-positive evidence",
      "strong rival evidence still blocks direct commit"
    ]
  },
  "observed_branch_ids": [
    "external_candidate:14",
    "external_candidate:17",
    "external_candidate:21"
  ],
  "observed_only": true,
  "out_root": "/runs/h001_v3_fresh_validation_pair_objective_v4b_external_candidate_detector_v1/external_candidate_followup_identity_stage2_semantic_neighbor_multiview_selected_wrong_v1_evidence_objective_v2",
  "output_files": {
    "rows": "external_candidate_second_stage_identity_evidence_rows.jsonl",
    "summary": "external_candidate_second_stage_identity_evidence_summary.json"
  },
  "plan_rows": 24,
  "reason_counts": {
    "request_further_identity_confirmation_strong_rival_supported": 3
  },
  "schema_version": "h001.external_candidate_second_stage_identity_evidence.v1",
  "second_stage_plan": "/runs/h001_v3_fresh_validation_pair_objective_v4b_external_candidate_detector_v1/external_candidate_followup_identity_stage2_semantic_neighbor_multiview_selected_wrong_v1_plan/external_candidate_second_stage_identity_plan.jsonl",
  "skipped_unobserved_or_unplanned_rows": 3,
  "source_request_rows": 6,
  "source_rows_analyzed": 3,
  "source_rows_total": 7,
  "source_rows_with_plan": 3,
  "thresholds": {
    "allow_direct_commit": false,
    "min_identity_margin": 0.2,
    "min_identity_score": 0.35,
    "min_strong_mask_hit_count": 2.0,
    "min_strong_strict_association_count": 2.0,
    "min_strong_visible_count": 3.0,
    "objective_version": "v2"
  },
  "unmatched_association_rows": 0,
  "uses_gt_for_action": false,
  "uses_gt_for_analysis": true
}
{
  "base_validation_schema_version": null,
  "followup_label": "followup_v4",
  "followup_v2": {
    "action_counts": {
      "followup_evidence_v1_defer": 1,
      "followup_evidence_v1_request_identity_confirmation": 6
    },
    "association_rows": 1172,
    "frame_rows": 39,
    "gate": {
      "candidate_association_rate_diagnostic": 0.358974358974359,
      "commit_rate": 0.0,
      "detector_box_rate": 1.0,
      "followup_evidence_available_rate": 1.0,
      "followup_positive_evidence_rate": 1.0,
      "followup_strong_depth_evidence_rate": 1.0,
      "labeled_row_rate": 1.0,
      "max_no_valid_commit_rate": 0.1,
      "max_wrong_goal_commit_rate": 0.1,
      "min_commit_rate": 0.15,
      "min_detector_box_rate": 0.8,
      "min_followup_evidence_available_rate": 0.5,
      "min_followup_positive_evidence_rate": 0.3,
      "min_followup_strong_depth_evidence_rate": 0.2,
      "min_sam2_mask_rate": 0.8,
      "min_success_commit_rate": 0.15,
      "no_valid_commit_rate": 0.0,
      "passes_followup_detector_substrate_gate_v1": true,
      "passes_followup_evidence_full_gate_v1": false,
      "passes_followup_evidence_safety_gate_v1": true,
      "request_identity_confirmation_rate": 0.8571428571428571,
      "sam2_mask_rate": 1.0,
      "success_commit_rate": 0.0,
      "wrong_goal_commit_rate": 0.0,
      "wrong_goal_commit_rate_on_commits": null
    },
    "plan_rows": 39,
    "reason_counts": {
      "defer_identity_selected_local_cluster_too_small": 1,
      "request_identity_confirmation_after_expanded_retrieval_multiple_strong": 3,
      "request_identity_confirmation_after_expanded_retrieval_small_or_cluttered_instance_guard": 3
    },
    "schema_version": "h001.external_candidate_followup_evidence.v4",
    "source_request_rows": 7,
    "source_rows_analyzed": 7
  },
  "integrated": {
    "commit_rows": 0,
    "gate": {
      "commit_rate": 0.0,
      "max_no_valid_commit_rate": 0.0,
      "max_visit_position_only_commit_rate": 0.0,
      "max_wrong_goal_commit_rate": 0.0,
      "min_commit_rate": 0.15,
      "min_success_commit_rate": 0.15,
      "no_valid_commit_rate": 0.0,
      "passes_followup_v2_detector_substrate": true,
      "passes_followup_v2_full": false,
      "passes_followup_v2_safety": true,
      "passes_integrated_detector_substrate": true,
      "passes_integrated_full_gate": false,
      "passes_integrated_safety_gate": true,
      "passes_integrated_stage2_coverage": false,
      "passes_stage2_detector_substrate": true,
      "passes_stage2_full": false,
      "passes_stage2_safety": true,
      "passes_stage2_schema": true,
      "stage2_request_coverage_rate": 0.5,
      "success_commit_rate": 0.0,
      "visit_position_only_commit_rate": 0.0,
      "wrong_goal_commit_rate": 0.0,
      "wrong_goal_commit_rate_on_commits": null
    },
    "no_valid_commit_rows": 0,
    "stage2_required_rows": 6,
    "stage2_resolved_rows": 3,
    "stage2_unresolved_rows": 3,
    "success_commit_rows": 0,
    "terminal_action_counts": {
      "followup_evidence_v1_defer": 1,
      "followup_evidence_v1_request_identity_confirmation": 3,
      "second_stage_identity_v1_request_further_identity_confirmation": 3
    },
    "terminal_reason_counts": {
      "defer_identity_selected_local_cluster_too_small": 1,
      "request_further_identity_confirmation_strong_rival_supported": 3,
      "request_identity_confirmation_after_expanded_retrieval_multiple_strong": 3
    },
    "terminal_rows": 7,
    "terminal_source_counts": {
      "followup_v4": 4,
      "second_stage_identity": 3
    },
    "visit_position_only_commit_rows": 0,
    "wrong_goal_commit_rows": 0
  },
  "interpretation": {
    "first_eval_rerun_blocked": true,
    "local_integrated_gate_passed": false,
    "next_required": "find or rerun a validation split where second-stage identity requests include valid/correct targets",
    "policy_scale_comparison_blocked": true,
    "safety_diagnostic_passed": true,
    "utility_proof_passed": false
  },
  "out_root": "/runs/h001_v3_fresh_validation_pair_objective_v4b_external_candidate_detector_v1/external_candidate_followup_v4_stage2_semantic_neighbor_multiview_selected_wrong_v1",
  "output_files": {
    "summary": "external_candidate_followup_v4_stage2_semantic_neighbor_summary.json",
    "terminal_rows": "external_candidate_followup_v4_stage2_semantic_neighbor_terminal_rows.jsonl"
  },
  "paths": {
    "base_validation_summary": null,
    "followup_v2_rows": "/runs/h001_v3_fresh_validation_pair_objective_v4b_external_candidate_detector_v1/external_candidate_followup_evidence_v4_selected_local_cluster_margin/external_candidate_followup_evidence_rows.jsonl",
    "followup_v2_summary": "/runs/h001_v3_fresh_validation_pair_objective_v4b_external_candidate_detector_v1/external_candidate_followup_evidence_v4_selected_local_cluster_margin/external_candidate_followup_evidence_summary.json",
    "second_stage_detector_summary": "/runs/h001_v3_fresh_validation_pair_objective_v4b_external_candidate_detector_v1/external_candidate_followup_identity_stage2_semantic_neighbor_multiview_selected_wrong_v1_detector/summary.json",
    "second_stage_evidence_rows": "/runs/h001_v3_fresh_validation_pair_objective_v4b_external_candidate_detector_v1/external_candidate_followup_identity_stage2_semantic_neighbor_multiview_selected_wrong_v1_evidence_objective_v2/external_candidate_second_stage_identity_evidence_rows.jsonl",
    "second_stage_evidence_summary": "/runs/h001_v3_fresh_validation_pair_objective_v4b_external_candidate_detector_v1/external_candidate_followup_identity_stage2_semantic_neighbor_multiview_selected_wrong_v1_evidence_objective_v2/external_candidate_second_stage_identity_evidence_summary.json",
    "second_stage_frame_summary": "/runs/h001_v3_fresh_validation_pair_objective_v4b_external_candidate_detector_v1/external_candidate_followup_identity_stage2_semantic_neighbor_multiview_selected_wrong_v1_frames/summary.json",
    "second_stage_plan_summary": "/runs/h001_v3_fresh_validation_pair_objective_v4b_external_candidate_detector_v1/external_candidate_followup_identity_stage2_semantic_neighbor_multiview_selected_wrong_v1_plan/external_candidate_second_stage_identity_summary.json"
  },
  "schema_version": "h001.external_candidate_followup_v4_stage2_semantic_neighbor_validation.v1",
  "second_stage": {
    "detector": {
      "association_rows": 1872,
      "rows": 24,
      "rows_with_candidate_association_rate": 0.875,
      "rows_with_detector_box_rate": 1.0,
      "rows_with_sam2_mask_rate": 1.0,
      "uses_gt_for_action": false
    },
    "evidence": {
      "action_counts": {
        "second_stage_identity_v1_request_further_identity_confirmation": 3
      },
      "association_rows": 1872,
      "frame_rows": 24,
      "gate": {
        "candidate_association_rate_diagnostic": 0.875,
        "commit_rate": 0.0,
        "detector_box_rate": 1.0,
        "max_no_valid_commit_rate": 0.0,
        "max_visit_position_only_commit_rate": 0.0,
        "max_wrong_goal_commit_rate": 0.0,
        "min_commit_rate": 0.15,
        "min_detector_box_rate": 0.8,
        "min_sam2_mask_rate": 0.8,
        "min_second_stage_evidence_available_rate": 0.5,
        "min_second_stage_positive_evidence_rate": 0.3,
        "min_second_stage_strong_depth_evidence_rate": 0.2,
        "min_success_commit_rate": 0.15,
        "no_valid_commit_rate": 0.0,
        "passes_second_stage_identity_detector_substrate_gate_v1": true,
        "passes_second_stage_identity_full_gate_v1": false,
        "passes_second_stage_identity_safety_gate_v1": true,
        "passes_second_stage_identity_schema_gate_v1": true,
        "request_further_identity_confirmation_rate": 1.0,
        "sam2_mask_rate": 1.0,
        "second_stage_evidence_available_rate": 1.0,
        "second_stage_positive_evidence_rate": 1.0,
        "second_stage_strong_depth_evidence_rate": 1.0,
        "success_commit_rate": 0.0,
        "visit_position_only_commit_rate": 0.0,
        "wrong_goal_commit_rate": 0.0,
        "wrong_goal_commit_rate_on_commits": null
      },
      "plan_rows": 24,
      "reason_counts": {
        "request_further_identity_confirmation_strong_rival_supported": 3
      },
      "schema_version": "h001.external_candidate_second_stage_identity_evidence.v1",
      "source_request_rows": 6,
      "source_rows_analyzed": 3
    },
    "frames": {
      "rendered_heading_count": 312,
      "rows_exported": 24,
      "uses_gt_for_action": false
    },
    "plan": {
      "plan_rows": 24,
      "request_rows": 3,
      "role_counts": {
        "rival_1_standoff": 3,
        "selected_standoff": 3,
        "semantic_neighbor_1_standoff": 18
      },
      "skipped_rows": 0,
      "viewpoint_source_counts": {
        "standoff_navmesh": 24
      }
    }
  },
  "source_followup": {
    "action_counts": {
      "followup_evidence_v1_defer": 1,
      "followup_evidence_v1_request_identity_confirmation": 6
    },
    "gate": {
      "candidate_association_rate_diagnostic": 0.358974358974359,
      "commit_rate": 0.0,
      "detector_box_rate": 1.0,
      "followup_evidence_available_rate": 1.0,
      "followup_positive_evidence_rate": 1.0,
      "followup_strong_depth_evidence_rate": 1.0,
      "labeled_row_rate": 1.0,
      "max_no_valid_commit_rate": 0.1,
      "max_wrong_goal_commit_rate": 0.1,
      "min_commit_rate": 0.15,
      "min_detector_box_rate": 0.8,
      "min_followup_evidence_available_rate": 0.5,
      "min_followup_positive_evidence_rate": 0.3,
      "min_followup_strong_depth_evidence_rate": 0.2,
      "min_sam2_mask_rate": 0.8,
      "min_success_commit_rate": 0.15,
      "no_valid_commit_rate": 0.0,
      "passes_followup_detector_substrate_gate_v1": true,
      "passes_followup_evidence_full_gate_v1": false,
      "passes_followup_evidence_safety_gate_v1": true,
      "request_identity_confirmation_rate": 0.8571428571428571,
      "sam2_mask_rate": 1.0,
      "success_commit_rate": 0.0,
      "wrong_goal_commit_rate": 0.0,
      "wrong_goal_commit_rate_on_commits": null
    },
    "label": "followup_v4",
    "objective_version": "v4",
    "reason_counts": {
      "defer_identity_selected_local_cluster_too_small": 1,
      "request_identity_confirmation_after_expanded_retrieval_multiple_strong": 3,
      "request_identity_confirmation_after_expanded_retrieval_small_or_cluttered_instance_guard": 3
    },
    "schema_version": "h001.external_candidate_followup_evidence.v4",
    "source_request_rows": 7,
    "source_rows_analyzed": 7
  },
  "uses_gt_for_action": false,
  "uses_gt_for_analysis": true,
  "validation_scope": "v4_semantic_neighbor_diagnostic"
}
{
  "first_eval_rerun_blocked": true,
  "integrated_gate": {
    "commit_rate": 0.0,
    "max_no_valid_commit_rate": 0.0,
    "max_visit_position_only_commit_rate": 0.0,
    "max_wrong_goal_commit_rate": 0.0,
    "min_commit_rate": 0.15,
    "min_success_commit_rate": 0.15,
    "no_valid_commit_rate": 0.0,
    "passes_followup_v2_detector_substrate": true,
    "passes_followup_v2_full": false,
    "passes_followup_v2_safety": true,
    "passes_integrated_detector_substrate": true,
    "passes_integrated_full_gate": false,
    "passes_integrated_safety_gate": true,
    "passes_integrated_stage2_coverage": false,
    "passes_stage2_detector_substrate": true,
    "passes_stage2_full": false,
    "passes_stage2_safety": true,
    "passes_stage2_schema": true,
    "stage2_request_coverage_rate": 0.5,
    "success_commit_rate": 0.0,
    "visit_position_only_commit_rate": 0.0,
    "wrong_goal_commit_rate": 0.0,
    "wrong_goal_commit_rate_on_commits": null
  },
  "integrated_out": "/tmp/research3-runs/h001_v3_fresh_validation_pair_objective_v4b_external_candidate_detector_v1/external_candidate_followup_v4_stage2_semantic_neighbor_multiview_selected_wrong_v1",
  "schema_version": "h001.v4_semantic_neighbor_stage2_validation_job.v1",
  "stage2_action_counts": {
    "second_stage_identity_v1_request_further_identity_confirmation": 3
  },
  "stage2_detector": {
    "rows": 24,
    "rows_with_candidate_association_rate": 0.875,
    "rows_with_detector_box_rate": 1.0,
    "rows_with_sam2_mask_rate": 1.0
  },
  "stage2_detector_out": "/tmp/research3-runs/h001_v3_fresh_validation_pair_objective_v4b_external_candidate_detector_v1/external_candidate_followup_identity_stage2_semantic_neighbor_multiview_selected_wrong_v1_detector",
  "stage2_evidence_out": "/tmp/research3-runs/h001_v3_fresh_validation_pair_objective_v4b_external_candidate_detector_v1/external_candidate_followup_identity_stage2_semantic_neighbor_multiview_selected_wrong_v1_evidence_objective_v2",
  "stage2_frame_rows": 24,
  "stage2_frames_out": "/tmp/research3-runs/h001_v3_fresh_validation_pair_objective_v4b_external_candidate_detector_v1/external_candidate_followup_identity_stage2_semantic_neighbor_multiview_selected_wrong_v1_frames",
  "stage2_gate": {
    "candidate_association_rate_diagnostic": 0.875,
    "commit_rate": 0.0,
    "detector_box_rate": 1.0,
    "max_no_valid_commit_rate": 0.0,
    "max_visit_position_only_commit_rate": 0.0,
    "max_wrong_goal_commit_rate": 0.0,
    "min_commit_rate": 0.15,
    "min_detector_box_rate": 0.8,
    "min_sam2_mask_rate": 0.8,
    "min_second_stage_evidence_available_rate": 0.5,
    "min_second_stage_positive_evidence_rate": 0.3,
    "min_second_stage_strong_depth_evidence_rate": 0.2,
    "min_success_commit_rate": 0.15,
    "no_valid_commit_rate": 0.0,
    "passes_second_stage_identity_detector_substrate_gate_v1": true,
    "passes_second_stage_identity_full_gate_v1": false,
    "passes_second_stage_identity_safety_gate_v1": true,
    "passes_second_stage_identity_schema_gate_v1": true,
    "request_further_identity_confirmation_rate": 1.0,
    "sam2_mask_rate": 1.0,
    "second_stage_evidence_available_rate": 1.0,
    "second_stage_positive_evidence_rate": 1.0,
    "second_stage_strong_depth_evidence_rate": 1.0,
    "success_commit_rate": 0.0,
    "visit_position_only_commit_rate": 0.0,
    "wrong_goal_commit_rate": 0.0,
    "wrong_goal_commit_rate_on_commits": null
  },
  "stage2_plan_out": "/tmp/research3-runs/h001_v3_fresh_validation_pair_objective_v4b_external_candidate_detector_v1/external_candidate_followup_identity_stage2_semantic_neighbor_multiview_selected_wrong_v1_plan",
  "stage2_plan_rows": 24,
  "stage2_rendered_heading_count": 312,
  "stage2_request_rows": 3,
  "stage2_role_counts": {
    "rival_1_standoff": 3,
    "selected_standoff": 3,
    "semantic_neighbor_1_standoff": 18
  },
  "target_selection_mode": "semantic_neighbor",
  "terminal_action_counts": {
    "followup_evidence_v1_defer": 1,
    "followup_evidence_v1_request_identity_confirmation": 3,
    "second_stage_identity_v1_request_further_identity_confirmation": 3
  },
  "uses_gt_for_action": false,
  "uses_gt_for_analysis": true,
  "utility_proof_passed": false
}
