+ rm -f /out/hm3d_vlmaps_raw.jsonl /out/hm3d_vlmaps_aligned.jsonl
+ mkdir -p /out/raw
+ for query in bed chair plant sofa
+ python -m h001_runtime.export_vlmaps_artifact --scene-dir /scene --scene-id hm3d_v0.2/minival/00800-TEEsavR23oF/TEEsavR23oF.basis.glb --query bed --query-embedding /out/embeddings/bed.npy --out /out/raw/bed.jsonl --grid /scene/map/grid_lseg_1.npy --weight /scene/map/weight_lseg_1.npy --obstacles /scene/map/obstacles.npy --row-start 370 --row-end 595 --col-start 314 --col-end 650 --top-percentile 98.0 --min-component-cells 1 --max-candidates 5 --use-obstacle-mask
{
  "num_candidates": 5,
  "out": "/out/raw/bed.jsonl"
}
+ for query in bed chair plant sofa
+ python -m h001_runtime.export_vlmaps_artifact --scene-dir /scene --scene-id hm3d_v0.2/minival/00800-TEEsavR23oF/TEEsavR23oF.basis.glb --query chair --query-embedding /out/embeddings/chair.npy --out /out/raw/chair.jsonl --grid /scene/map/grid_lseg_1.npy --weight /scene/map/weight_lseg_1.npy --obstacles /scene/map/obstacles.npy --row-start 370 --row-end 595 --col-start 314 --col-end 650 --top-percentile 98.0 --min-component-cells 1 --max-candidates 5 --use-obstacle-mask
{
  "num_candidates": 5,
  "out": "/out/raw/chair.jsonl"
}
+ for query in bed chair plant sofa
+ python -m h001_runtime.export_vlmaps_artifact --scene-dir /scene --scene-id hm3d_v0.2/minival/00800-TEEsavR23oF/TEEsavR23oF.basis.glb --query plant --query-embedding /out/embeddings/plant.npy --out /out/raw/plant.jsonl --grid /scene/map/grid_lseg_1.npy --weight /scene/map/weight_lseg_1.npy --obstacles /scene/map/obstacles.npy --row-start 370 --row-end 595 --col-start 314 --col-end 650 --top-percentile 98.0 --min-component-cells 1 --max-candidates 5 --use-obstacle-mask
{
  "num_candidates": 5,
  "out": "/out/raw/plant.jsonl"
}
+ for query in bed chair plant sofa
+ python -m h001_runtime.export_vlmaps_artifact --scene-dir /scene --scene-id hm3d_v0.2/minival/00800-TEEsavR23oF/TEEsavR23oF.basis.glb --query sofa --query-embedding /out/embeddings/sofa.npy --out /out/raw/sofa.jsonl --grid /scene/map/grid_lseg_1.npy --weight /scene/map/weight_lseg_1.npy --obstacles /scene/map/obstacles.npy --row-start 370 --row-end 595 --col-start 314 --col-end 650 --top-percentile 98.0 --min-component-cells 1 --max-candidates 5 --use-obstacle-mask
{
  "num_candidates": 5,
  "out": "/out/raw/sofa.jsonl"
}
+ python -
/out/hm3d_vlmaps_raw.jsonl
+ python -m h001_runtime.align_vlmaps_artifact --artifact /out/hm3d_vlmaps_raw.jsonl --alignment /scene/alignment.json --out /out/hm3d_vlmaps_aligned.jsonl --scene /data/scene_datasets/hm3d/minival/00800-TEEsavR23oF/TEEsavR23oF.basis.glb
[05:35:12:538591]:[Error]:[Scene] SemanticScene.cpp(139)::loadSemanticSceneDescriptor : SSD Load Failure! File with SemanticAttributes-provided name `/data/scene_datasets/hm3d/minival/00800-TEEsavR23oF/TEEsavR23oF.basis.scn` exists but failed to load.
{
  "candidates": 20,
  "coordinate_frame": "habitat_world",
  "out": "/out/hm3d_vlmaps_aligned.jsonl",
  "rows": 4
}
