started_at=2026-05-14T16:33:47+09:00
working_directory=/home/yoohyun/research3
output_path=/tmp/research3-runs/h001_calibration_policy_random256_k10_sr1_v1/coverage_sanity
[07:33:51:645106]:[Error]:[Scene] SemanticScene.cpp(139)::loadSemanticSceneDescriptor : SSD Load Failure! File with SemanticAttributes-provided name `/data/scene_datasets/hm3d/train/00744-1S7LAXRdDqK/1S7LAXRdDqK.basis.scn` exists but failed to load.
[07:33:51:831295]:[Error]:[Scene] SemanticScene.cpp(139)::loadSemanticSceneDescriptor : SSD Load Failure! File with SemanticAttributes-provided name `/data/scene_datasets/hm3d/train/00009-vLpv2VX547B/vLpv2VX547B.basis.scn` exists but failed to load.
[07:33:52:132195]:[Error]:[Scene] SemanticScene.cpp(139)::loadSemanticSceneDescriptor : SSD Load Failure! File with SemanticAttributes-provided name `/data/scene_datasets/hm3d/train/00057-1UnKg1rAb8A/1UnKg1rAb8A.basis.scn` exists but failed to load.
[07:33:52:291046]:[Error]:[Scene] SemanticScene.cpp(139)::loadSemanticSceneDescriptor : SSD Load Failure! File with SemanticAttributes-provided name `/data/scene_datasets/hm3d/train/00017-oEPjPNSPmzL/oEPjPNSPmzL.basis.scn` exists but failed to load.
[07:33:52:351402]:[Error]:[Scene] SemanticScene.cpp(139)::loadSemanticSceneDescriptor : SSD Load Failure! File with SemanticAttributes-provided name `/data/scene_datasets/hm3d/train/00020-XYyR54sxe6b/XYyR54sxe6b.basis.scn` exists but failed to load.
{
  "aggregate": {
    "GTTargetOracle": {
      "episodes": 50,
      "final_candidate_changed_rate": null,
      "mean_U_sem_delta_after_reobserve": null,
      "mean_num_reobservations": 0.0,
      "mean_score_delta_after_reobserve": null,
      "mean_spl": 1.0,
      "mean_travel_cost_to_reobserve": null,
      "mean_wasted_path_reobserve": 0.0,
      "mean_wasted_path_total": 0.0,
      "mean_wasted_path_wrong_goal": 0.0,
      "success_rate": 1.0,
      "switch_gate_pass_rate": null,
      "wrong_goal_visit_rate": 0.0
    },
    "NoReobserve": {
      "episodes": 50,
      "final_candidate_changed_rate": null,
      "mean_U_sem_delta_after_reobserve": null,
      "mean_num_reobservations": 0.0,
      "mean_score_delta_after_reobserve": null,
      "mean_spl": 0.07999402294026024,
      "mean_travel_cost_to_reobserve": null,
      "mean_wasted_path_reobserve": 0.0,
      "mean_wasted_path_total": 8.041871142906421,
      "mean_wasted_path_wrong_goal": 4.683001260757447,
      "success_rate": 0.14,
      "switch_gate_pass_rate": null,
      "wrong_goal_visit_rate": 0.52
    }
  },
  "candidate_artifact": "/runs/h001_calibration_artifacts_random256_k10_sr1_v1/all_scenes_aligned.jsonl",
  "candidate_backend": "artifact_jsonl",
  "candidate_backend_uses_gt_for_action": false,
  "candidate_decision_rows": 600,
  "dataset": "hm3d_objectnav_v2",
  "episode_rows": 100,
  "episodes_loaded": 50,
  "episodes_requested": 50,
  "loaded_datasets": [
    "hm3d_objectnav_v2"
  ],
  "loaded_manifest_splits": [
    "calibration"
  ],
  "loaded_source_splits": [
    "train"
  ],
  "manifest": "/workspace/hypothesis/CAND-01/H001_uncertainty-reobservation/manifests/h001_splits_sr1.json",
  "manifest_split": "calibration",
  "notes": [
    "diagnostic GT-assisted backend is for smoke only; artifact_jsonl is the non-GT adapter boundary",
    "not a paper result",
    "used to validate log schema, GT references, and baseline comparability"
  ],
  "policies": [
    "GTTargetOracle",
    "NoReobserve"
  ],
  "requested_dataset": "hm3d_objectnav_v2",
  "requested_split": "val",
  "run_id": "h001_calibration_random256_k10_sr1_coverage_sanity_20260514",
  "schema_version": "h001.navlog.v1",
  "semantic_delta_switch_score": 0.03,
  "semantic_delta_switch_uncertainty": 0.05,
  "semantic_evidence_mode": "support_proxy",
  "semantic_image_score_rule": "raw_delta",
  "semantic_max_reobservations": 1,
  "semantic_postview_score_artifact": null,
  "semantic_postview_score_rows": null,
  "semantic_postview_uses_gt_for_action": null,
  "semantic_reobs_view_bonus": 1,
  "semantic_tie_band": 0.01,
  "semantic_uncertainty_trigger": 0.6,
  "semantic_use_postview_uncertainty_gate": true,
  "split": "train",
  "viewpoint_decision_rows": 0
}
usage: analyze_artifact_coverage.py [-h] [--data-root DATA_ROOT] --manifest
                                    MANIFEST [--manifest-split MANIFEST_SPLIT]
                                    [--episodes EPISODES] --candidate-artifact
                                    CANDIDATE_ARTIFACT [--summary SUMMARY]
                                    --out OUT
                                    [--min-label-coverage MIN_LABEL_COVERAGE]
                                    [--min-reachable-ambiguity-rate MIN_REACHABLE_AMBIGUITY_RATE]
                                    [--min-wrong-goal-rate MIN_WRONG_GOAL_RATE]
analyze_artifact_coverage.py: error: the following arguments are required: --manifest, --candidate-artifact
analyzer_rerun_started_at=2026-05-14T16:34:15+09:00
[07:34:16:986458]:[Error]:[Scene] SemanticScene.cpp(139)::loadSemanticSceneDescriptor : SSD Load Failure! File with SemanticAttributes-provided name `/data/scene_datasets/hm3d/train/00744-1S7LAXRdDqK/1S7LAXRdDqK.basis.scn` exists but failed to load.
[07:34:17:055948]:[Error]:[Scene] SemanticScene.cpp(139)::loadSemanticSceneDescriptor : SSD Load Failure! File with SemanticAttributes-provided name `/data/scene_datasets/hm3d/train/00009-vLpv2VX547B/vLpv2VX547B.basis.scn` exists but failed to load.
[07:34:17:141771]:[Error]:[Scene] SemanticScene.cpp(139)::loadSemanticSceneDescriptor : SSD Load Failure! File with SemanticAttributes-provided name `/data/scene_datasets/hm3d/train/00057-1UnKg1rAb8A/1UnKg1rAb8A.basis.scn` exists but failed to load.
[07:34:17:188749]:[Error]:[Scene] SemanticScene.cpp(139)::loadSemanticSceneDescriptor : SSD Load Failure! File with SemanticAttributes-provided name `/data/scene_datasets/hm3d/train/00017-oEPjPNSPmzL/oEPjPNSPmzL.basis.scn` exists but failed to load.
[07:34:17:206191]:[Error]:[Scene] SemanticScene.cpp(139)::loadSemanticSceneDescriptor : SSD Load Failure! File with SemanticAttributes-provided name `/data/scene_datasets/hm3d/train/00020-XYyR54sxe6b/XYyR54sxe6b.basis.scn` exists but failed to load.
{
  "by_scene": {
    "1S7LAXRdDqK": {
      "candidate_count_mean": 10.0,
      "episodes": 10,
      "reachable_correct_and_wrong_rate": 0.6,
      "top_candidate_reachable_rate": 0.6
    },
    "1UnKg1rAb8A": {
      "candidate_count_mean": 10.0,
      "episodes": 10,
      "reachable_correct_and_wrong_rate": 0.2,
      "top_candidate_reachable_rate": 0.6
    },
    "XYyR54sxe6b": {
      "candidate_count_mean": 10.0,
      "episodes": 10,
      "reachable_correct_and_wrong_rate": 0.6,
      "top_candidate_reachable_rate": 1.0
    },
    "oEPjPNSPmzL": {
      "candidate_count_mean": 10.0,
      "episodes": 10,
      "reachable_correct_and_wrong_rate": 0.8,
      "top_candidate_reachable_rate": 0.4
    },
    "vLpv2VX547B": {
      "candidate_count_mean": 10.0,
      "episodes": 10,
      "reachable_correct_and_wrong_rate": 0.6,
      "top_candidate_reachable_rate": 0.7
    }
  },
  "candidate_artifact": "/runs/h001_calibration_artifacts_random256_k10_sr1_v1/all_scenes_aligned.jsonl",
  "candidate_backend": "artifact_jsonl",
  "candidate_backend_uses_gt_for_action": false,
  "candidate_count_per_episode": {
    "max": 10,
    "mean": 10.0,
    "min": 10
  },
  "candidate_label_coverage": 1.0,
  "candidate_reachable_rate": 0.704,
  "candidate_rows": 500,
  "checks": {
    "all_episodes_have_candidates": true,
    "backend_uses_gt_for_action": false,
    "candidate_label_coverage_pass": true,
    "no_reobserve_wrong_goal_pass": true,
    "overall_pass": true,
    "reachable_correct_and_wrong_pass": true
  },
  "episodes": 50,
  "episodes_with_correct_candidate_rate": 0.78,
  "episodes_with_reachable_correct_and_wrong_rate": 0.56,
  "episodes_with_reachable_correct_rate": 0.58,
  "episodes_with_reachable_wrong_rate": 0.88,
  "episodes_with_wrong_candidate_rate": 1.0,
  "manifest": "/workspace/hypothesis/CAND-01/H001_uncertainty-reobservation/manifests/h001_splits_sr1.json",
  "manifest_split": "calibration",
  "no_reobserve_summary": {
    "episodes": 50,
    "final_candidate_changed_rate": null,
    "mean_U_sem_delta_after_reobserve": null,
    "mean_num_reobservations": 0.0,
    "mean_score_delta_after_reobserve": null,
    "mean_spl": 0.07999402294026024,
    "mean_travel_cost_to_reobserve": null,
    "mean_wasted_path_reobserve": 0.0,
    "mean_wasted_path_total": 8.041871142906421,
    "mean_wasted_path_wrong_goal": 4.683001260757447,
    "success_rate": 0.14,
    "switch_gate_pass_rate": null,
    "wrong_goal_visit_rate": 0.52
  },
  "query_counts": {
    "bed": 10,
    "chair": 8,
    "plant": 10,
    "sofa": 10,
    "toilet": 6,
    "tv_monitor": 6
  },
  "schema_version": "h001.artifact_coverage.v1",
  "summary": "/runs/h001_calibration_policy_random256_k10_sr1_v1/coverage_sanity/summary.json",
  "top_candidate_correct_rate": 0.22,
  "top_candidate_reachable_rate": 0.66
}
analyzer_rerun_completed_at=2026-05-14T16:34:17+09:00
