started_at=2026-05-14T16:34:39+09:00
working_directory=/home/yoohyun/research3
output_path=/tmp/research3-runs/h001_calibration_policy_random256_k10_sr1_v1/policy_revision
[07:34:42:788146]:[Error]:[Scene] SemanticScene.cpp(139)::loadSemanticSceneDescriptor : SSD Load Failure! File with SemanticAttributes-provided name `/data/scene_datasets/hm3d/train/00744-1S7LAXRdDqK/1S7LAXRdDqK.basis.scn` exists but failed to load.
[07:34:43:052327]:[Error]:[Scene] SemanticScene.cpp(139)::loadSemanticSceneDescriptor : SSD Load Failure! File with SemanticAttributes-provided name `/data/scene_datasets/hm3d/train/00009-vLpv2VX547B/vLpv2VX547B.basis.scn` exists but failed to load.
[07:34:43:410600]:[Error]:[Scene] SemanticScene.cpp(139)::loadSemanticSceneDescriptor : SSD Load Failure! File with SemanticAttributes-provided name `/data/scene_datasets/hm3d/train/00057-1UnKg1rAb8A/1UnKg1rAb8A.basis.scn` exists but failed to load.
[07:34:43:504653]:[Error]:[Scene] SemanticScene.cpp(139)::loadSemanticSceneDescriptor : SSD Load Failure! File with SemanticAttributes-provided name `/data/scene_datasets/hm3d/train/00017-oEPjPNSPmzL/oEPjPNSPmzL.basis.scn` exists but failed to load.
[07:34:43:588727]:[Error]:[Scene] SemanticScene.cpp(139)::loadSemanticSceneDescriptor : SSD Load Failure! File with SemanticAttributes-provided name `/data/scene_datasets/hm3d/train/00020-XYyR54sxe6b/XYyR54sxe6b.basis.scn` exists but failed to load.
{
  "aggregate": {
    "EvidenceGatedSemanticOnly": {
      "episodes": 50,
      "final_candidate_changed_rate": 0.0,
      "mean_U_sem_delta_after_reobserve": -0.01333333333333334,
      "mean_num_reobservations": 1.0,
      "mean_score_delta_after_reobserve": 0.0,
      "mean_spl": 0.07999402294026024,
      "mean_travel_cost_to_reobserve": 5.986040754318237,
      "mean_wasted_path_reobserve": 0.0,
      "mean_wasted_path_total": 8.041871142906421,
      "mean_wasted_path_wrong_goal": 4.683001260757447,
      "success_rate": 0.14,
      "switch_gate_pass_rate": 0.0,
      "wrong_goal_visit_rate": 0.52
    },
    "GTTargetOracle": {
      "episodes": 50,
      "final_candidate_changed_rate": null,
      "mean_U_sem_delta_after_reobserve": null,
      "mean_num_reobservations": 0.0,
      "mean_score_delta_after_reobserve": null,
      "mean_spl": 1.0,
      "mean_travel_cost_to_reobserve": null,
      "mean_wasted_path_reobserve": 0.0,
      "mean_wasted_path_total": 0.0,
      "mean_wasted_path_wrong_goal": 0.0,
      "success_rate": 1.0,
      "switch_gate_pass_rate": null,
      "wrong_goal_visit_rate": 0.0
    },
    "NoReobserve": {
      "episodes": 50,
      "final_candidate_changed_rate": null,
      "mean_U_sem_delta_after_reobserve": null,
      "mean_num_reobservations": 0.0,
      "mean_score_delta_after_reobserve": null,
      "mean_spl": 0.07999402294026024,
      "mean_travel_cost_to_reobserve": null,
      "mean_wasted_path_reobserve": 0.0,
      "mean_wasted_path_total": 8.041871142906421,
      "mean_wasted_path_wrong_goal": 4.683001260757447,
      "success_rate": 0.14,
      "switch_gate_pass_rate": null,
      "wrong_goal_visit_rate": 0.52
    },
    "RandomReobserve": {
      "episodes": 50,
      "final_candidate_changed_rate": 0.0,
      "mean_U_sem_delta_after_reobserve": null,
      "mean_num_reobservations": 1.0,
      "mean_score_delta_after_reobserve": null,
      "mean_spl": 0.03288083823327558,
      "mean_travel_cost_to_reobserve": 6.0615179204940794,
      "mean_wasted_path_reobserve": 6.0615179204940794,
      "mean_wasted_path_total": 15.312790421714782,
      "mean_wasted_path_wrong_goal": 3.9155819749832155,
      "success_rate": 0.1,
      "switch_gate_pass_rate": null,
      "wrong_goal_visit_rate": 0.46
    },
    "SemanticOnly": {
      "episodes": 50,
      "final_candidate_changed_rate": 0.6744186046511628,
      "mean_U_sem_delta_after_reobserve": null,
      "mean_num_reobservations": 0.86,
      "mean_score_delta_after_reobserve": null,
      "mean_spl": 0.15903590218659558,
      "mean_travel_cost_to_reobserve": 6.428729758706203,
      "mean_wasted_path_reobserve": 0.0,
      "mean_wasted_path_total": 4.9032489437342806,
      "mean_wasted_path_wrong_goal": 3.605730311870575,
      "success_rate": 0.22,
      "switch_gate_pass_rate": null,
      "wrong_goal_visit_rate": 0.56
    },
    "SemanticVerifyTop": {
      "episodes": 50,
      "final_candidate_changed_rate": 0.0,
      "mean_U_sem_delta_after_reobserve": -0.01333333333333334,
      "mean_num_reobservations": 1.0,
      "mean_score_delta_after_reobserve": 0.0,
      "mean_spl": 0.07999402294026024,
      "mean_travel_cost_to_reobserve": 5.986040754318237,
      "mean_wasted_path_reobserve": 0.0,
      "mean_wasted_path_total": 8.041871142906421,
      "mean_wasted_path_wrong_goal": 4.683001260757447,
      "success_rate": 0.14,
      "switch_gate_pass_rate": 0.0,
      "wrong_goal_visit_rate": 0.52
    }
  },
  "candidate_artifact": "/runs/h001_calibration_artifacts_random256_k10_sr1_v1/all_scenes_aligned.jsonl",
  "candidate_backend": "artifact_jsonl",
  "candidate_backend_uses_gt_for_action": false,
  "candidate_decision_rows": 2600,
  "dataset": "hm3d_objectnav_v2",
  "episode_rows": 300,
  "episodes_loaded": 50,
  "episodes_requested": 50,
  "loaded_datasets": [
    "hm3d_objectnav_v2"
  ],
  "loaded_manifest_splits": [
    "calibration"
  ],
  "loaded_source_splits": [
    "train"
  ],
  "manifest": "/workspace/hypothesis/CAND-01/H001_uncertainty-reobservation/manifests/h001_splits_sr1.json",
  "manifest_split": "calibration",
  "notes": [
    "diagnostic GT-assisted backend is for smoke only; artifact_jsonl is the non-GT adapter boundary",
    "not a paper result",
    "used to validate log schema, GT references, and baseline comparability"
  ],
  "policies": [
    "GTTargetOracle",
    "NoReobserve",
    "RandomReobserve",
    "SemanticOnly",
    "SemanticVerifyTop",
    "EvidenceGatedSemanticOnly"
  ],
  "requested_dataset": "hm3d_objectnav_v2",
  "requested_split": "val",
  "run_id": "h001_calibration_random256_k10_sr1_policy_revision_20260514",
  "schema_version": "h001.navlog.v1",
  "semantic_delta_switch_score": 0.03,
  "semantic_delta_switch_uncertainty": 0.05,
  "semantic_evidence_mode": "support_proxy",
  "semantic_image_score_rule": "raw_delta",
  "semantic_max_reobservations": 1,
  "semantic_postview_score_artifact": null,
  "semantic_postview_score_rows": null,
  "semantic_postview_uses_gt_for_action": null,
  "semantic_reobs_view_bonus": 1,
  "semantic_tie_band": 0.01,
  "semantic_uncertainty_trigger": 0.6,
  "semantic_use_postview_uncertainty_gate": true,
  "split": "train",
  "viewpoint_decision_rows": 193
}
completed_at=2026-05-14T16:34:44+09:00
