started_at=2026-05-15T16:06:51+09:00
working_directory=/home/yoohyun/research3
manifest=/home/yoohyun/research3/hypothesis/CAND-01/H001_uncertainty-reobservation/manifests/h001_confirmation_independent_v1.json
manifest_split=confirmation_independent_v1
candidate_artifact=/tmp/research3-runs/h001_replacement_probe_artifacts_spatial_nms_p97_k20_v1/all_scenes_aligned.jsonl
policy_out=/tmp/research3-runs/h001_confirmation_independent_policy_spatial_nms_p97_k20_v1/policy_revision
frames_out=/tmp/research3-runs/h001_confirmation_independent_postview_frames_v2_spatial_nms_p97_k20_v1
detector_out=/tmp/research3-runs/h001_confirmation_independent_detector_v3c_a4_all_headings_spatial_nms_p97_k20_v1
log=/home/yoohyun/research3/logs/confirmation-independent-v3c-detector-artifact-20260515-160651.log
expected_files=/tmp/research3-runs/h001_confirmation_independent_policy_spatial_nms_p97_k20_v1/policy_revision/viewpoint_decisions.jsonl /tmp/research3-runs/h001_confirmation_independent_postview_frames_v2_spatial_nms_p97_k20_v1/postview_frames_v2.jsonl /tmp/research3-runs/h001_confirmation_independent_detector_v3c_a4_all_headings_spatial_nms_p97_k20_v1/summary.json
verification_command=cat /tmp/research3-runs/h001_confirmation_independent_detector_v3c_a4_all_headings_spatial_nms_p97_k20_v1/job_status.json && cat /tmp/research3-runs/h001_confirmation_independent_detector_v3c_a4_all_headings_spatial_nms_p97_k20_v1/summary.json
{'stage': 'prerequisite_check_passed', 'paths': {'manifest': '/home/yoohyun/research3/hypothesis/CAND-01/H001_uncertainty-reobservation/manifests/h001_confirmation_independent_v1.json', 'candidate_artifact': '/tmp/research3-runs/h001_replacement_probe_artifacts_spatial_nms_p97_k20_v1/all_scenes_aligned.jsonl', 'groundingdino_config': '/tmp/research3-models/openvocab/groundingdino/IDEA-Research_grounding-dino-tiny/config.json', 'groundingdino_weights': '/tmp/research3-models/openvocab/groundingdino/IDEA-Research_grounding-dino-tiny/model.safetensors', 'sam2_checkpoint': '/tmp/research3-models/openvocab/sam2/sam2.1_hiera_tiny/sam2.1_hiera_tiny.pt'}}
[07:06:52:620314]:[Error]:[Scene] SemanticScene.cpp(139)::loadSemanticSceneDescriptor : SSD Load Failure! File with SemanticAttributes-provided name `/data/scene_datasets/hm3d/val/00890-6s7QHgap2fW/6s7QHgap2fW.basis.scn` exists but failed to load.
[07:06:52:704483]:[Error]:[Scene] SemanticScene.cpp(139)::loadSemanticSceneDescriptor : SSD Load Failure! File with SemanticAttributes-provided name `/data/scene_datasets/hm3d/val/00861-GLAQ4DNUx5U/GLAQ4DNUx5U.basis.scn` exists but failed to load.
{
  "aggregate": {
    "EvidenceGatedSemanticOnly": {
      "episodes": 20,
      "final_candidate_changed_rate": 0.0,
      "mean_U_sem_delta_after_reobserve": -0.013333333333333313,
      "mean_num_reobservations": 1.0,
      "mean_score_delta_after_reobserve": 0.0,
      "mean_spl": 0.06339786096597363,
      "mean_travel_cost_to_reobserve": 13.524919259548188,
      "mean_wasted_path_reobserve": 0.0,
      "mean_wasted_path_total": 14.32572195505354,
      "mean_wasted_path_wrong_goal": 12.08989384174347,
      "success_rate": 0.15,
      "switch_gate_pass_rate": 0.0,
      "wrong_goal_visit_rate": 0.75
    },
    "GTTargetOracle": {
      "episodes": 20,
      "final_candidate_changed_rate": null,
      "mean_U_sem_delta_after_reobserve": null,
      "mean_num_reobservations": 0.0,
      "mean_score_delta_after_reobserve": null,
      "mean_spl": 1.0,
      "mean_travel_cost_to_reobserve": null,
      "mean_wasted_path_reobserve": 0.0,
      "mean_wasted_path_total": 0.0,
      "mean_wasted_path_wrong_goal": 0.0,
      "success_rate": 1.0,
      "switch_gate_pass_rate": null,
      "wrong_goal_visit_rate": 0.0
    },
    "NoReobserve": {
      "episodes": 20,
      "final_candidate_changed_rate": null,
      "mean_U_sem_delta_after_reobserve": null,
      "mean_num_reobservations": 0.0,
      "mean_score_delta_after_reobserve": null,
      "mean_spl": 0.06339786096597363,
      "mean_travel_cost_to_reobserve": null,
      "mean_wasted_path_reobserve": 0.0,
      "mean_wasted_path_total": 14.32572195505354,
      "mean_wasted_path_wrong_goal": 12.08989384174347,
      "success_rate": 0.15,
      "switch_gate_pass_rate": null,
      "wrong_goal_visit_rate": 0.75
    }
  },
  "candidate_artifact": "/runs/h001_replacement_probe_artifacts_spatial_nms_p97_k20_v1/all_scenes_aligned.jsonl",
  "candidate_backend": "artifact_jsonl",
  "candidate_backend_uses_gt_for_action": false,
  "candidate_decision_rows": 840,
  "dataset": "hm3d_objectnav_v2",
  "episode_rows": 60,
  "episodes_loaded": 20,
  "episodes_requested": 20,
  "loaded_datasets": [
    "hm3d_objectnav_v2"
  ],
  "loaded_manifest_splits": [
    "confirmation_independent_v1"
  ],
  "loaded_source_splits": [
    "val"
  ],
  "manifest": "/workspace/hypothesis/CAND-01/H001_uncertainty-reobservation/manifests/h001_confirmation_independent_v1.json",
  "manifest_split": "confirmation_independent_v1",
  "notes": [
    "diagnostic GT-assisted backend is for smoke only; artifact_jsonl is the non-GT adapter boundary",
    "not a paper result",
    "used to validate log schema, GT references, and baseline comparability"
  ],
  "policies": [
    "GTTargetOracle",
    "NoReobserve",
    "EvidenceGatedSemanticOnly"
  ],
  "requested_dataset": "hm3d_objectnav_v2",
  "requested_split": "val",
  "run_id": "h001_confirmation_independent_v1_policy_revision_20260515-160651",
  "schema_version": "h001.navlog.v1",
  "semantic_delta_switch_score": 0.03,
  "semantic_delta_switch_uncertainty": 0.05,
  "semantic_evidence_mode": "support_proxy",
  "semantic_image_score_rule": "raw_delta",
  "semantic_max_reobservations": 1,
  "semantic_postview_score_artifact": null,
  "semantic_postview_score_rows": null,
  "semantic_postview_uses_gt_for_action": null,
  "semantic_reobs_view_bonus": 1,
  "semantic_tie_band": 0.01,
  "semantic_uncertainty_trigger": 0.6,
  "semantic_use_postview_uncertainty_gate": true,
  "split": "val",
  "viewpoint_decision_rows": 20
}
{'stage': 'policy_revision_verified', 'viewpoint_rows': 20}
[07:06:54:154122]:[Error]:[Scene] SemanticScene.cpp(139)::loadSemanticSceneDescriptor : SSD Load Failure! File with SemanticAttributes-provided name `/data/scene_datasets/hm3d/val/00890-6s7QHgap2fW/6s7QHgap2fW.basis.scn` exists but failed to load.
[07:06:55:025766]:[Error]:[Scene] SemanticScene.cpp(139)::loadSemanticSceneDescriptor : SSD Load Failure! File with SemanticAttributes-provided name `/data/scene_datasets/hm3d/val/00861-GLAQ4DNUx5U/GLAQ4DNUx5U.basis.scn` exists but failed to load.
{
  "camera_height": 1.5,
  "candidate_artifact": "/runs/h001_replacement_probe_artifacts_spatial_nms_p97_k20_v1/all_scenes_aligned.jsonl",
  "errors": [],
  "height": 120,
  "hfov": 90.0,
  "max_headings_per_row": 13,
  "min_headings_per_row": 1,
  "next_expected_file": "postview_scores.jsonl",
  "ok": true,
  "out_root": "/runs/h001_confirmation_independent_postview_frames_v2_spatial_nms_p97_k20_v1",
  "policy": "EvidenceGatedSemanticOnly",
  "rendered_heading_count": 153,
  "rows_exported": 20,
  "rows_requested": 20,
  "schema_version": "h001.postview.v2",
  "unique_scenes": [
    "hm3d_v0.2/val/00861-GLAQ4DNUx5U/GLAQ4DNUx5U.basis.glb",
    "hm3d_v0.2/val/00890-6s7QHgap2fW/6s7QHgap2fW.basis.glb"
  ],
  "uses_gt_for_action": false,
  "viewpoint_decisions": "/runs/h001_confirmation_independent_policy_spatial_nms_p97_k20_v1/policy_revision/viewpoint_decisions.jsonl",
  "width": 160,
  "yaw_offsets_deg": [
    -30.0,
    0.0,
    30.0
  ]
}
{'stage': 'frame_export_verified', 'rows': 20, 'heading_count': 153}
/opt/conda/lib/python3.11/site-packages/transformers/utils/hub.py:105: FutureWarning: Using `TRANSFORMERS_CACHE` is deprecated and will be removed in v5 of Transformers. Use `HF_HOME` instead.
  warnings.warn(
/opt/conda/lib/python3.11/site-packages/torchvision/transforms/functional.py:154: UserWarning: The given NumPy array is not writable, and PyTorch does not support non-writable tensors. This means writing to this tensor will result in undefined behavior. You may want to copy the array to protect its data or make it writable before converting it to a tensor. This type of warning will be suppressed for the rest of this program. (Triggered internally at /pytorch/torch/csrc/utils/tensor_numpy.cpp:203.)
  img = torch.from_numpy(pic.transpose((2, 0, 1))).contiguous()
{
  "associated_candidate_heading_count": 37,
  "association_rows": 617,
  "box_threshold": 0.1,
  "candidate_artifact": "/runs/h001_replacement_probe_artifacts_spatial_nms_p97_k20_v1/all_scenes_aligned.jsonl",
  "debug_images_written": 120,
  "detector_box_count_per_heading": {
    "max": 3,
    "mean": 2.0326797385620914,
    "min": 0
  },
  "detector_box_rows": 311,
  "detector_mask_rows": 311,
  "device": "cuda",
  "frames": "/runs/h001_confirmation_independent_postview_frames_v2_spatial_nms_p97_k20_v1/postview_frames_v2.jsonl",
  "groundingdino_dir": "/models/openvocab/groundingdino/IDEA-Research_grounding-dino-tiny",
  "max_detector_boxes_per_heading": 3,
  "max_headings_per_frame": 0,
  "max_masks_per_heading": 3,
  "out_root": "/runs/h001_confirmation_independent_detector_v3c_a4_all_headings_spatial_nms_p97_k20_v1",
  "output_files": {
    "detector_boxes": "detector_boxes.jsonl",
    "detector_candidate_associations": "detector_candidate_associations.jsonl",
    "detector_masks": "detector_masks.jsonl",
    "frame_summary": "frame_summary.jsonl",
    "summary": "summary.json"
  },
  "projected_pixel_inside_mask_count": 120,
  "projection_status_counts": {
    "behind_camera": 272,
    "out_of_fov": 159,
    "visible": 186
  },
  "query_template": "{query}",
  "rows": 20,
  "rows_with_candidate_association": 9,
  "rows_with_candidate_association_rate": 0.45,
  "rows_with_detector_box": 20,
  "rows_with_detector_box_rate": 1.0,
  "rows_with_sam2_mask": 20,
  "rows_with_sam2_mask_rate": 1.0,
  "sam2_checkpoint": "/models/openvocab/sam2/sam2.1_hiera_tiny/sam2.1_hiera_tiny.pt",
  "schema_version": "h001.postview_detector.v3c_groundingdino_sam2",
  "text_threshold": 0.1,
  "uses_gt_for_action": false
}
{
  "associated_candidate_heading_count": 37,
  "promotion_association_rate": 0.0,
  "promotion_pass": true,
  "query_rows": {
    "bed": {
      "associated_heading_count": 20,
      "association_rows": 4,
      "rows": 4
    },
    "chair": {
      "associated_heading_count": 8,
      "association_rows": 2,
      "rows": 4
    },
    "plant": {
      "associated_heading_count": 0,
      "association_rows": 0,
      "rows": 4
    },
    "sofa": {
      "associated_heading_count": 8,
      "association_rows": 2,
      "rows": 4
    },
    "toilet": {
      "associated_heading_count": 0,
      "association_rows": 0,
      "rows": 2
    },
    "tv_monitor": {
      "associated_heading_count": 1,
      "association_rows": 1,
      "rows": 2
    }
  },
  "rows": 20,
  "rows_with_candidate_association": 9,
  "rows_with_candidate_association_rate": 0.45,
  "rows_with_detector_box_rate": 1.0,
  "rows_with_sam2_mask_rate": 1.0,
  "uses_gt_for_action": false
}
