started_at=2026-05-14T15:35:01+09:00
working_directory=/home/yoohyun/research3
output_path=/tmp/research3-data
expected_files=scene_datasets/hm3d, datasets/objectnav/hm3d/v2
verification_command=python hypothesis/CAND-01/H001_uncertainty-reobservation/runtime/check_hm3d.py /tmp/research3-data
lrwxrwxrwx 1 root root 31 May 14 06:35 /data/scene_datasets/hm3d -> ../versioned_data/hm3d-0.2/hm3d
{
  "data_root": "/tmp/research3-data",
  "hm3d_exists": true,
  "hm3d_path": "/tmp/research3-data/scene_datasets/hm3d",
  "objectnav_exists": true,
  "objectnav_files": {
    "json": 0,
    "json_gz": 186,
    "sample": [
      "objectnav_hm3d_v2/train/content/1S7LAXRdDqK.json.gz",
      "objectnav_hm3d_v2/train/content/1UnKg1rAb8A.json.gz",
      "objectnav_hm3d_v2/train/content/1xGrZPxG1Hz.json.gz",
      "objectnav_hm3d_v2/train/content/226REUyJh2K.json.gz",
      "objectnav_hm3d_v2/train/content/2Pc8W48bu21.json.gz",
      "objectnav_hm3d_v2/train/content/3CBBjsNkhqW.json.gz",
      "objectnav_hm3d_v2/train/content/3XYAD64HpDr.json.gz",
      "objectnav_hm3d_v2/train/content/4vwGX7U38Ux.json.gz",
      "objectnav_hm3d_v2/train/content/5Kw4nGdqYtS.json.gz",
      "objectnav_hm3d_v2/train/content/5biL7VEkByM.json.gz"
    ]
  },
  "objectnav_hm3d_v2_path": "/tmp/research3-data/datasets/objectnav/hm3d/v2",
  "scene_dataset_configs": {
    "hm3d_annotated_basis": true,
    "hm3d_basis": true
  },
  "splits": {
    "minival": {
      "basis_glb_count": 10,
      "basis_navmesh_count": 10,
      "exists": true,
      "scene_dirs_sample": [
        "00800-TEEsavR23oF",
        "00801-HaxA7YrQdEC",
        "00802-wcojb4TFT35",
        "00803-k1cupFYWXJ6",
        "00804-BHXhpBwSMLh"
      ],
      "semantic_glb_count": 4,
      "semantic_txt_count": 4
    },
    "train": {
      "basis_glb_count": 800,
      "basis_navmesh_count": 800,
      "exists": true,
      "scene_dirs_sample": [
        "00000-kfPV7w3FaU5",
        "00001-UVdNNRcVyV1",
        "00002-FxCkHAfgh7A",
        "00003-NtVbfPCkBFy",
        "00004-VqCaAuuoeWk"
      ],
      "semantic_glb_count": 145,
      "semantic_txt_count": 145
    },
    "val": {
      "basis_glb_count": 100,
      "basis_navmesh_count": 100,
      "exists": true,
      "scene_dirs_sample": [
        "00800-TEEsavR23oF",
        "00801-HaxA7YrQdEC",
        "00802-wcojb4TFT35",
        "00803-k1cupFYWXJ6",
        "00804-BHXhpBwSMLh"
      ],
      "semantic_glb_count": 36,
      "semantic_txt_count": 36
    }
  }
}
completed_at=2026-05-14T15:35:01+09:00
