started_at=2026-05-18T01:41:14+09:00
working_directory=/home/yoohyun/research3
plan_root=/tmp/research3-runs/h001_pair_observation_plan_docker_smoke
risk_run=/tmp/research3-runs/h001_risk_validation_risk_resolution_v1
candidate_artifact=/tmp/research3-runs/h001_risk_validation_artifacts_spatial_nms_p97_k20_v1/all_scenes_aligned.jsonl
out=/tmp/research3-runs/h001_pair_observation_detector_evidence_v1
log=/home/yoohyun/research3/logs/pair-observation-detector-evidence-v1-20260518-014114.log
expected_files=/tmp/research3-runs/h001_pair_observation_detector_evidence_v1/pair_observation_plan.jsonl /tmp/research3-runs/h001_pair_observation_detector_evidence_v1/pair_observation_frames.jsonl /tmp/research3-runs/h001_pair_observation_detector_evidence_v1/detector_candidate_associations.jsonl /tmp/research3-runs/h001_pair_observation_detector_evidence_v1/pair_observation_evidence_rows.jsonl /tmp/research3-runs/h001_pair_observation_detector_evidence_v1/pair_observation_evidence_summary.json
verification_command=cat /tmp/research3-runs/h001_pair_observation_detector_evidence_v1/job_status.json && cat /tmp/research3-runs/h001_pair_observation_detector_evidence_v1/summary.json && cat /tmp/research3-runs/h001_pair_observation_detector_evidence_v1/pair_observation_evidence_summary.json
{'stage': 'prerequisite_check_passed', 'paths': {'pair_observation_plan': '/tmp/research3-runs/h001_pair_observation_plan_docker_smoke/pair_observation_plan.jsonl', 'candidate_decisions': '/tmp/research3-runs/h001_risk_validation_risk_resolution_v1/candidate_decisions.jsonl', 'candidate_artifact': '/tmp/research3-runs/h001_risk_validation_artifacts_spatial_nms_p97_k20_v1/all_scenes_aligned.jsonl', 'groundingdino_config': '/tmp/research3-models/openvocab/groundingdino/IDEA-Research_grounding-dino-tiny/config.json', 'groundingdino_weights': '/tmp/research3-models/openvocab/groundingdino/IDEA-Research_grounding-dino-tiny/model.safetensors', 'sam2_checkpoint': '/tmp/research3-models/openvocab/sam2/sam2.1_hiera_tiny/sam2.1_hiera_tiny.pt'}}
[16:41:15:252346]:[Error]:[Scene] SemanticScene.cpp(139)::loadSemanticSceneDescriptor : SSD Load Failure! File with SemanticAttributes-provided name `/data/scene_datasets/hm3d/val/00862-LT9Jq6dN3Ea/LT9Jq6dN3Ea.basis.scn` exists but failed to load.
[16:41:16:632929]:[Error]:[Scene] SemanticScene.cpp(139)::loadSemanticSceneDescriptor : SSD Load Failure! File with SemanticAttributes-provided name `/data/scene_datasets/hm3d/val/00869-MHPLjHsuG27/MHPLjHsuG27.basis.scn` exists but failed to load.
[16:41:16:963526]:[Error]:[Scene] SemanticScene.cpp(139)::loadSemanticSceneDescriptor : SSD Load Failure! File with SemanticAttributes-provided name `/data/scene_datasets/hm3d/val/00871-VBzV5z6i1WS/VBzV5z6i1WS.basis.scn` exists but failed to load.
{
  "camera_height": 1.5,
  "candidate_artifact": "/runs/h001_risk_validation_artifacts_spatial_nms_p97_k20_v1/all_scenes_aligned.jsonl",
  "errors": [],
  "height": 120,
  "hfov": 90.0,
  "max_headings_per_row": 7,
  "min_headings_per_row": 4,
  "next_expected_file": "postview_scores.jsonl",
  "ok": true,
  "out_root": "/runs/h001_pair_observation_detector_evidence_v1",
  "policy": "PairTopAltObservation",
  "rendered_heading_count": 112,
  "rows_exported": 18,
  "rows_requested": 18,
  "schema_version": "h001.postview.v2",
  "unique_scenes": [
    "hm3d_v0.2/val/00862-LT9Jq6dN3Ea/LT9Jq6dN3Ea.basis.glb",
    "hm3d_v0.2/val/00869-MHPLjHsuG27/MHPLjHsuG27.basis.glb",
    "hm3d_v0.2/val/00871-VBzV5z6i1WS/VBzV5z6i1WS.basis.glb"
  ],
  "uses_gt_for_action": false,
  "viewpoint_decisions": "/runs/h001_pair_observation_detector_evidence_v1/pair_observation_plan.jsonl",
  "width": 160,
  "yaw_offsets_deg": [
    -30.0,
    0.0,
    30.0
  ]
}
/opt/conda/lib/python3.11/site-packages/transformers/utils/hub.py:105: FutureWarning: Using `TRANSFORMERS_CACHE` is deprecated and will be removed in v5 of Transformers. Use `HF_HOME` instead.
  warnings.warn(
/opt/conda/lib/python3.11/site-packages/torchvision/transforms/functional.py:154: UserWarning: The given NumPy array is not writable, and PyTorch does not support non-writable tensors. This means writing to this tensor will result in undefined behavior. You may want to copy the array to protect its data or make it writable before converting it to a tensor. This type of warning will be suppressed for the rest of this program. (Triggered internally at /pytorch/torch/csrc/utils/tensor_numpy.cpp:203.)
  img = torch.from_numpy(pic.transpose((2, 0, 1))).contiguous()
{
  "associated_candidate_heading_count": 28,
  "association_rows": 217,
  "box_threshold": 0.1,
  "candidate_artifact": "/runs/h001_risk_validation_artifacts_spatial_nms_p97_k20_v1/all_scenes_aligned.jsonl",
  "debug_images_written": 112,
  "detector_box_count_per_heading": {
    "max": 3,
    "mean": 2.0625,
    "min": 0
  },
  "detector_box_rows": 231,
  "detector_mask_rows": 231,
  "device": "cuda",
  "frames": "/runs/h001_pair_observation_detector_evidence_v1/pair_observation_frames.jsonl",
  "groundingdino_dir": "/models/openvocab/groundingdino/IDEA-Research_grounding-dino-tiny",
  "max_detector_boxes_per_heading": 3,
  "max_headings_per_frame": 0,
  "max_masks_per_heading": 3,
  "out_root": "/runs/h001_pair_observation_detector_evidence_v1",
  "output_files": {
    "detector_boxes": "detector_boxes.jsonl",
    "detector_candidate_associations": "detector_candidate_associations.jsonl",
    "detector_masks": "detector_masks.jsonl",
    "frame_summary": "frame_summary.jsonl",
    "summary": "summary.json"
  },
  "projected_pixel_inside_mask_count": 63,
  "projection_status_counts": {
    "behind_camera": 77,
    "out_of_fov": 24,
    "visible": 116
  },
  "query_template": "{query}",
  "rows": 18,
  "rows_with_candidate_association": 12,
  "rows_with_candidate_association_rate": 0.6666666666666666,
  "rows_with_detector_box": 18,
  "rows_with_detector_box_rate": 1.0,
  "rows_with_sam2_mask": 18,
  "rows_with_sam2_mask_rate": 1.0,
  "sam2_checkpoint": "/models/openvocab/sam2/sam2.1_hiera_tiny/sam2.1_hiera_tiny.pt",
  "schema_version": "h001.postview_detector.v3c_groundingdino_sam2",
  "text_threshold": 0.1,
  "uses_gt_for_action": false
}
{
  "association_rows": 217,
  "candidate_decisions": "/runs/h001_risk_validation_risk_resolution_v1/candidate_decisions.jsonl",
  "correct_top_rows": 2,
  "detector_root": "/runs/h001_pair_observation_detector_evidence_v1",
  "gate": {
    "false_reject_correct_top_rate": 1.0,
    "max_false_reject_correct_top_rate": 0.1,
    "max_support_wrong_top_rate": 0.1,
    "min_pair_disambiguation_rate": 0.3,
    "min_pair_evidence_available_rate": 0.5,
    "min_wrong_top_reject_rate": 0.3,
    "pair_disambiguation_rate": 0.9090909090909091,
    "pair_evidence_available_rate": 1.0,
    "passes_pair_evidence_diagnostic_gate": false,
    "support_wrong_top_rate": 0.7777777777777778,
    "wrong_top_reject_rate": 0.1111111111111111
  },
  "label_policy": "RiskResolutionReobserve",
  "mode_counts": {
    "common_pair_view": 4,
    "matched_dual_standoff": 7
  },
  "output_files": {
    "rows": "pair_observation_evidence_rows.jsonl",
    "summary": "pair_observation_evidence_summary.json"
  },
  "pair_evidence_action_counts": {
    "pair_ambiguous_defer": 1,
    "pair_reject_top": 3,
    "pair_support_top": 7
  },
  "pair_evidence_margin": 0.05,
  "pair_observation_plan": "/runs/h001_pair_observation_detector_evidence_v1/pair_observation_plan.jsonl",
  "pair_rows": 11,
  "schema_version": "h001.pair_observation_evidence.v1",
  "unmatched_association_rows": 0,
  "uses_gt_for_action": false,
  "uses_gt_for_analysis": true,
  "wrong_top_rows": 9
}
{
  "candidate_association_rate": 0.6666666666666666,
  "detector_box_rate": 1.0,
  "detector_rows": 18,
  "gate": {
    "false_reject_correct_top_rate": 1.0,
    "max_false_reject_correct_top_rate": 0.1,
    "max_support_wrong_top_rate": 0.1,
    "min_pair_disambiguation_rate": 0.3,
    "min_pair_evidence_available_rate": 0.5,
    "min_wrong_top_reject_rate": 0.3,
    "pair_disambiguation_rate": 0.9090909090909091,
    "pair_evidence_available_rate": 1.0,
    "passes_pair_evidence_diagnostic_gate": false,
    "support_wrong_top_rate": 0.7777777777777778,
    "wrong_top_reject_rate": 0.1111111111111111
  },
  "pair_action_counts": {
    "pair_ambiguous_defer": 1,
    "pair_reject_top": 3,
    "pair_support_top": 7
  },
  "pair_rows": 11,
  "sam2_mask_rate": 1.0
}
completed_at=2026-05-18T01:41:45+09:00
[2026-05-18T01:41:45+09:00] job exit status: 0
