job: full calibration post-view frames export
started_at:  2026-05-12T08:24:31+09:00
working_directory: /home/yoohyun/research3
output_path: /tmp/research3-runs/h001_postview_scores_random256_k10_sr1_v1
expected_files: postview_frames.jsonl summary.json frames/<decision_id>/{rgb.png,depth.npy,pose.txt,metadata.json}
verification_command: python - <<PY ... check rows == 50 and expected files ... PY
command: sg docker -c docker run --rm --gpus all --ipc=host --user 1001:1001 -e HOME=/tmp -e PYTHONPATH=/workspace/hypothesis/CAND-01/H001_uncertainty-reobservation/runtime -v /tmp/research3-data:/data:ro -v /tmp/research3-runs:/runs -v /home/yoohyun/research3:/workspace:ro research3/habitat-h001:20260508-calib-artifacts micromamba run -n base python -m h001_runtime.export_postview_frames --data-root /data --viewpoint-decisions /runs/h001_calibration_policy_random256_k10_sr1_v1/policy_revision/viewpoint_decisions.jsonl --candidate-artifact /runs/h001_calibration_artifacts_random256_k10_sr1_v1/all_scenes_aligned.jsonl --out-root /runs/h001_postview_scores_random256_k10_sr1_v1 --policy EvidenceGatedSemanticOnly
[23:24:32:900456]:[Error]:[Scene] SemanticScene.cpp(139)::loadSemanticSceneDescriptor : SSD Load Failure! File with SemanticAttributes-provided name `/data/scene_datasets/hm3d/train/00744-1S7LAXRdDqK/1S7LAXRdDqK.basis.scn` exists but failed to load.
[23:24:33:834358]:[Error]:[Scene] SemanticScene.cpp(139)::loadSemanticSceneDescriptor : SSD Load Failure! File with SemanticAttributes-provided name `/data/scene_datasets/hm3d/train/00009-vLpv2VX547B/vLpv2VX547B.basis.scn` exists but failed to load.
[23:24:34:833663]:[Error]:[Scene] SemanticScene.cpp(139)::loadSemanticSceneDescriptor : SSD Load Failure! File with SemanticAttributes-provided name `/data/scene_datasets/hm3d/train/00057-1UnKg1rAb8A/1UnKg1rAb8A.basis.scn` exists but failed to load.
[23:24:35:344478]:[Error]:[Scene] SemanticScene.cpp(139)::loadSemanticSceneDescriptor : SSD Load Failure! File with SemanticAttributes-provided name `/data/scene_datasets/hm3d/train/00017-oEPjPNSPmzL/oEPjPNSPmzL.basis.scn` exists but failed to load.
[23:24:35:643578]:[Error]:[Scene] SemanticScene.cpp(139)::loadSemanticSceneDescriptor : SSD Load Failure! File with SemanticAttributes-provided name `/data/scene_datasets/hm3d/train/00020-XYyR54sxe6b/XYyR54sxe6b.basis.scn` exists but failed to load.
{
  "camera_height": 1.5,
  "candidate_artifact": "/runs/h001_calibration_artifacts_random256_k10_sr1_v1/all_scenes_aligned.jsonl",
  "errors": [],
  "height": 120,
  "hfov": 90.0,
  "next_expected_file": "postview_scores.jsonl",
  "ok": true,
  "out_root": "/runs/h001_postview_scores_random256_k10_sr1_v1",
  "policy": "EvidenceGatedSemanticOnly",
  "rows_exported": 50,
  "rows_requested": 50,
  "schema_version": "h001.postview.v1",
  "unique_scenes": [
    "hm3d_v0.2/train/00009-vLpv2VX547B/vLpv2VX547B.basis.glb",
    "hm3d_v0.2/train/00017-oEPjPNSPmzL/oEPjPNSPmzL.basis.glb",
    "hm3d_v0.2/train/00020-XYyR54sxe6b/XYyR54sxe6b.basis.glb",
    "hm3d_v0.2/train/00057-1UnKg1rAb8A/1UnKg1rAb8A.basis.glb",
    "hm3d_v0.2/train/00744-1S7LAXRdDqK/1S7LAXRdDqK.basis.glb"
  ],
  "uses_gt_for_action": false,
  "viewpoint_decisions": "/runs/h001_calibration_policy_random256_k10_sr1_v1/policy_revision/viewpoint_decisions.jsonl",
  "width": 160
}
exit_code: 0
finished_at:  2026-05-12T08:24:36+09:00
