{
  "baseline_policy": "NoReobserve",
  "candidate_artifact": "/runs/h001_calibration_artifacts_random256_k10_sr1_v1/all_scenes_aligned.jsonl",
  "candidate_decisions": "/runs/h001_calibration_policy_random256_k10_sr1_v1/policy_revision/candidate_decisions.jsonl",
  "candidate_visibility_rows": 344,
  "depth_tolerance_m": 0.75,
  "depth_window_px": 2,
  "episodes": "/runs/h001_calibration_policy_random256_k10_sr1_v1/policy_revision/episodes.jsonl",
  "field_summary": {
    "position": {
      "candidate_rows": 172,
      "no_reobserve_wrong_goal_rows": 19,
      "relaxed_action_eligible_candidate_count": 124,
      "relaxed_action_eligible_correct_candidate_count": 46,
      "relaxed_action_eligible_row_rate": 0.8,
      "relaxed_projection_status_counts": {
        "behind_camera": 10,
        "out_of_fov": 38,
        "visible": 124
      },
      "rows_with_relaxed_action_eligible_candidate": 40,
      "rows_with_relaxed_action_eligible_correct_candidate": 26,
      "rows_with_strict_action_eligible_candidate": 28,
      "rows_with_strict_action_eligible_correct_candidate": 12,
      "score_rows": 50,
      "strict_action_eligible_candidate_count": 64,
      "strict_action_eligible_correct_candidate_count": 22,
      "strict_action_eligible_row_rate": 0.56,
      "strict_position_current_action_mismatch_count": 0,
      "strict_projection_status_counts": {
        "behind_camera": 10,
        "depth_mismatch": 60,
        "out_of_fov": 38,
        "visible": 64
      },
      "wrong_goal_rows_with_relaxed_action_eligible_correct_candidate": 6,
      "wrong_goal_rows_with_strict_action_eligible_correct_candidate": 4
    },
    "visit_position": {
      "candidate_rows": 172,
      "no_reobserve_wrong_goal_rows": 19,
      "relaxed_action_eligible_candidate_count": 57,
      "relaxed_action_eligible_correct_candidate_count": 17,
      "relaxed_action_eligible_row_rate": 0.6,
      "relaxed_projection_status_counts": {
        "behind_camera": 52,
        "out_of_fov": 63,
        "visible": 57
      },
      "rows_with_relaxed_action_eligible_candidate": 30,
      "rows_with_relaxed_action_eligible_correct_candidate": 16,
      "rows_with_strict_action_eligible_candidate": 6,
      "rows_with_strict_action_eligible_correct_candidate": 2,
      "score_rows": 50,
      "strict_action_eligible_candidate_count": 7,
      "strict_action_eligible_correct_candidate_count": 2,
      "strict_action_eligible_row_rate": 0.12,
      "strict_position_current_action_mismatch_count": 0,
      "strict_projection_status_counts": {
        "behind_camera": 52,
        "depth_mismatch": 50,
        "out_of_fov": 63,
        "visible": 7
      },
      "wrong_goal_rows_with_relaxed_action_eligible_correct_candidate": 7,
      "wrong_goal_rows_with_strict_action_eligible_correct_candidate": 2
    }
  },
  "frame_rows": 50,
  "heading_depth_error_stats": {
    "position:correct:consistent": {
      "count": 48,
      "max": 0.7291630928497925,
      "mean": 0.41569576531788693,
      "median": 0.3629705150810043,
      "min": 0.07302967285462802,
      "p90": 0.7281972646713255
    },
    "position:correct:depth_mismatch": {
      "count": 154,
      "max": 6.274674467381452,
      "mean": 2.5765963706976724,
      "median": 2.034514053046329,
      "min": 0.7959808546452636,
      "p90": 4.760310312147611
    },
    "position:correct:unavailable": {
      "count": 0
    },
    "position:wrong:consistent": {
      "count": 92,
      "max": 0.7497689025368488,
      "mean": 0.3712822614465209,
      "median": 0.3429780505444895,
      "min": 0.0031949684695704583,
      "p90": 0.6422498484428942
    },
    "position:wrong:depth_mismatch": {
      "count": 229,
      "max": 9.355875795740664,
      "mean": 3.42049830432087,
      "median": 3.3776464391860177,
      "min": 0.764115619014353,
      "p90": 5.6095351974050445
    },
    "position:wrong:out_of_fov": {
      "count": 0
    },
    "position:wrong:unavailable": {
      "count": 0
    },
    "visit_position:correct:consistent": {
      "count": 2,
      "max": 0.7453345060348511,
      "mean": 0.7453345060348511,
      "median": 0.7453345060348511,
      "min": 0.7453345060348511,
      "p90": 0.7453345060348511
    },
    "visit_position:correct:depth_mismatch": {
      "count": 80,
      "max": 5.124725162982941,
      "mean": 2.74936853922653,
      "median": 2.492368979562748,
      "min": 0.8682406263033129,
      "p90": 4.784035489490545
    },
    "visit_position:wrong:consistent": {
      "count": 10,
      "max": 0.7458622783984357,
      "mean": 0.4877770318522994,
      "median": 0.5813315590450636,
      "min": 0.0964198112487793,
      "p90": 0.6727305471923533
    },
    "visit_position:wrong:depth_mismatch": {
      "count": 151,
      "max": 6.605806307475143,
      "mean": 3.4718551741532804,
      "median": 3.3215476554893604,
      "min": 0.7638541734989137,
      "p90": 5.583733592739318
    }
  },
  "heading_visibility_rows": 3198,
  "min_projection_depth_m": 0.05,
  "missing_frame_count": 0,
  "out_root": "/runs/h001_postview_visibility_v2_1_random256_k10_sr1_v1",
  "output_files": {
    "candidate_visibility_table": "candidate_visibility_table.jsonl",
    "heading_visibility_table": "heading_visibility_table.jsonl",
    "query_visibility_breakdown": "query_visibility_breakdown.json",
    "row_visibility_summary": "row_visibility_summary.jsonl",
    "summary": "summary.json"
  },
  "policy": "EvidenceGatedSemanticOnly",
  "postview_frames": "/runs/h001_postview_scores_v2_random256_k10_sr1_v1/postview_frames_v2.jsonl",
  "postview_scores": "/runs/h001_postview_scores_v2_random256_k10_sr1_v1/postview_scores.jsonl",
  "recommended_next_variants": [
    "run_relaxed_position_rescoring",
    "consider_relaxed_visit_rescoring_after_first_two"
  ],
  "schema_version": "h001.postview_visibility_diagnostic.v2.1",
  "score_rows": 50,
  "split_role": "calibration",
  "uses_gt_for_action": false,
  "uses_gt_for_analysis": true
}
