working_directory=/home/yoohyun/research3
output_path=/tmp/research3-runs/h001_postview_detector_v3c_groundingdino_sam2_cpu_smoke_lite
device=cpu
smoke_budget=max_frames=2,max_headings_per_frame=2,max_detector_boxes_per_heading=1
/opt/conda/lib/python3.11/site-packages/transformers/utils/hub.py:105: FutureWarning: Using `TRANSFORMERS_CACHE` is deprecated and will be removed in v5 of Transformers. Use `HF_HOME` instead.
  warnings.warn(
/opt/conda/lib/python3.11/site-packages/torchvision/transforms/functional.py:154: UserWarning: The given NumPy array is not writable, and PyTorch does not support non-writable tensors. This means writing to this tensor will result in undefined behavior. You may want to copy the array to protect its data or make it writable before converting it to a tensor. This type of warning will be suppressed for the rest of this program. (Triggered internally at /pytorch/torch/csrc/utils/tensor_numpy.cpp:203.)
  img = torch.from_numpy(pic.transpose((2, 0, 1))).contiguous()
{
  "associated_candidate_heading_count": 0,
  "association_rows": 20,
  "box_threshold": 0.1,
  "candidate_artifact": "/runs/h001_calibration_artifacts_random256_k10_sr1_v1/all_scenes_aligned.jsonl",
  "debug_images_written": 4,
  "detector_box_count_per_heading": {
    "max": 1,
    "mean": 1.0,
    "min": 1
  },
  "detector_box_rows": 4,
  "detector_mask_rows": 4,
  "device": "cpu",
  "frames": "/runs/h001_postview_scores_v2_1_relaxed_position_random256_k10_sr1_v1/postview_frames_v2.jsonl",
  "groundingdino_dir": "/models/openvocab/groundingdino/IDEA-Research_grounding-dino-tiny",
  "max_detector_boxes_per_heading": 1,
  "max_headings_per_frame": 2,
  "max_masks_per_heading": 1,
  "out_root": "/runs/h001_postview_detector_v3c_groundingdino_sam2_cpu_smoke_lite",
  "output_files": {
    "detector_boxes": "detector_boxes.jsonl",
    "detector_candidate_associations": "detector_candidate_associations.jsonl",
    "detector_masks": "detector_masks.jsonl",
    "frame_summary": "frame_summary.jsonl",
    "summary": "summary.json"
  },
  "projected_pixel_inside_mask_count": 0,
  "projection_status_counts": {
    "behind_camera": 8,
    "out_of_fov": 4,
    "visible": 8
  },
  "query_template": "a {query}.",
  "rows": 2,
  "rows_with_candidate_association": 0,
  "rows_with_candidate_association_rate": 0.0,
  "rows_with_detector_box": 2,
  "rows_with_detector_box_rate": 1.0,
  "rows_with_sam2_mask": 2,
  "rows_with_sam2_mask_rate": 1.0,
  "sam2_checkpoint": "/models/openvocab/sam2/sam2.1_hiera_tiny/sam2.1_hiera_tiny.pt",
  "schema_version": "h001.postview_detector.v3c_groundingdino_sam2",
  "text_threshold": 0.1,
  "uses_gt_for_action": false
}
