working_directory=/home/yoohyun/research3
output_path=/tmp/research3-runs/h001_postview_detector_v3c_groundingdino_sam2_gpu_sanity
device=cuda
/opt/conda/lib/python3.11/site-packages/transformers/utils/hub.py:105: FutureWarning: Using `TRANSFORMERS_CACHE` is deprecated and will be removed in v5 of Transformers. Use `HF_HOME` instead.
  warnings.warn(
Traceback (most recent call last):
  File "<frozen runpy>", line 198, in _run_module_as_main
  File "<frozen runpy>", line 88, in _run_code
  File "/workspace/hypothesis/CAND-01/H001_uncertainty-reobservation/runtime/h001_runtime/detect_postview_groundingdino_sam2.py", line 569, in <module>
    main()
  File "/workspace/hypothesis/CAND-01/H001_uncertainty-reobservation/runtime/h001_runtime/detect_postview_groundingdino_sam2.py", line 564, in main
    summary = run(args)
              ^^^^^^^^^
  File "/workspace/hypothesis/CAND-01/H001_uncertainty-reobservation/runtime/h001_runtime/detect_postview_groundingdino_sam2.py", line 253, in run
    frames = load_jsonl(frames_path)
             ^^^^^^^^^^^^^^^^^^^^^^^
  File "/workspace/hypothesis/CAND-01/H001_uncertainty-reobservation/runtime/h001_runtime/score_postview_vlm.py", line 24, in load_jsonl
    return [json.loads(line) for line in path.read_text(encoding="utf-8").splitlines() if line.strip()]
                                         ^^^^^^^^^^^^^^^^^^^^^^^^^^^^^^^^
  File "/opt/conda/lib/python3.11/pathlib.py", line 1058, in read_text
    with self.open(mode='r', encoding=encoding, errors=errors) as f:
         ^^^^^^^^^^^^^^^^^^^^^^^^^^^^^^^^^^^^^^^^^^^^^^^^^^^^^
  File "/opt/conda/lib/python3.11/pathlib.py", line 1044, in open
    return io.open(self, mode, buffering, encoding, errors, newline)
           ^^^^^^^^^^^^^^^^^^^^^^^^^^^^^^^^^^^^^^^^^^^^^^^^^^^^^^^^^
FileNotFoundError: [Errno 2] No such file or directory: '/runs/h001_postview_scores_v2_1_relaxed_position_random256_k10_sr1_v1/postview_frames_v2.jsonl'
