started_at=2026-05-13T01:12:34+09:00
output_root=/tmp/research3-runs/h001_postview_scores_v2_random256_k10_sr1_v1
log=/home/yoohyun/research3/logs/postview-evidence-v2-fullcalib-20260513-011234.log
[16:12:35:863498]:[Error]:[Scene] SemanticScene.cpp(139)::loadSemanticSceneDescriptor : SSD Load Failure! File with SemanticAttributes-provided name `/data/scene_datasets/hm3d/train/00744-1S7LAXRdDqK/1S7LAXRdDqK.basis.scn` exists but failed to load.
[16:12:37:072751]:[Error]:[Scene] SemanticScene.cpp(139)::loadSemanticSceneDescriptor : SSD Load Failure! File with SemanticAttributes-provided name `/data/scene_datasets/hm3d/train/00009-vLpv2VX547B/vLpv2VX547B.basis.scn` exists but failed to load.
[16:12:38:258293]:[Error]:[Scene] SemanticScene.cpp(139)::loadSemanticSceneDescriptor : SSD Load Failure! File with SemanticAttributes-provided name `/data/scene_datasets/hm3d/train/00057-1UnKg1rAb8A/1UnKg1rAb8A.basis.scn` exists but failed to load.
[16:12:38:967181]:[Error]:[Scene] SemanticScene.cpp(139)::loadSemanticSceneDescriptor : SSD Load Failure! File with SemanticAttributes-provided name `/data/scene_datasets/hm3d/train/00017-oEPjPNSPmzL/oEPjPNSPmzL.basis.scn` exists but failed to load.
[16:12:39:582162]:[Error]:[Scene] SemanticScene.cpp(139)::loadSemanticSceneDescriptor : SSD Load Failure! File with SemanticAttributes-provided name `/data/scene_datasets/hm3d/train/00020-XYyR54sxe6b/XYyR54sxe6b.basis.scn` exists but failed to load.
{
  "camera_height": 1.5,
  "candidate_artifact": "/runs/h001_calibration_artifacts_random256_k10_sr1_v1/all_scenes_aligned.jsonl",
  "errors": [],
  "height": 120,
  "hfov": 90.0,
  "max_headings_per_row": 15,
  "min_headings_per_row": 1,
  "next_expected_file": "postview_scores.jsonl",
  "ok": true,
  "out_root": "/runs/h001_postview_scores_v2_random256_k10_sr1_v1",
  "policy": "EvidenceGatedSemanticOnly",
  "rendered_heading_count": 388,
  "rows_exported": 50,
  "rows_requested": 50,
  "schema_version": "h001.postview.v2",
  "unique_scenes": [
    "hm3d_v0.2/train/00009-vLpv2VX547B/vLpv2VX547B.basis.glb",
    "hm3d_v0.2/train/00017-oEPjPNSPmzL/oEPjPNSPmzL.basis.glb",
    "hm3d_v0.2/train/00020-XYyR54sxe6b/XYyR54sxe6b.basis.glb",
    "hm3d_v0.2/train/00057-1UnKg1rAb8A/1UnKg1rAb8A.basis.glb",
    "hm3d_v0.2/train/00744-1S7LAXRdDqK/1S7LAXRdDqK.basis.glb"
  ],
  "uses_gt_for_action": false,
  "viewpoint_decisions": "/runs/h001_calibration_policy_random256_k10_sr1_v1/policy_revision/viewpoint_decisions.jsonl",
  "width": 160,
  "yaw_offsets_deg": [
    -30.0,
    0.0,
    30.0
  ]
}
Traceback (most recent call last):
  File "<stdin>", line 8, in <module>
AssertionError
