started_at=2026-05-15T11:55:03+09:00
output_root=/tmp/research3-runs/h001_replacement_probe_policy_spatial_nms_p97_k20_v1/coverage_sanity
log=logs/replacement-probe-spatial-nms-p97-k20-coverage-sanity-20260515-115503.log
[02:55:04:417620]:[Error]:[Scene] SemanticScene.cpp(139)::loadSemanticSceneDescriptor : SSD Load Failure! File with SemanticAttributes-provided name `/data/scene_datasets/hm3d/val/00853-5cdEh9F2hJL/5cdEh9F2hJL.basis.scn` exists but failed to load.
[02:55:04:523544]:[Error]:[Scene] SemanticScene.cpp(139)::loadSemanticSceneDescriptor : SSD Load Failure! File with SemanticAttributes-provided name `/data/scene_datasets/hm3d/val/00890-6s7QHgap2fW/6s7QHgap2fW.basis.scn` exists but failed to load.
[02:55:04:600093]:[Error]:[Scene] SemanticScene.cpp(139)::loadSemanticSceneDescriptor : SSD Load Failure! File with SemanticAttributes-provided name `/data/scene_datasets/hm3d/val/00861-GLAQ4DNUx5U/GLAQ4DNUx5U.basis.scn` exists but failed to load.
{
  "aggregate": {
    "GTTargetOracle": {
      "episodes": 30,
      "final_candidate_changed_rate": null,
      "mean_U_sem_delta_after_reobserve": null,
      "mean_num_reobservations": 0.0,
      "mean_score_delta_after_reobserve": null,
      "mean_spl": 1.0,
      "mean_travel_cost_to_reobserve": null,
      "mean_wasted_path_reobserve": 0.0,
      "mean_wasted_path_total": 0.0,
      "mean_wasted_path_wrong_goal": 0.0,
      "success_rate": 1.0,
      "switch_gate_pass_rate": null,
      "wrong_goal_visit_rate": 0.0
    },
    "NoReobserve": {
      "episodes": 30,
      "final_candidate_changed_rate": null,
      "mean_U_sem_delta_after_reobserve": null,
      "mean_num_reobservations": 0.0,
      "mean_score_delta_after_reobserve": null,
      "mean_spl": 0.12710905795372462,
      "mean_travel_cost_to_reobserve": null,
      "mean_wasted_path_reobserve": 0.0,
      "mean_wasted_path_total": 11.835756128123148,
      "mean_wasted_path_wrong_goal": 9.395269409815471,
      "success_rate": 0.3,
      "switch_gate_pass_rate": null,
      "wrong_goal_visit_rate": 0.6333333333333333
    }
  },
  "candidate_artifact": "/runs/h001_replacement_probe_artifacts_spatial_nms_p97_k20_v1/all_scenes_aligned.jsonl",
  "candidate_backend": "artifact_jsonl",
  "candidate_backend_uses_gt_for_action": false,
  "candidate_decision_rows": 660,
  "dataset": "hm3d_objectnav_v2",
  "episode_rows": 60,
  "episodes_loaded": 30,
  "episodes_requested": 30,
  "loaded_datasets": [
    "hm3d_objectnav_v2"
  ],
  "loaded_manifest_splits": [
    "replacement_probe"
  ],
  "loaded_source_splits": [
    "val"
  ],
  "manifest": "/workspace/hypothesis/CAND-01/H001_uncertainty-reobservation/manifests/h001_replacement_probe_v1.json",
  "manifest_split": "replacement_probe",
  "notes": [
    "diagnostic GT-assisted backend is for smoke only; artifact_jsonl is the non-GT adapter boundary",
    "not a paper result",
    "used to validate log schema, GT references, and baseline comparability"
  ],
  "policies": [
    "GTTargetOracle",
    "NoReobserve"
  ],
  "requested_dataset": "hm3d_objectnav_v2",
  "requested_split": "val",
  "run_id": "h001_replacement_probe_spatial_nms_p97_k20_coverage_sanity_20260515",
  "schema_version": "h001.navlog.v1",
  "semantic_delta_switch_score": 0.03,
  "semantic_delta_switch_uncertainty": 0.05,
  "semantic_evidence_mode": "support_proxy",
  "semantic_image_score_rule": "raw_delta",
  "semantic_max_reobservations": 1,
  "semantic_postview_score_artifact": null,
  "semantic_postview_score_rows": null,
  "semantic_postview_uses_gt_for_action": null,
  "semantic_reobs_view_bonus": 1,
  "semantic_tie_band": 0.01,
  "semantic_uncertainty_trigger": 0.6,
  "semantic_use_postview_uncertainty_gate": true,
  "split": "val",
  "viewpoint_decision_rows": 0
}
[02:55:05:618986]:[Error]:[Scene] SemanticScene.cpp(139)::loadSemanticSceneDescriptor : SSD Load Failure! File with SemanticAttributes-provided name `/data/scene_datasets/hm3d/val/00853-5cdEh9F2hJL/5cdEh9F2hJL.basis.scn` exists but failed to load.
[02:55:05:695530]:[Error]:[Scene] SemanticScene.cpp(139)::loadSemanticSceneDescriptor : SSD Load Failure! File with SemanticAttributes-provided name `/data/scene_datasets/hm3d/val/00890-6s7QHgap2fW/6s7QHgap2fW.basis.scn` exists but failed to load.
[02:55:05:750206]:[Error]:[Scene] SemanticScene.cpp(139)::loadSemanticSceneDescriptor : SSD Load Failure! File with SemanticAttributes-provided name `/data/scene_datasets/hm3d/val/00861-GLAQ4DNUx5U/GLAQ4DNUx5U.basis.scn` exists but failed to load.
{
  "by_scene": {
    "5cdEh9F2hJL": {
      "candidate_count_mean": 20.0,
      "episodes": 10,
      "reachable_correct_and_wrong_rate": 1.0,
      "top_candidate_reachable_rate": 1.0
    },
    "6s7QHgap2fW": {
      "candidate_count_mean": 20.0,
      "episodes": 10,
      "reachable_correct_and_wrong_rate": 0.6,
      "top_candidate_reachable_rate": 1.0
    },
    "GLAQ4DNUx5U": {
      "candidate_count_mean": 20.0,
      "episodes": 10,
      "reachable_correct_and_wrong_rate": 0.4,
      "top_candidate_reachable_rate": 0.8
    }
  },
  "candidate_artifact": "/runs/h001_replacement_probe_artifacts_spatial_nms_p97_k20_v1/all_scenes_aligned.jsonl",
  "candidate_backend": "artifact_jsonl",
  "candidate_backend_uses_gt_for_action": false,
  "candidate_count_per_episode": {
    "max": 20,
    "mean": 20.0,
    "min": 20
  },
  "candidate_label_coverage": 1.0,
  "candidate_reachable_rate": 0.8783333333333333,
  "candidate_rows": 600,
  "checks": {
    "all_episodes_have_candidates": true,
    "backend_uses_gt_for_action": false,
    "candidate_label_coverage_pass": true,
    "no_reobserve_wrong_goal_pass": true,
    "overall_pass": true,
    "reachable_correct_and_wrong_pass": true
  },
  "episodes": 30,
  "episodes_with_correct_candidate_rate": 0.7333333333333333,
  "episodes_with_reachable_correct_and_wrong_rate": 0.6666666666666666,
  "episodes_with_reachable_correct_rate": 0.6666666666666666,
  "episodes_with_reachable_wrong_rate": 1.0,
  "episodes_with_wrong_candidate_rate": 1.0,
  "manifest": "/workspace/hypothesis/CAND-01/H001_uncertainty-reobservation/manifests/h001_replacement_probe_v1.json",
  "manifest_split": "replacement_probe",
  "no_reobserve_summary": {
    "episodes": 30,
    "final_candidate_changed_rate": null,
    "mean_U_sem_delta_after_reobserve": null,
    "mean_num_reobservations": 0.0,
    "mean_score_delta_after_reobserve": null,
    "mean_spl": 0.12710905795372462,
    "mean_travel_cost_to_reobserve": null,
    "mean_wasted_path_reobserve": 0.0,
    "mean_wasted_path_total": 11.835756128123148,
    "mean_wasted_path_wrong_goal": 9.395269409815471,
    "success_rate": 0.3,
    "switch_gate_pass_rate": null,
    "wrong_goal_visit_rate": 0.6333333333333333
  },
  "query_counts": {
    "bed": 6,
    "chair": 6,
    "plant": 6,
    "sofa": 6,
    "toilet": 3,
    "tv_monitor": 3
  },
  "schema_version": "h001.artifact_coverage.v1",
  "summary": "/runs/h001_replacement_probe_policy_spatial_nms_p97_k20_v1/coverage_sanity/summary.json",
  "top_candidate_correct_rate": 0.36666666666666664,
  "top_candidate_reachable_rate": 0.9333333333333333
}
[2026-05-15T11:55:06+09:00] coverage_exit_status=
