started_at=2026-05-19T12:59:00+09:00
working_directory=/home/yoohyun/research3
exact_command=TS=20260519-125841 bash /home/yoohyun/research3/hypothesis/CAND-01/H001_uncertainty-reobservation/runtime/jobs/v3_fresh_external_candidate_followup_v2_stage2.sh
external_out=/tmp/research3-runs/h001_v3_fresh_validation_pair_objective_v4b_external_candidate_detector_v1
candidate_artifact=/tmp/research3-runs/h001_v3_fresh_validation_artifacts_spatial_nms_p97_k20_v1/all_scenes_aligned.jsonl
external_evidence_v4_rows=/tmp/research3-runs/h001_v3_fresh_validation_pair_objective_v4b_external_candidate_detector_v1/external_candidate_evidence_v4/external_candidate_evidence_v4_rows.jsonl
object_node_features=/tmp/research3-runs/h001_v3_fresh_validation_pair_objective_v4_revised_geometry_v1/association_recovery/candidate_object_node_features_after_second.jsonl
followup_plan_out=/tmp/research3-runs/h001_v3_fresh_validation_pair_objective_v4b_external_candidate_detector_v1/external_candidate_followup_plan
followup_frames_out=/tmp/research3-runs/h001_v3_fresh_validation_pair_objective_v4b_external_candidate_detector_v1/external_candidate_followup_frames
followup_detector_out=/tmp/research3-runs/h001_v3_fresh_validation_pair_objective_v4b_external_candidate_detector_v1/external_candidate_followup_detector
followup_evidence_v2_out=/tmp/research3-runs/h001_v3_fresh_validation_pair_objective_v4b_external_candidate_detector_v1/external_candidate_followup_evidence_v2
stage2_plan_out=/tmp/research3-runs/h001_v3_fresh_validation_pair_objective_v4b_external_candidate_detector_v1/external_candidate_followup_identity_stage2_plan
stage2_frames_out=/tmp/research3-runs/h001_v3_fresh_validation_pair_objective_v4b_external_candidate_detector_v1/external_candidate_followup_identity_stage2_frames
stage2_detector_out=/tmp/research3-runs/h001_v3_fresh_validation_pair_objective_v4b_external_candidate_detector_v1/external_candidate_followup_identity_stage2_detector
stage2_evidence_out=/tmp/research3-runs/h001_v3_fresh_validation_pair_objective_v4b_external_candidate_detector_v1/external_candidate_followup_identity_stage2_evidence
integrated_out=/tmp/research3-runs/h001_v3_fresh_validation_pair_objective_v4b_external_candidate_detector_v1/external_candidate_followup_v2_stage2_validation
log=/home/yoohyun/research3/logs/v3-fresh-external-candidate-followup-v2-stage2-20260519-125841.log
run_id=h001_v3_fresh_external_candidate_followup_v2_stage2
expected_files=/tmp/research3-runs/h001_v3_fresh_validation_pair_objective_v4b_external_candidate_detector_v1/external_candidate_followup_plan/external_candidate_followup_observation_plan.jsonl /tmp/research3-runs/h001_v3_fresh_validation_pair_objective_v4b_external_candidate_detector_v1/external_candidate_followup_detector/summary.json /tmp/research3-runs/h001_v3_fresh_validation_pair_objective_v4b_external_candidate_detector_v1/external_candidate_followup_evidence_v2/external_candidate_followup_evidence_summary.json /tmp/research3-runs/h001_v3_fresh_validation_pair_objective_v4b_external_candidate_detector_v1/external_candidate_followup_identity_stage2_plan/external_candidate_second_stage_identity_summary.json /tmp/research3-runs/h001_v3_fresh_validation_pair_objective_v4b_external_candidate_detector_v1/external_candidate_followup_identity_stage2_detector/summary.json /tmp/research3-runs/h001_v3_fresh_validation_pair_objective_v4b_external_candidate_detector_v1/external_candidate_followup_identity_stage2_evidence/external_candidate_second_stage_identity_evidence_summary.json /tmp/research3-runs/h001_v3_fresh_validation_pair_objective_v4b_external_candidate_detector_v1/external_candidate_followup_v2_stage2_validation/external_candidate_followup_v2_stage2_validation_summary.json
verification_command=cat /tmp/research3-runs/h001_v3_fresh_validation_pair_objective_v4b_external_candidate_detector_v1/external_candidate_followup_v2_stage2_job_status.json && cat /tmp/research3-runs/h001_v3_fresh_validation_pair_objective_v4b_external_candidate_detector_v1/external_candidate_followup_v2_stage2_validation/external_candidate_followup_v2_stage2_validation_summary.json
{'stage': 'prerequisite_check_passed', 'paths': {'data_root': '/tmp/research3-data', 'hm3d': '/tmp/research3-data/scene_datasets/hm3d', 'candidate_artifact': '/tmp/research3-runs/h001_v3_fresh_validation_artifacts_spatial_nms_p97_k20_v1/all_scenes_aligned.jsonl', 'external_evidence_v4_rows': '/tmp/research3-runs/h001_v3_fresh_validation_pair_objective_v4b_external_candidate_detector_v1/external_candidate_evidence_v4/external_candidate_evidence_v4_rows.jsonl', 'object_node_features': '/tmp/research3-runs/h001_v3_fresh_validation_pair_objective_v4_revised_geometry_v1/association_recovery/candidate_object_node_features_after_second.jsonl', 'groundingdino_config': '/tmp/research3-models/openvocab/groundingdino/IDEA-Research_grounding-dino-tiny/config.json', 'groundingdino_weights': '/tmp/research3-models/openvocab/groundingdino/IDEA-Research_grounding-dino-tiny/model.safetensors', 'sam2_checkpoint': '/tmp/research3-models/openvocab/sam2/sam2.1_hiera_tiny/sam2.1_hiera_tiny.pt'}}
[03:59:01:702789]:[Error]:[Scene] SemanticScene.cpp(139)::loadSemanticSceneDescriptor : SSD Load Failure! File with SemanticAttributes-provided name `/data/scene_datasets/hm3d/val/00824-Dd4bFSTQ8gi/Dd4bFSTQ8gi.basis.scn` exists but failed to load.
{
  "candidate_artifact": "/runs/h001_v3_fresh_validation_artifacts_spatial_nms_p97_k20_v1/all_scenes_aligned.jsonl",
  "external_evidence_v4_rows": "/runs/h001_v3_fresh_validation_pair_objective_v4b_external_candidate_detector_v1/external_candidate_evidence_v4/external_candidate_evidence_v4_rows.jsonl",
  "followup_action_counts": {
    "expanded_retrieval": 36,
    "identity_confirmation": 3
  },
  "followup_reason_counts": {
    "request_expanded_retrieval_no_positive_external_evidence": 6,
    "request_expanded_retrieval_weak_external_evidence": 18,
    "request_expanded_retrieval_without_strong_depth_association": 12,
    "request_identity_confirmation_multiple_strong_instances": 3
  },
  "followup_role_counts": {
    "expanded_1": 6,
    "expanded_2": 6,
    "expanded_3": 6,
    "expanded_4": 6,
    "expanded_5": 6,
    "expanded_6": 6,
    "rival_1": 1,
    "rival_2": 1,
    "selected": 1
  },
  "max_expanded_candidates": 6,
  "max_identity_candidate_ids": 6,
  "max_identity_targets": 3,
  "out_root": "/runs/h001_v3_fresh_validation_pair_objective_v4b_external_candidate_detector_v1/external_candidate_followup_plan",
  "output_files": {
    "plan_rows": "external_candidate_followup_observation_plan.jsonl",
    "skipped_rows": "external_candidate_followup_observation_skipped.jsonl",
    "summary": "external_candidate_followup_observation_summary.json"
  },
  "plan_rows": 39,
  "policy": "ExternalCandidateFollowupObservation",
  "rows_by_external_branch_id": {
    "external_candidate:12": 6,
    "external_candidate:13": 6,
    "external_candidate:14": 6,
    "external_candidate:16": 6,
    "external_candidate:17": 6,
    "external_candidate:21": 6,
    "external_candidate:8": 3
  },
  "schema_version": "h001.external_candidate_followup_observation_plan.v1",
  "skipped_rows": 0,
  "source_action_counts": {
    "external_evidence_v4_commit_candidate": 1,
    "external_evidence_v4_request_expanded_retrieval": 6,
    "external_evidence_v4_request_identity_confirmation": 1
  },
  "source_rows": 8,
  "uses_gt_for_action": false,
  "uses_gt_for_analysis": true,
  "viewpoint_source_counts": {
    "expanded_candidate_visit_position": 36,
    "standoff_navmesh": 3
  }
}
[03:59:02:929646]:[Error]:[Scene] SemanticScene.cpp(139)::loadSemanticSceneDescriptor : SSD Load Failure! File with SemanticAttributes-provided name `/data/scene_datasets/hm3d/val/00843-DYehNKdT76V/DYehNKdT76V.basis.scn` exists but failed to load.
[03:59:03:619847]:[Error]:[Scene] SemanticScene.cpp(139)::loadSemanticSceneDescriptor : SSD Load Failure! File with SemanticAttributes-provided name `/data/scene_datasets/hm3d/val/00894-HY1NcmCgn3n/HY1NcmCgn3n.basis.scn` exists but failed to load.
[03:59:04:594150]:[Error]:[Scene] SemanticScene.cpp(139)::loadSemanticSceneDescriptor : SSD Load Failure! File with SemanticAttributes-provided name `/data/scene_datasets/hm3d/val/00823-7MXmsvcQjpJ/7MXmsvcQjpJ.basis.scn` exists but failed to load.
[03:59:05:971916]:[Error]:[Scene] SemanticScene.cpp(139)::loadSemanticSceneDescriptor : SSD Load Failure! File with SemanticAttributes-provided name `/data/scene_datasets/hm3d/val/00894-HY1NcmCgn3n/HY1NcmCgn3n.basis.scn` exists but failed to load.
[03:59:06:894441]:[Error]:[Scene] SemanticScene.cpp(139)::loadSemanticSceneDescriptor : SSD Load Failure! File with SemanticAttributes-provided name `/data/scene_datasets/hm3d/val/00823-7MXmsvcQjpJ/7MXmsvcQjpJ.basis.scn` exists but failed to load.
[03:59:08:480191]:[Error]:[Scene] SemanticScene.cpp(139)::loadSemanticSceneDescriptor : SSD Load Failure! File with SemanticAttributes-provided name `/data/scene_datasets/hm3d/val/00824-Dd4bFSTQ8gi/Dd4bFSTQ8gi.basis.scn` exists but failed to load.
{
  "camera_height": 1.5,
  "candidate_artifact": "/runs/h001_v3_fresh_validation_artifacts_spatial_nms_p97_k20_v1/all_scenes_aligned.jsonl",
  "errors": [],
  "height": 120,
  "hfov": 90.0,
  "max_headings_per_row": 13,
  "min_headings_per_row": 9,
  "next_expected_file": "postview_scores.jsonl",
  "ok": true,
  "out_root": "/runs/h001_v3_fresh_validation_pair_objective_v4b_external_candidate_detector_v1/external_candidate_followup_frames",
  "policy": "ExternalCandidateFollowupObservation",
  "rendered_heading_count": 438,
  "rows_exported": 39,
  "rows_requested": 39,
  "schema_version": "h001.postview.v2",
  "unique_scenes": [
    "hm3d_v0.2/val/00823-7MXmsvcQjpJ/7MXmsvcQjpJ.basis.glb",
    "hm3d_v0.2/val/00824-Dd4bFSTQ8gi/Dd4bFSTQ8gi.basis.glb",
    "hm3d_v0.2/val/00843-DYehNKdT76V/DYehNKdT76V.basis.glb",
    "hm3d_v0.2/val/00894-HY1NcmCgn3n/HY1NcmCgn3n.basis.glb"
  ],
  "uses_gt_for_action": false,
  "viewpoint_decisions": "/runs/h001_v3_fresh_validation_pair_objective_v4b_external_candidate_detector_v1/external_candidate_followup_plan/external_candidate_followup_observation_plan.jsonl",
  "width": 160,
  "yaw_offsets_deg": [
    -30.0,
    0.0,
    30.0
  ]
}
/opt/conda/lib/python3.11/site-packages/transformers/utils/hub.py:105: FutureWarning: Using `TRANSFORMERS_CACHE` is deprecated and will be removed in v5 of Transformers. Use `HF_HOME` instead.
  warnings.warn(
/opt/conda/lib/python3.11/site-packages/torchvision/transforms/functional.py:154: UserWarning: The given NumPy array is not writable, and PyTorch does not support non-writable tensors. This means writing to this tensor will result in undefined behavior. You may want to copy the array to protect its data or make it writable before converting it to a tensor. This type of warning will be suppressed for the rest of this program. (Triggered internally at /pytorch/torch/csrc/utils/tensor_numpy.cpp:203.)
  img = torch.from_numpy(pic.transpose((2, 0, 1))).contiguous()
{
  "associated_candidate_heading_count": 47,
  "association_rows": 1172,
  "box_threshold": 0.1,
  "candidate_artifact": "/runs/h001_v3_fresh_validation_artifacts_spatial_nms_p97_k20_v1/all_scenes_aligned.jsonl",
  "debug_images_written": 160,
  "detector_box_count_per_heading": {
    "max": 3,
    "mean": 1.32648401826484,
    "min": 0
  },
  "detector_box_rows": 581,
  "detector_mask_rows": 581,
  "device": "cuda",
  "frames": "/runs/h001_v3_fresh_validation_pair_objective_v4b_external_candidate_detector_v1/external_candidate_followup_frames/postview_frames_v2.jsonl",
  "groundingdino_dir": "/models/openvocab/groundingdino/IDEA-Research_grounding-dino-tiny",
  "max_detector_boxes_per_heading": 3,
  "max_headings_per_frame": 0,
  "max_masks_per_heading": 3,
  "out_root": "/runs/h001_v3_fresh_validation_pair_objective_v4b_external_candidate_detector_v1/external_candidate_followup_detector",
  "output_files": {
    "detector_boxes": "detector_boxes.jsonl",
    "detector_candidate_associations": "detector_candidate_associations.jsonl",
    "detector_masks": "detector_masks.jsonl",
    "frame_summary": "frame_summary.jsonl",
    "summary": "summary.json"
  },
  "projected_pixel_inside_mask_count": 238,
  "projection_status_counts": {
    "behind_camera": 451,
    "out_of_fov": 353,
    "visible": 368
  },
  "query_template": "{query}",
  "rows": 39,
  "rows_with_candidate_association": 14,
  "rows_with_candidate_association_rate": 0.358974358974359,
  "rows_with_detector_box": 39,
  "rows_with_detector_box_rate": 1.0,
  "rows_with_sam2_mask": 39,
  "rows_with_sam2_mask_rate": 1.0,
  "sam2_checkpoint": "/models/openvocab/sam2/sam2.1_hiera_tiny/sam2.1_hiera_tiny.pt",
  "schema_version": "h001.postview_detector.v3c_groundingdino_sam2",
  "text_threshold": 0.1,
  "uses_gt_for_action": false
}
{
  "action_by_label_case": {
    "alt_only_correct": {
      "followup_evidence_v1_commit_expanded_candidate": 3,
      "followup_evidence_v1_request_identity_confirmation": 1
    },
    "both_candidates_correct": {
      "followup_evidence_v1_defer": 1
    },
    "top_only_correct": {
      "followup_evidence_v1_request_identity_confirmation": 2
    }
  },
  "action_by_property_group": {
    "large_repeated_furniture": {
      "followup_evidence_v1_defer": 1,
      "followup_evidence_v1_request_identity_confirmation": 1
    },
    "small_or_cluttered": {
      "followup_evidence_v1_commit_expanded_candidate": 3,
      "followup_evidence_v1_request_identity_confirmation": 2
    }
  },
  "action_by_source_external_evidence_v4_action": {
    "external_evidence_v4_request_expanded_retrieval": {
      "followup_evidence_v1_commit_expanded_candidate": 3,
      "followup_evidence_v1_request_identity_confirmation": 3
    },
    "external_evidence_v4_request_identity_confirmation": {
      "followup_evidence_v1_defer": 1
    }
  },
  "action_counts": {
    "followup_evidence_v1_commit_expanded_candidate": 3,
    "followup_evidence_v1_defer": 1,
    "followup_evidence_v1_request_identity_confirmation": 3
  },
  "association_rows": 1172,
  "detector_root": "/runs/h001_v3_fresh_validation_pair_objective_v4b_external_candidate_detector_v1/external_candidate_followup_detector",
  "external_evidence_v4_rows": "/runs/h001_v3_fresh_validation_pair_objective_v4b_external_candidate_detector_v1/external_candidate_evidence_v4/external_candidate_evidence_v4_rows.jsonl",
  "followup_observation_plan": "/runs/h001_v3_fresh_validation_pair_objective_v4b_external_candidate_detector_v1/external_candidate_followup_plan/external_candidate_followup_observation_plan.jsonl",
  "frame_rows": 39,
  "gate": {
    "candidate_association_rate_diagnostic": 0.358974358974359,
    "commit_rate": 0.42857142857142855,
    "detector_box_rate": 1.0,
    "followup_evidence_available_rate": 1.0,
    "followup_positive_evidence_rate": 1.0,
    "followup_strong_depth_evidence_rate": 1.0,
    "labeled_row_rate": 1.0,
    "max_no_valid_commit_rate": 0.1,
    "max_wrong_goal_commit_rate": 0.1,
    "min_commit_rate": 0.15,
    "min_detector_box_rate": 0.8,
    "min_followup_evidence_available_rate": 0.5,
    "min_followup_positive_evidence_rate": 0.3,
    "min_followup_strong_depth_evidence_rate": 0.2,
    "min_sam2_mask_rate": 0.8,
    "min_success_commit_rate": 0.15,
    "no_valid_commit_rate": 0.0,
    "passes_followup_detector_substrate_gate_v1": true,
    "passes_followup_evidence_full_gate_v1": false,
    "passes_followup_evidence_safety_gate_v1": false,
    "request_identity_confirmation_rate": 0.42857142857142855,
    "sam2_mask_rate": 1.0,
    "success_commit_rate": 0.0,
    "wrong_goal_commit_rate": 0.42857142857142855,
    "wrong_goal_commit_rate_on_commits": 1.0
  },
  "large_repeated_expanded_retrieval_guard": "auto",
  "object_node_features": "/runs/h001_v3_fresh_validation_pair_objective_v4_revised_geometry_v1/association_recovery/candidate_object_node_features_after_second.jsonl",
  "objective_design": {
    "failure_modes_addressed": [
      "over-deferral after retrieval-invalid external evidence",
      "wrong repeated-object commit after identity-ambiguous evidence",
      "no-valid external candidate set after expanded retrieval"
    ],
    "not_threshold_only": [
      "identity confirmation checks selected-vs-rival support after targeted standoff observations",
      "expanded retrieval checks whether newly observed semantic candidates create a valid commit candidate",
      "large repeated furniture can remain in identity-confirmation state rather than forcing a commit"
    ],
    "role": "convert V4 mobility requests into post-follow-up commit/request/defer decisions",
    "v2_revision": [
      "large repeated furniture expanded-retrieval rows do not directly commit from detector/depth support alone",
      "strong depth association is treated as observation evidence, not instance-validity proof",
      "identity-confirmation defer behavior is preserved for rival-supported repeated-object rows"
    ]
  },
  "objective_version": "v2",
  "observed_branch_ids": [
    "external_candidate:12",
    "external_candidate:13",
    "external_candidate:14",
    "external_candidate:16",
    "external_candidate:17",
    "external_candidate:21",
    "external_candidate:8"
  ],
  "observed_only": true,
  "out_root": "/runs/h001_v3_fresh_validation_pair_objective_v4b_external_candidate_detector_v1/external_candidate_followup_evidence_v2",
  "output_files": {
    "rows": "external_candidate_followup_evidence_rows.jsonl",
    "summary": "external_candidate_followup_evidence_summary.json"
  },
  "plan_rows": 39,
  "reason_counts": {
    "commit_expanded_candidate_after_followup": 3,
    "defer_identity_ambiguous_rival_supported": 1,
    "request_identity_confirmation_after_expanded_retrieval_multiple_strong": 3
  },
  "schema_version": "h001.external_candidate_followup_evidence.v2",
  "skipped_unobserved_source_rows": 0,
  "source_request_rows": 7,
  "source_rows_analyzed": 7,
  "source_rows_total": 8,
  "thresholds": {
    "min_commit_score": 0.35,
    "min_expanded_retrieval_margin": 0.1,
    "min_identity_followup_margin": 0.2,
    "min_small_or_cluttered_followup_margin": 0.2,
    "min_strong_mask_hit_count": 2.0,
    "min_strong_strict_association_count": 2.0,
    "min_strong_visible_count": 3.0
  },
  "unmatched_association_rows": 0,
  "uses_gt_for_action": false,
  "uses_gt_for_analysis": true
}
[04:00:29:541324]:[Error]:[Scene] SemanticScene.cpp(139)::loadSemanticSceneDescriptor : SSD Load Failure! File with SemanticAttributes-provided name `/data/scene_datasets/hm3d/val/00843-DYehNKdT76V/DYehNKdT76V.basis.scn` exists but failed to load.
[04:00:29:588428]:[Error]:[Scene] SemanticScene.cpp(139)::loadSemanticSceneDescriptor : SSD Load Failure! File with SemanticAttributes-provided name `/data/scene_datasets/hm3d/val/00894-HY1NcmCgn3n/HY1NcmCgn3n.basis.scn` exists but failed to load.
{
  "candidate_artifact": "/runs/h001_v3_fresh_validation_artifacts_spatial_nms_p97_k20_v1/all_scenes_aligned.jsonl",
  "followup_evidence_rows": "/runs/h001_v3_fresh_validation_pair_objective_v4b_external_candidate_detector_v1/external_candidate_followup_evidence_v2/external_candidate_followup_evidence_rows.jsonl",
  "max_candidate_ids": 6,
  "max_rivals": 1,
  "max_targets_per_request": 2,
  "out_root": "/runs/h001_v3_fresh_validation_pair_objective_v4b_external_candidate_detector_v1/external_candidate_followup_identity_stage2_plan",
  "output_files": {
    "plan_rows": "external_candidate_second_stage_identity_plan.jsonl",
    "skipped_rows": "external_candidate_second_stage_identity_skipped.jsonl",
    "summary": "external_candidate_second_stage_identity_summary.json"
  },
  "plan_rows": 6,
  "policy": "ExternalCandidateSecondStageIdentityConfirmation",
  "request_query_counts": {
    "chair": 1,
    "plant": 2
  },
  "request_rows": 3,
  "role_counts": {
    "rival_1_standoff": 3,
    "selected_standoff": 3
  },
  "rows_by_external_branch_id": {
    "external_candidate:12": 2,
    "external_candidate:13": 2,
    "external_candidate:16": 2
  },
  "schema_version": "h001.external_candidate_second_stage_identity_plan.v1",
  "skipped_rows": 0,
  "source_rows": 7,
  "uses_gt_for_action": false,
  "uses_gt_for_analysis": true,
  "viewpoint_source_counts": {
    "standoff_navmesh": 6
  }
}
[04:00:30:619043]:[Error]:[Scene] SemanticScene.cpp(139)::loadSemanticSceneDescriptor : SSD Load Failure! File with SemanticAttributes-provided name `/data/scene_datasets/hm3d/val/00843-DYehNKdT76V/DYehNKdT76V.basis.scn` exists but failed to load.
[04:00:31:162949]:[Error]:[Scene] SemanticScene.cpp(139)::loadSemanticSceneDescriptor : SSD Load Failure! File with SemanticAttributes-provided name `/data/scene_datasets/hm3d/val/00894-HY1NcmCgn3n/HY1NcmCgn3n.basis.scn` exists but failed to load.
{
  "camera_height": 1.5,
  "candidate_artifact": "/runs/h001_v3_fresh_validation_artifacts_spatial_nms_p97_k20_v1/all_scenes_aligned.jsonl",
  "errors": [],
  "height": 120,
  "hfov": 90.0,
  "max_headings_per_row": 12,
  "min_headings_per_row": 10,
  "next_expected_file": "postview_scores.jsonl",
  "ok": true,
  "out_root": "/runs/h001_v3_fresh_validation_pair_objective_v4b_external_candidate_detector_v1/external_candidate_followup_identity_stage2_frames",
  "policy": "ExternalCandidateSecondStageIdentityConfirmation",
  "rendered_heading_count": 65,
  "rows_exported": 6,
  "rows_requested": 6,
  "schema_version": "h001.postview.v2",
  "unique_scenes": [
    "hm3d_v0.2/val/00843-DYehNKdT76V/DYehNKdT76V.basis.glb",
    "hm3d_v0.2/val/00894-HY1NcmCgn3n/HY1NcmCgn3n.basis.glb"
  ],
  "uses_gt_for_action": false,
  "viewpoint_decisions": "/runs/h001_v3_fresh_validation_pair_objective_v4b_external_candidate_detector_v1/external_candidate_followup_identity_stage2_plan/external_candidate_second_stage_identity_plan.jsonl",
  "width": 160,
  "yaw_offsets_deg": [
    -30.0,
    0.0,
    30.0
  ]
}
/opt/conda/lib/python3.11/site-packages/transformers/utils/hub.py:105: FutureWarning: Using `TRANSFORMERS_CACHE` is deprecated and will be removed in v5 of Transformers. Use `HF_HOME` instead.
  warnings.warn(
/opt/conda/lib/python3.11/site-packages/torchvision/transforms/functional.py:154: UserWarning: The given NumPy array is not writable, and PyTorch does not support non-writable tensors. This means writing to this tensor will result in undefined behavior. You may want to copy the array to protect its data or make it writable before converting it to a tensor. This type of warning will be suppressed for the rest of this program. (Triggered internally at /pytorch/torch/csrc/utils/tensor_numpy.cpp:203.)
  img = torch.from_numpy(pic.transpose((2, 0, 1))).contiguous()
{
  "associated_candidate_heading_count": 16,
  "association_rows": 151,
  "box_threshold": 0.1,
  "candidate_artifact": "/runs/h001_v3_fresh_validation_artifacts_spatial_nms_p97_k20_v1/all_scenes_aligned.jsonl",
  "debug_images_written": 65,
  "detector_box_count_per_heading": {
    "max": 3,
    "mean": 1.476923076923077,
    "min": 0
  },
  "detector_box_rows": 96,
  "detector_mask_rows": 96,
  "device": "cuda",
  "frames": "/runs/h001_v3_fresh_validation_pair_objective_v4b_external_candidate_detector_v1/external_candidate_followup_identity_stage2_frames/postview_frames_v2.jsonl",
  "groundingdino_dir": "/models/openvocab/groundingdino/IDEA-Research_grounding-dino-tiny",
  "max_detector_boxes_per_heading": 3,
  "max_headings_per_frame": 0,
  "max_masks_per_heading": 3,
  "out_root": "/runs/h001_v3_fresh_validation_pair_objective_v4b_external_candidate_detector_v1/external_candidate_followup_identity_stage2_detector",
  "output_files": {
    "detector_boxes": "detector_boxes.jsonl",
    "detector_candidate_associations": "detector_candidate_associations.jsonl",
    "detector_masks": "detector_masks.jsonl",
    "frame_summary": "frame_summary.jsonl",
    "summary": "summary.json"
  },
  "projected_pixel_inside_mask_count": 48,
  "projection_status_counts": {
    "behind_camera": 58,
    "out_of_fov": 26,
    "visible": 67
  },
  "query_template": "{query}",
  "rows": 6,
  "rows_with_candidate_association": 6,
  "rows_with_candidate_association_rate": 1.0,
  "rows_with_detector_box": 6,
  "rows_with_detector_box_rate": 1.0,
  "rows_with_sam2_mask": 6,
  "rows_with_sam2_mask_rate": 1.0,
  "sam2_checkpoint": "/models/openvocab/sam2/sam2.1_hiera_tiny/sam2.1_hiera_tiny.pt",
  "schema_version": "h001.postview_detector.v3c_groundingdino_sam2",
  "text_threshold": 0.1,
  "uses_gt_for_action": false
}
{
  "action_by_label_case": {
    "alt_only_correct": {
      "second_stage_identity_v1_request_further_identity_confirmation": 1
    },
    "top_only_correct": {
      "second_stage_identity_v1_request_further_identity_confirmation": 2
    }
  },
  "action_by_property_group": {
    "large_repeated_furniture": {
      "second_stage_identity_v1_request_further_identity_confirmation": 1
    },
    "small_or_cluttered": {
      "second_stage_identity_v1_request_further_identity_confirmation": 2
    }
  },
  "action_counts": {
    "second_stage_identity_v1_request_further_identity_confirmation": 3
  },
  "association_rows": 151,
  "detector_root": "/runs/h001_v3_fresh_validation_pair_objective_v4b_external_candidate_detector_v1/external_candidate_followup_identity_stage2_detector",
  "followup_evidence_rows": "/runs/h001_v3_fresh_validation_pair_objective_v4b_external_candidate_detector_v1/external_candidate_followup_evidence_v2/external_candidate_followup_evidence_rows.jsonl",
  "frame_rows": 6,
  "gate": {
    "candidate_association_rate_diagnostic": 1.0,
    "commit_rate": 0.0,
    "detector_box_rate": 1.0,
    "max_no_valid_commit_rate": 0.0,
    "max_visit_position_only_commit_rate": 0.0,
    "max_wrong_goal_commit_rate": 0.0,
    "min_commit_rate": 0.15,
    "min_detector_box_rate": 0.8,
    "min_sam2_mask_rate": 0.8,
    "min_second_stage_evidence_available_rate": 0.5,
    "min_second_stage_positive_evidence_rate": 0.3,
    "min_second_stage_strong_depth_evidence_rate": 0.2,
    "min_success_commit_rate": 0.15,
    "no_valid_commit_rate": 0.0,
    "passes_second_stage_identity_detector_substrate_gate_v1": true,
    "passes_second_stage_identity_full_gate_v1": false,
    "passes_second_stage_identity_safety_gate_v1": true,
    "passes_second_stage_identity_schema_gate_v1": true,
    "request_further_identity_confirmation_rate": 1.0,
    "sam2_mask_rate": 1.0,
    "second_stage_evidence_available_rate": 1.0,
    "second_stage_positive_evidence_rate": 1.0,
    "second_stage_strong_depth_evidence_rate": 1.0,
    "success_commit_rate": 0.0,
    "visit_position_only_commit_rate": 0.0,
    "wrong_goal_commit_rate": 0.0,
    "wrong_goal_commit_rate_on_commits": null
  },
  "objective_design": {
    "default_safety_contract": [
      "direct commit is disabled unless --allow-direct-commit is explicitly set",
      "candidate_visit_position_fallback evidence cannot authorize commit",
      "rival positive or strong evidence keeps the branch in identity-confirmation state"
    ],
    "failure_modes_addressed": [
      "large repeated furniture false commit from detector-supported but identity-invalid instance",
      "selected-vs-rival ambiguity after expanded retrieval",
      "visit-position-only evidence being treated as instance identity proof"
    ],
    "role": "convert V2 identity-confirmation requests into detector-backed selected-vs-rival identity decisions"
  },
  "observed_branch_ids": [
    "external_candidate:12",
    "external_candidate:13",
    "external_candidate:16"
  ],
  "observed_only": true,
  "out_root": "/runs/h001_v3_fresh_validation_pair_objective_v4b_external_candidate_detector_v1/external_candidate_followup_identity_stage2_evidence",
  "output_files": {
    "rows": "external_candidate_second_stage_identity_evidence_rows.jsonl",
    "summary": "external_candidate_second_stage_identity_evidence_summary.json"
  },
  "plan_rows": 6,
  "reason_counts": {
    "request_further_identity_confirmation_rival_supported": 2,
    "request_further_identity_confirmation_selected_not_strong_in_own_view": 1
  },
  "schema_version": "h001.external_candidate_second_stage_identity_evidence.v1",
  "second_stage_plan": "/runs/h001_v3_fresh_validation_pair_objective_v4b_external_candidate_detector_v1/external_candidate_followup_identity_stage2_plan/external_candidate_second_stage_identity_plan.jsonl",
  "skipped_unobserved_or_unplanned_rows": 0,
  "source_request_rows": 3,
  "source_rows_analyzed": 3,
  "source_rows_total": 7,
  "source_rows_with_plan": 3,
  "thresholds": {
    "allow_direct_commit": false,
    "min_identity_margin": 0.2,
    "min_identity_score": 0.35,
    "min_strong_mask_hit_count": 2.0,
    "min_strong_strict_association_count": 2.0,
    "min_strong_visible_count": 3.0
  },
  "unmatched_association_rows": 0,
  "uses_gt_for_action": false,
  "uses_gt_for_analysis": true
}
{
  "base_validation_schema_version": "h001.v3_fresh_pair_v4b_external_candidate_detector_validation.v1",
  "followup_v2": {
    "action_counts": {
      "followup_evidence_v1_commit_expanded_candidate": 3,
      "followup_evidence_v1_defer": 1,
      "followup_evidence_v1_request_identity_confirmation": 3
    },
    "association_rows": 1172,
    "frame_rows": 39,
    "gate": {
      "candidate_association_rate_diagnostic": 0.358974358974359,
      "commit_rate": 0.42857142857142855,
      "detector_box_rate": 1.0,
      "followup_evidence_available_rate": 1.0,
      "followup_positive_evidence_rate": 1.0,
      "followup_strong_depth_evidence_rate": 1.0,
      "labeled_row_rate": 1.0,
      "max_no_valid_commit_rate": 0.1,
      "max_wrong_goal_commit_rate": 0.1,
      "min_commit_rate": 0.15,
      "min_detector_box_rate": 0.8,
      "min_followup_evidence_available_rate": 0.5,
      "min_followup_positive_evidence_rate": 0.3,
      "min_followup_strong_depth_evidence_rate": 0.2,
      "min_sam2_mask_rate": 0.8,
      "min_success_commit_rate": 0.15,
      "no_valid_commit_rate": 0.0,
      "passes_followup_detector_substrate_gate_v1": true,
      "passes_followup_evidence_full_gate_v1": false,
      "passes_followup_evidence_safety_gate_v1": false,
      "request_identity_confirmation_rate": 0.42857142857142855,
      "sam2_mask_rate": 1.0,
      "success_commit_rate": 0.0,
      "wrong_goal_commit_rate": 0.42857142857142855,
      "wrong_goal_commit_rate_on_commits": 1.0
    },
    "plan_rows": 39,
    "reason_counts": {
      "commit_expanded_candidate_after_followup": 3,
      "defer_identity_ambiguous_rival_supported": 1,
      "request_identity_confirmation_after_expanded_retrieval_multiple_strong": 3
    },
    "schema_version": "h001.external_candidate_followup_evidence.v2",
    "source_request_rows": 7,
    "source_rows_analyzed": 7
  },
  "integrated": {
    "commit_rows": 3,
    "gate": {
      "commit_rate": 0.42857142857142855,
      "max_no_valid_commit_rate": 0.0,
      "max_visit_position_only_commit_rate": 0.0,
      "max_wrong_goal_commit_rate": 0.0,
      "min_commit_rate": 0.15,
      "min_success_commit_rate": 0.15,
      "no_valid_commit_rate": 0.0,
      "passes_followup_v2_detector_substrate": true,
      "passes_followup_v2_full": false,
      "passes_followup_v2_safety": false,
      "passes_integrated_detector_substrate": true,
      "passes_integrated_full_gate": false,
      "passes_integrated_safety_gate": false,
      "passes_integrated_stage2_coverage": true,
      "passes_stage2_detector_substrate": true,
      "passes_stage2_full": false,
      "passes_stage2_safety": true,
      "passes_stage2_schema": true,
      "stage2_request_coverage_rate": 1.0,
      "success_commit_rate": 0.0,
      "visit_position_only_commit_rate": 0.0,
      "wrong_goal_commit_rate": 0.42857142857142855,
      "wrong_goal_commit_rate_on_commits": 1.0
    },
    "no_valid_commit_rows": 0,
    "stage2_required_rows": 3,
    "stage2_resolved_rows": 3,
    "stage2_unresolved_rows": 0,
    "success_commit_rows": 0,
    "terminal_action_counts": {
      "followup_evidence_v1_commit_expanded_candidate": 3,
      "followup_evidence_v1_defer": 1,
      "second_stage_identity_v1_request_further_identity_confirmation": 3
    },
    "terminal_reason_counts": {
      "commit_expanded_candidate_after_followup": 3,
      "defer_identity_ambiguous_rival_supported": 1,
      "request_further_identity_confirmation_rival_supported": 2,
      "request_further_identity_confirmation_selected_not_strong_in_own_view": 1
    },
    "terminal_rows": 7,
    "terminal_source_counts": {
      "followup_v2": 4,
      "second_stage_identity": 3
    },
    "visit_position_only_commit_rows": 0,
    "wrong_goal_commit_rows": 3
  },
  "interpretation": {
    "first_eval_rerun_blocked": true,
    "next_required": "inspect integrated failure before rerun",
    "policy_scale_comparison_blocked": true,
    "safety_diagnostic_passed": false,
    "utility_proof_passed": false
  },
  "out_root": "/runs/h001_v3_fresh_validation_pair_objective_v4b_external_candidate_detector_v1/external_candidate_followup_v2_stage2_validation",
  "output_files": {
    "summary": "external_candidate_followup_v2_stage2_validation_summary.json",
    "terminal_rows": "external_candidate_followup_v2_stage2_terminal_rows.jsonl"
  },
  "paths": {
    "base_validation_summary": "/runs/h001_v3_fresh_validation_pair_objective_v4b_external_candidate_detector_v1/external_candidate_detector_validation_summary.json",
    "followup_v2_rows": "/runs/h001_v3_fresh_validation_pair_objective_v4b_external_candidate_detector_v1/external_candidate_followup_evidence_v2/external_candidate_followup_evidence_rows.jsonl",
    "followup_v2_summary": "/runs/h001_v3_fresh_validation_pair_objective_v4b_external_candidate_detector_v1/external_candidate_followup_evidence_v2/external_candidate_followup_evidence_summary.json",
    "second_stage_detector_summary": "/runs/h001_v3_fresh_validation_pair_objective_v4b_external_candidate_detector_v1/external_candidate_followup_identity_stage2_detector/summary.json",
    "second_stage_evidence_rows": "/runs/h001_v3_fresh_validation_pair_objective_v4b_external_candidate_detector_v1/external_candidate_followup_identity_stage2_evidence/external_candidate_second_stage_identity_evidence_rows.jsonl",
    "second_stage_evidence_summary": "/runs/h001_v3_fresh_validation_pair_objective_v4b_external_candidate_detector_v1/external_candidate_followup_identity_stage2_evidence/external_candidate_second_stage_identity_evidence_summary.json",
    "second_stage_frame_summary": "/runs/h001_v3_fresh_validation_pair_objective_v4b_external_candidate_detector_v1/external_candidate_followup_identity_stage2_frames/summary.json",
    "second_stage_plan_summary": "/runs/h001_v3_fresh_validation_pair_objective_v4b_external_candidate_detector_v1/external_candidate_followup_identity_stage2_plan/external_candidate_second_stage_identity_summary.json"
  },
  "schema_version": "h001.external_candidate_followup_v2_stage2_validation.v1",
  "second_stage": {
    "detector": {
      "association_rows": 151,
      "rows": 6,
      "rows_with_candidate_association_rate": 1.0,
      "rows_with_detector_box_rate": 1.0,
      "rows_with_sam2_mask_rate": 1.0,
      "uses_gt_for_action": false
    },
    "evidence": {
      "action_counts": {
        "second_stage_identity_v1_request_further_identity_confirmation": 3
      },
      "association_rows": 151,
      "frame_rows": 6,
      "gate": {
        "candidate_association_rate_diagnostic": 1.0,
        "commit_rate": 0.0,
        "detector_box_rate": 1.0,
        "max_no_valid_commit_rate": 0.0,
        "max_visit_position_only_commit_rate": 0.0,
        "max_wrong_goal_commit_rate": 0.0,
        "min_commit_rate": 0.15,
        "min_detector_box_rate": 0.8,
        "min_sam2_mask_rate": 0.8,
        "min_second_stage_evidence_available_rate": 0.5,
        "min_second_stage_positive_evidence_rate": 0.3,
        "min_second_stage_strong_depth_evidence_rate": 0.2,
        "min_success_commit_rate": 0.15,
        "no_valid_commit_rate": 0.0,
        "passes_second_stage_identity_detector_substrate_gate_v1": true,
        "passes_second_stage_identity_full_gate_v1": false,
        "passes_second_stage_identity_safety_gate_v1": true,
        "passes_second_stage_identity_schema_gate_v1": true,
        "request_further_identity_confirmation_rate": 1.0,
        "sam2_mask_rate": 1.0,
        "second_stage_evidence_available_rate": 1.0,
        "second_stage_positive_evidence_rate": 1.0,
        "second_stage_strong_depth_evidence_rate": 1.0,
        "success_commit_rate": 0.0,
        "visit_position_only_commit_rate": 0.0,
        "wrong_goal_commit_rate": 0.0,
        "wrong_goal_commit_rate_on_commits": null
      },
      "plan_rows": 6,
      "reason_counts": {
        "request_further_identity_confirmation_rival_supported": 2,
        "request_further_identity_confirmation_selected_not_strong_in_own_view": 1
      },
      "schema_version": "h001.external_candidate_second_stage_identity_evidence.v1",
      "source_request_rows": 3,
      "source_rows_analyzed": 3
    },
    "frames": {
      "rendered_heading_count": 65,
      "rows_exported": 6,
      "uses_gt_for_action": false
    },
    "plan": {
      "plan_rows": 6,
      "request_rows": 3,
      "role_counts": {
        "rival_1_standoff": 3,
        "selected_standoff": 3
      },
      "skipped_rows": 0,
      "viewpoint_source_counts": {
        "standoff_navmesh": 6
      }
    }
  },
  "uses_gt_for_action": false,
  "uses_gt_for_analysis": true
}
{
  "candidate_artifact": "/tmp/research3-runs/h001_v3_fresh_validation_artifacts_spatial_nms_p97_k20_v1/all_scenes_aligned.jsonl",
  "external_evidence_v4_rows": "/tmp/research3-runs/h001_v3_fresh_validation_pair_objective_v4b_external_candidate_detector_v1/external_candidate_evidence_v4/external_candidate_evidence_v4_rows.jsonl",
  "external_out": "/tmp/research3-runs/h001_v3_fresh_validation_pair_objective_v4b_external_candidate_detector_v1",
  "first_eval_rerun_blocked": true,
  "followup_action_counts": {
    "expanded_retrieval": 36,
    "identity_confirmation": 3
  },
  "followup_detector_out": "/tmp/research3-runs/h001_v3_fresh_validation_pair_objective_v4b_external_candidate_detector_v1/external_candidate_followup_detector",
  "followup_detector_summary": {
    "rows": 39,
    "rows_with_candidate_association_rate": 0.358974358974359,
    "rows_with_detector_box_rate": 1.0,
    "rows_with_sam2_mask_rate": 1.0
  },
  "followup_evidence_v2_out": "/tmp/research3-runs/h001_v3_fresh_validation_pair_objective_v4b_external_candidate_detector_v1/external_candidate_followup_evidence_v2",
  "followup_frame_rows_exported": 39,
  "followup_frames_out": "/tmp/research3-runs/h001_v3_fresh_validation_pair_objective_v4b_external_candidate_detector_v1/external_candidate_followup_frames",
  "followup_plan_out": "/tmp/research3-runs/h001_v3_fresh_validation_pair_objective_v4b_external_candidate_detector_v1/external_candidate_followup_plan",
  "followup_plan_rows": 39,
  "followup_rendered_heading_count": 438,
  "followup_source_action_counts": {
    "external_evidence_v4_commit_candidate": 1,
    "external_evidence_v4_request_expanded_retrieval": 6,
    "external_evidence_v4_request_identity_confirmation": 1
  },
  "followup_v2_action_counts": {
    "followup_evidence_v1_commit_expanded_candidate": 3,
    "followup_evidence_v1_defer": 1,
    "followup_evidence_v1_request_identity_confirmation": 3
  },
  "followup_v2_gate": {
    "candidate_association_rate_diagnostic": 0.358974358974359,
    "commit_rate": 0.42857142857142855,
    "detector_box_rate": 1.0,
    "followup_evidence_available_rate": 1.0,
    "followup_positive_evidence_rate": 1.0,
    "followup_strong_depth_evidence_rate": 1.0,
    "labeled_row_rate": 1.0,
    "max_no_valid_commit_rate": 0.1,
    "max_wrong_goal_commit_rate": 0.1,
    "min_commit_rate": 0.15,
    "min_detector_box_rate": 0.8,
    "min_followup_evidence_available_rate": 0.5,
    "min_followup_positive_evidence_rate": 0.3,
    "min_followup_strong_depth_evidence_rate": 0.2,
    "min_sam2_mask_rate": 0.8,
    "min_success_commit_rate": 0.15,
    "no_valid_commit_rate": 0.0,
    "passes_followup_detector_substrate_gate_v1": true,
    "passes_followup_evidence_full_gate_v1": false,
    "passes_followup_evidence_safety_gate_v1": false,
    "request_identity_confirmation_rate": 0.42857142857142855,
    "sam2_mask_rate": 1.0,
    "success_commit_rate": 0.0,
    "wrong_goal_commit_rate": 0.42857142857142855,
    "wrong_goal_commit_rate_on_commits": 1.0
  },
  "followup_v2_reason_counts": {
    "commit_expanded_candidate_after_followup": 3,
    "defer_identity_ambiguous_rival_supported": 1,
    "request_identity_confirmation_after_expanded_retrieval_multiple_strong": 3
  },
  "followup_v2_source_request_rows": 7,
  "followup_v2_source_rows_analyzed": 7,
  "integrated_gate": {
    "commit_rate": 0.42857142857142855,
    "max_no_valid_commit_rate": 0.0,
    "max_visit_position_only_commit_rate": 0.0,
    "max_wrong_goal_commit_rate": 0.0,
    "min_commit_rate": 0.15,
    "min_success_commit_rate": 0.15,
    "no_valid_commit_rate": 0.0,
    "passes_followup_v2_detector_substrate": true,
    "passes_followup_v2_full": false,
    "passes_followup_v2_safety": false,
    "passes_integrated_detector_substrate": true,
    "passes_integrated_full_gate": false,
    "passes_integrated_safety_gate": false,
    "passes_integrated_stage2_coverage": true,
    "passes_stage2_detector_substrate": true,
    "passes_stage2_full": false,
    "passes_stage2_safety": true,
    "passes_stage2_schema": true,
    "stage2_request_coverage_rate": 1.0,
    "success_commit_rate": 0.0,
    "visit_position_only_commit_rate": 0.0,
    "wrong_goal_commit_rate": 0.42857142857142855,
    "wrong_goal_commit_rate_on_commits": 1.0
  },
  "integrated_out": "/tmp/research3-runs/h001_v3_fresh_validation_pair_objective_v4b_external_candidate_detector_v1/external_candidate_followup_v2_stage2_validation",
  "object_node_features": "/tmp/research3-runs/h001_v3_fresh_validation_pair_objective_v4_revised_geometry_v1/association_recovery/candidate_object_node_features_after_second.jsonl",
  "schema_version": "h001.v3_fresh_external_candidate_followup_v2_stage2_job.v1",
  "stage2_action_counts": {
    "second_stage_identity_v1_request_further_identity_confirmation": 3
  },
  "stage2_detector_out": "/tmp/research3-runs/h001_v3_fresh_validation_pair_objective_v4b_external_candidate_detector_v1/external_candidate_followup_identity_stage2_detector",
  "stage2_detector_summary": {
    "rows": 6,
    "rows_with_candidate_association_rate": 1.0,
    "rows_with_detector_box_rate": 1.0,
    "rows_with_sam2_mask_rate": 1.0
  },
  "stage2_evidence_gate": {
    "candidate_association_rate_diagnostic": 1.0,
    "commit_rate": 0.0,
    "detector_box_rate": 1.0,
    "max_no_valid_commit_rate": 0.0,
    "max_visit_position_only_commit_rate": 0.0,
    "max_wrong_goal_commit_rate": 0.0,
    "min_commit_rate": 0.15,
    "min_detector_box_rate": 0.8,
    "min_sam2_mask_rate": 0.8,
    "min_second_stage_evidence_available_rate": 0.5,
    "min_second_stage_positive_evidence_rate": 0.3,
    "min_second_stage_strong_depth_evidence_rate": 0.2,
    "min_success_commit_rate": 0.15,
    "no_valid_commit_rate": 0.0,
    "passes_second_stage_identity_detector_substrate_gate_v1": true,
    "passes_second_stage_identity_full_gate_v1": false,
    "passes_second_stage_identity_safety_gate_v1": true,
    "passes_second_stage_identity_schema_gate_v1": true,
    "request_further_identity_confirmation_rate": 1.0,
    "sam2_mask_rate": 1.0,
    "second_stage_evidence_available_rate": 1.0,
    "second_stage_positive_evidence_rate": 1.0,
    "second_stage_strong_depth_evidence_rate": 1.0,
    "success_commit_rate": 0.0,
    "visit_position_only_commit_rate": 0.0,
    "wrong_goal_commit_rate": 0.0,
    "wrong_goal_commit_rate_on_commits": null
  },
  "stage2_evidence_out": "/tmp/research3-runs/h001_v3_fresh_validation_pair_objective_v4b_external_candidate_detector_v1/external_candidate_followup_identity_stage2_evidence",
  "stage2_frame_rows_exported": 6,
  "stage2_frames_out": "/tmp/research3-runs/h001_v3_fresh_validation_pair_objective_v4b_external_candidate_detector_v1/external_candidate_followup_identity_stage2_frames",
  "stage2_plan_out": "/tmp/research3-runs/h001_v3_fresh_validation_pair_objective_v4b_external_candidate_detector_v1/external_candidate_followup_identity_stage2_plan",
  "stage2_plan_rows": 6,
  "stage2_rendered_heading_count": 65,
  "stage2_request_rows": 3,
  "stage2_skipped_rows": 0,
  "terminal_action_counts": {
    "followup_evidence_v1_commit_expanded_candidate": 3,
    "followup_evidence_v1_defer": 1,
    "second_stage_identity_v1_request_further_identity_confirmation": 3
  },
  "uses_gt_for_action": false,
  "uses_gt_for_analysis": true
}
